Log file open, 07/14/17 18:52:19
LogInit:Display: Running engine for game: TB
LogPlatformFile: Not using cached read wrapper
LogInit:Display: RandInit(-2097787081) SRandInit(-2097787080).
LogTaskGraph: Started task graph with 5 named threads and 6 total threads with 1 sets of task threads.
LogStats: Stats thread started at 4.381200
LogInit: Using libcurl 7.47.1
LogInit:  - built for x86_64-pc-win32
LogInit:  - supports SSL with OpenSSL/1.0.2g
LogInit:  - supports HTTP deflate (compression) using libz 1.2.8
LogInit:  - other features:
LogInit:      CURL_VERSION_SSL
LogInit:      CURL_VERSION_LIBZ
LogInit:      CURL_VERSION_IPV6
LogInit:      CURL_VERSION_ASYNCHDNS
LogInit:      CURL_VERSION_LARGEFILE
LogInit:      CURL_VERSION_IDN
LogInit:  CurlRequestOptions (configurable via config and command line):
LogInit:  - bVerifyPeer = false  - Libcurl will NOT verify peer certificate
LogInit:  - bUseHttpProxy = false  - Libcurl will NOT use HTTP proxy
LogInit:  - bDontReuseConnections = false  - Libcurl will reuse connections
LogInit:  - CertBundlePath = nullptr  - Libcurl will use whatever was configured at build time.
LogInit: Build: ++UE4+Release-4.16-CL-3514769
LogInit: Engine Version: 4.16.2-3514769+++UE4+Release-4.16
LogInit: Compatible Engine Version: 4.16.0-3452394+++UE4+Release-4.16
LogInit: Net CL: 3452394
LogDevObjectVersion: Number of dev versions registered: 16
LogDevObjectVersion:   Dev-Blueprints (B0D832E4-1F89-4F0D-ACCF-7EB736FD4AA2): 9
LogDevObjectVersion:   Dev-Build (E1C64328-A22C-4D53-A36C-8E866417BD8C): 0
LogDevObjectVersion:   Dev-Core (375EC13C-06E4-48FB-B500-84F0262A717E): 2
LogDevObjectVersion:   Dev-Editor (E4B068ED-F494-42E9-A231-DA0B2E46BB41): 17
LogDevObjectVersion:   Dev-Framework (CFFC743F-43B0-4480-9391-14DF171D2073): 23
LogDevObjectVersion:   Dev-Mobile (B02B49B5-BB20-44E9-A304-32B752E40360): 0
LogDevObjectVersion:   Dev-Networking (A4E4105C-59A1-49B5-A7C5-40C4547EDFEE): 0
LogDevObjectVersion:   Dev-Online (39C831C9-5AE6-47DC-9A44-9C173E1C8E7C): 0
LogDevObjectVersion:   Dev-Physics (78F01B33-EBEA-4F98-B9B4-84EACCB95AA2): 0
LogDevObjectVersion:   Dev-Platform (6631380F-2D4D-43E0-8009-CF276956A95A): 0
LogDevObjectVersion:   Dev-Rendering (12F88B9F-8875-4AFC-A67C-D90C383ABD29): 15
LogDevObjectVersion:   Dev-Sequencer (7B5AE74C-D270-4C10-A958-57980B212A5A): 4
LogDevObjectVersion:   Dev-VR (D7296918-1DD6-4BDD-9DE2-64A83CC13884): 0
LogDevObjectVersion:   Dev-LoadTimes (C2A15278-BFE7-4AFE-6C17-90FF531DF755): 1
LogDevObjectVersion:   Private-Geometry (6EACA3D4-40EC-4CC1-B786-8BED09428FC5): 1
LogDevObjectVersion:   Dev-AnimPhys (29E575DD-E0A3-4627-9D10-D276232CDCEA): 3
LogInit: Compiled (64-bit): Jun 29 2017 02:03:24
LogInit: Compiled with Visual C++: 19.00.24215.01
LogInit: Build Configuration: Development
LogInit: Branch Name: ++UE4+Release-4.16
LogInit: Command line:  
LogInit: Base directory: D:/Epic Games/UE_4.16/Engine/Binaries/Win64/
LogInit: Installed Engine Build: 1
LogInit: Presizing for max 8388607 objects, including 0 objects not considered by GC, pre-allocating 0 bytes for permanent pool.
LogInit: Object subsystem initialized
[2017.07.14-15.52.21:071][  0]LogInit: Selected Device Profile: [Windows]
[2017.07.14-15.52.21:071][  0]LogInit: Applying CVar settings loaded from the selected device profile: [Windows]
[2017.07.14-15.52.21:218][  0]LogInit: Computer: DESKTOP-LUMPQHN
[2017.07.14-15.52.21:218][  0]LogInit: User: Takex
[2017.07.14-15.52.21:218][  0]LogInit: CPU Page size=4096, Cores=2
[2017.07.14-15.52.21:218][  0]LogInit: High frequency timer resolution =3.234376 MHz
[2017.07.14-15.52.21:226][  0]LogMemory: Memory total: Physical=8.0GB (8GB approx)
[2017.07.14-15.52.21:226][  0]LogMemory: Platform Memory Stats for Windows
[2017.07.14-15.52.21:226][  0]LogMemory: Process Physical Memory: 272.33 MB used, 272.33 MB peak
[2017.07.14-15.52.21:226][  0]LogMemory: Process Virtual Memory: 258.50 MB used, 258.50 MB peak
[2017.07.14-15.52.21:226][  0]LogMemory: Physical Memory: 4745.64 MB used,  3405.93 MB free, 8151.57 MB total
[2017.07.14-15.52.21:226][  0]LogMemory: Virtual Memory: 633.98 MB used,  3405.93 MB free, 134217728.00 MB total
[2017.07.14-15.52.23:072][  0]LogInit: Using OS detected language (ru-RU).
[2017.07.14-15.52.23:072][  0]LogInit: Using OS detected locale (ru-RU).
[2017.07.14-15.52.23:377][  0]LogTextLocalizationManager: No localization for 'ru-RU' exists, so 'en' will be used for the language.
[2017.07.14-15.52.23:377][  0]LogTextLocalizationManager: No localization for 'ru-RU' exists, so 'en' will be used for the locale.
[2017.07.14-15.52.29:378][  0]LogD3D11RHI: D3D11 adapters:
[2017.07.14-15.52.29:445][  0]LogD3D11RHI:    0. 'NVIDIA GeForce GT 730' (Feature Level 11_0)
[2017.07.14-15.52.29:445][  0]LogD3D11RHI:       995/0/4075 MB DedicatedVideo/DedicatedSystem/SharedSystem, Outputs:1, VendorId:0x10de
[2017.07.14-15.52.29:446][  0]LogD3D11RHI:    1. 'Microsoft Basic Render Driver' (Feature Level 11_0)
[2017.07.14-15.52.29:446][  0]LogD3D11RHI:       0/0/4075 MB DedicatedVideo/DedicatedSystem/SharedSystem, Outputs:0, VendorId:0x1414
[2017.07.14-15.52.29:446][  0]LogD3D11RHI: Chosen D3D11 Adapter: 0
[2017.07.14-15.52.29:496][  0]LogD3D11RHI: Creating new Direct3DDevice
[2017.07.14-15.52.29:496][  0]LogD3D11RHI:     GPU DeviceId: 0x1287 (for the marketing name, search the web for "GPU Device Id")
[2017.07.14-15.52.29:496][  0]LogWindows: EnumDisplayDevices:
[2017.07.14-15.52.29:496][  0]LogWindows:    0. 'NVIDIA GeForce GT 730' (P:1 D:1)
[2017.07.14-15.52.29:496][  0]LogWindows:    1. 'NVIDIA GeForce GT 730' (P:0 D:0)
[2017.07.14-15.52.29:496][  0]LogWindows:    2. 'NVIDIA GeForce GT 730' (P:0 D:0)
[2017.07.14-15.52.29:496][  0]LogWindows: DebugString: FoundDriverCount:3 
[2017.07.14-15.52.29:496][  0]LogD3D11RHI:     Adapter Name: NVIDIA GeForce GT 730
[2017.07.14-15.52.29:496][  0]LogD3D11RHI:   Driver Version: 382.05 (internal:22.21.13.8205, unified:382.05)
[2017.07.14-15.52.29:496][  0]LogD3D11RHI:      Driver Date: 5-1-2017
[2017.07.14-15.52.29:497][  0]LogRHI: Texture pool is 696 MB (70% of 995 MB)
[2017.07.14-15.52.29:549][  0]LogD3D11RHI: Async texture creation enabled
[2017.07.14-15.52.30:082][  0]LogD3D11RHI: GPU Timing Frequency: 1000.000000 (Debug: 2 2)
[2017.07.14-15.52.30:250][  0]LogShaderCompilers: Guid format shader working directory is -25 characters bigger than the processId version (C:/Users/Takex/OneDrive/Документы/GitHub/Tower-Battle/UnrealProject/TB/Intermediate/Shaders/WorkingDirectory/13248/).
[2017.07.14-15.52.30:250][  0]LogShaderCompilers: Cleaned the shader compiler working directory 'C:/Users/Takex/AppData/Local/Temp/UnrealShaderWorkingDir/DB7BAE28468B2B6E7435748D1448892E/'.
[2017.07.14-15.52.30:263][  0]LogShaderCompilers:Display: Using Local Shader Compiler.
[2017.07.14-15.52.37:162][  0]LogTemp:Display: Loaded TP AllDesktopTargetPlatform
[2017.07.14-15.52.37:258][  0]LogTemp:Display: Loaded TP MacClientTargetPlatform
[2017.07.14-15.52.37:383][  0]LogTemp:Display: Loaded TP MacNoEditorTargetPlatform
[2017.07.14-15.52.37:498][  0]LogTemp:Display: Loaded TP MacServerTargetPlatform
[2017.07.14-15.52.37:613][  0]LogTemp:Display: Loaded TP MacTargetPlatform
[2017.07.14-15.52.37:689][  0]LogTemp:Display: Loaded TP WindowsClientTargetPlatform
[2017.07.14-15.52.37:784][  0]LogTemp:Display: Loaded TP WindowsNoEditorTargetPlatform
[2017.07.14-15.52.37:885][  0]LogTemp:Display: Loaded TP WindowsServerTargetPlatform
[2017.07.14-15.52.37:958][  0]LogTemp:Display: Loaded TP WindowsTargetPlatform
[2017.07.14-15.52.38:034][  0]LogTemp:Display: Loaded TP AndroidTargetPlatform
[2017.07.14-15.52.38:089][  0]LogTemp:Display: Loaded TP Android_ASTCTargetPlatform
[2017.07.14-15.52.38:154][  0]LogTemp:Display: Loaded TP Android_ATCTargetPlatform
[2017.07.14-15.52.38:233][  0]LogTemp:Display: Loaded TP Android_DXTTargetPlatform
[2017.07.14-15.52.38:319][  0]LogTemp:Display: Loaded TP Android_ETC1TargetPlatform
[2017.07.14-15.52.38:397][  0]LogTemp:Display: Loaded TP Android_ETC2TargetPlatform
[2017.07.14-15.52.38:615][  0]LogTemp:Display: Loaded TP Android_MultiTargetPlatform
[2017.07.14-15.52.38:615][  0]LogTemp:Display: Loaded TP Android_PVRTCTargetPlatform
[2017.07.14-15.52.38:664][  0]LogTemp:Display: Loaded TP HTML5TargetPlatform
[2017.07.14-15.52.38:853][  0]LogTemp:Display: Loaded TP IOSTargetPlatform
[2017.07.14-15.52.38:884][  0]LogTemp:Display: Loaded TP TVOSTargetPlatform
[2017.07.14-15.52.38:945][  0]LogTemp:Display: Loaded TP LinuxClientTargetPlatform
[2017.07.14-15.52.38:997][  0]LogTemp:Display: Loaded TP LinuxNoEditorTargetPlatform
[2017.07.14-15.52.39:043][  0]LogTemp:Display: Loaded TP LinuxServerTargetPlatform
[2017.07.14-15.52.39:106][  0]LogTemp:Display: Loaded TP LinuxTargetPlatform
[2017.07.14-15.52.39:106][  0]LogTargetPlatformManager:Display: Building Assets For Windows
[2017.07.14-15.52.40:969][  0]LogDerivedDataCache:Display: Max Cache Size: 512 MB
[2017.07.14-15.52.41:425][  0]LogDerivedDataCache: Loaded boot cache 0.45s 90MB C:/Users/Takex/AppData/Local/UnrealEngine/4.16/DerivedDataCache/Boot.ddc.
[2017.07.14-15.52.41:425][  0]LogDerivedDataCache:Display: Loaded Boot cache: C:/Users/Takex/AppData/Local/UnrealEngine/4.16/DerivedDataCache/Boot.ddc
[2017.07.14-15.52.41:425][  0]LogDerivedDataCache: FDerivedDataBackendGraph:  Pak pak cache file C:/Users/Takex/OneDrive/Документы/GitHub/Tower-Battle/UnrealProject/TB/DerivedDataCache/DDC.ddp not found, will not use a pak cache.
[2017.07.14-15.52.41:425][  0]LogDerivedDataCache: Unable to find inner node Pak for hierarchical cache Hierarchy.
[2017.07.14-15.52.41:425][  0]LogDerivedDataCache: FDerivedDataBackendGraph:  CompressedPak pak cache file C:/Users/Takex/OneDrive/Документы/GitHub/Tower-Battle/UnrealProject/TB/DerivedDataCache/Compressed.ddp not found, will not use a pak cache.
[2017.07.14-15.52.41:425][  0]LogDerivedDataCache: Unable to find inner node CompressedPak for hierarchical cache Hierarchy.
[2017.07.14-15.52.41:521][  0]LogDerivedDataCache:Display: Pak cache opened for reading ../../../Engine/DerivedDataCache/Compressed.ddp.
[2017.07.14-15.52.41:534][  0]LogDerivedDataCache: Using Local data cache path C:/Users/Takex/AppData/Local/UnrealEngine/Common/DerivedDataCache: Writable
[2017.07.14-15.52.41:635][  0]LogMaterial: Verifying Global Shaders for PCD3D_SM5
[2017.07.14-15.52.41:746][  0]LogSlate: Using Freetype 2.6.0
[2017.07.14-15.52.41:890][  0]LogSlate: SlateFontCache - WITH_FREETYPE: 1, WITH_HARFBUZZ: 1
[2017.07.14-15.52.41:890][  0]LogSlate: SlateFontCache - WITH_FREETYPE: 1, WITH_HARFBUZZ: 1
[2017.07.14-15.52.57:938][  0]LogInit: Selected Device Profile: [Windows]
[2017.07.14-15.52.59:870][  0]LogContentStreaming: Texture pool size is 0.00 MB
[2017.07.14-15.53.00:916][  0]LogMeshUtilities: Using QuadricMeshReduction for automatic static mesh reduction
[2017.07.14-15.53.01:109][  0]LogSimplygon: Simplygon DLL not present - disabling.
[2017.07.14-15.53.01:186][  0]LogMeshUtilities: Using SimplygonSwarm for distributed automatic mesh merging
[2017.07.14-15.53.01:186][  0]LogMeshUtilities: No automatic skeletal mesh reduction module available
[2017.07.14-15.53.01:186][  0]LogMeshUtilities: No automatic mesh merging module available
[2017.07.14-15.53.10:074][  0]LogNetVersion: TB , NetCL: 3452394, EngineNetVer: 2, GameNetVer: 0 (Checksum: 2755021592)
[2017.07.14-15.53.10:710][  0]LogAssetRegistry: FAssetRegistry took 0.0646 seconds to start up
[2017.07.14-15.53.10:923][  0]LogPackageLocalizationCache: Processed 4 localized package path(s) for 1 prioritized culture(s) in 0.117727 seconds
[2017.07.14-15.53.11:004][  0]LogUObjectArray: 34194 objects as part of root set at end of initial load.
[2017.07.14-15.53.11:004][  0]LogUObjectAllocator: 7260424 out of 0 bytes used by permanent object pool.
[2017.07.14-15.53.11:004][  0]LogUObjectArray: CloseDisregardForGC: 0/0 objects in disregard for GC pool
[2017.07.14-15.53.11:149][  0]LogInit: WinSock: version 1.1 (2.2), MaxSocks=32767, MaxUdp=65467
[2017.07.14-15.53.46:712][  0]LogTcpMessaging: Initializing TcpMessaging bridge
[2017.07.14-15.53.46:770][  0]LogUdpMessaging: Initializing bridge on interface 0.0.0.0:0 to multicast group 230.0.0.1:6666.
[2017.07.14-15.53.48:997][  0]LogMaterial: Uniform references updated for custom material expression Custom.
[2017.07.14-15.53.50:529][  0]SourceControl: Info Source control is disabled
[2017.07.14-15.53.50:541][  0]SourceControl: Info Source control is disabled
[2017.07.14-15.53.50:675][  0]SourceControl: Info Source control is disabled
[2017.07.14-15.53.50:782][  0]SourceControl: Info Source control is disabled
[2017.07.14-15.53.52:375][  0]LogAndroidPermission: UAndroidPermissionCallbackProxy::GetInstance
[2017.07.14-15.53.54:083][  0]LogEngine: Initializing Engine...
[2017.07.14-15.53.54:160][  0]LogHMD: Failed to initialize OpenVR with code 110
[2017.07.14-15.53.55:359][  0]LogStats: UGameplayTagsManager::ConstructGameplayTagTree: Construct from data asset -  0.000 s
[2017.07.14-15.53.55:367][  0]LogStats: UGameplayTagsManager::ConstructGameplayTagTree: GameplayTagTreeChangedEvent.Broadcast -  0.007 s
[2017.07.14-15.53.56:347][  0]LogAIModule: Creating AISystem for world Untitled
[2017.07.14-15.53.56:699][  0]LogInit: XAudio2 using 'Динамики (Realtek High Definition Audio)' : 2 channels at 48 kHz using 32 bits per sample (channel mask 0x3)
[2017.07.14-15.53.56:718][  0]LogInit: FAudioDevice initialized.
[2017.07.14-15.53.56:786][  0]LogDerivedDataCache: Saved boot cache 0.05s 90MB C:/Users/Takex/AppData/Local/UnrealEngine/4.16/DerivedDataCache/Boot.ddc.
[2017.07.14-15.53.56:798][  0]LogInit: Texture streaming: Enabled
[2017.07.14-15.53.57:059][  0]LogEngineSessionManager: EngineSessionManager initialized
[2017.07.14-15.53.57:935][  0]LogInit: Transaction tracking system initialized
[2017.07.14-15.53.58:624][  0]BlueprintLog: New page: Editor Load
[2017.07.14-15.54.00:905][  0]LocalizationService: Info Localization service is disabled
[2017.07.14-15.54.02:529][  0]LogConsoleResponse:Display: 
[2017.07.14-15.54.05:874][  0]LogFileCache: Scanning file cache for directory 'C:/Users/Takex/OneDrive/Документы/GitHub/Tower-Battle/UnrealProject/TB/Content/' took 0.05s
[2017.07.14-15.54.05:874][  0]LogCook:Display: Max memory allowance for cook 16384mb min free memory 0mb
[2017.07.14-15.54.05:880][  0]LogCook:Display: Mobile HDR setting 1
[2017.07.14-15.54.09:508][  0]SourceControl: Info Source control is disabled
[2017.07.14-15.54.09:583][  0]Cmd: MAP LOAD FILE="C:/Users/Takex/OneDrive/Документы/GitHub/Tower-Battle/UnrealProject/TB/Content/Level/BattleMap.umap" TEMPLATE=0 SHOWPROGRESS=1 FEATURELEVEL=3
[2017.07.14-15.54.09:592][  0]LightingResults: New page: Lighting Build
[2017.07.14-15.54.09:953][  0]MapCheck: New page: Map Check
[2017.07.14-15.54.09:953][  0]LightingResults: New page: Lighting Build
[2017.07.14-15.54.13:441][  0]LogAIModule: Creating AISystem for world BattleMap
[2017.07.14-15.54.14:160][  0]LogEditorServer: Finished looking for orphan Actors (0.000 secs)
[2017.07.14-15.54.14:334][  0]Cmd: MAP CHECKDEP NOCLEARLOG
[2017.07.14-15.54.14:384][  0]MapCheck: Info Map check complete: 0 Error(s), 0 Warning(s), took 50.758ms to complete.
[2017.07.14-15.54.14:396][  0]LogFileHelpers: Loading map 'BattleMap' took 4.857
[2017.07.14-15.54.16:508][  0]LogCollectionManager: Loaded 0 collections in 0.001547 seconds
[2017.07.14-15.54.16:745][  0]LogFileCache: Scanning file cache for directory 'C:/Users/Takex/OneDrive/Документы/GitHub/Tower-Battle/UnrealProject/TB/Saved/Collections/' took 0.01s
[2017.07.14-15.54.16:745][  0]LogFileCache: Scanning file cache for directory 'C:/Users/Takex/OneDrive/Документы/GitHub/Tower-Battle/UnrealProject/TB/Content/Developers/Takex/Collections/' took 0.01s
[2017.07.14-15.54.16:745][  0]LogFileCache: Scanning file cache for directory 'C:/Users/Takex/OneDrive/Документы/GitHub/Tower-Battle/UnrealProject/TB/Content/Collections/' took 0.00s
[2017.07.14-15.54.16:745][  0]LogCollectionManager: Rebuilt the GUID cache for 0 collections in 0.000002 seconds
[2017.07.14-15.54.16:769][  0]LogContentBrowser: Native class hierarchy populated in 0.0115 seconds. Added 2329 classes and 491 folders.
[2017.07.14-15.54.16:986][  0]LogContentBrowser: Native class hierarchy updated for 'WidgetCarousel' in 0.0005 seconds. Added 0 classes and 0 folders.
[2017.07.14-15.54.18:339][  0]LogContentBrowser: Native class hierarchy updated for 'AddContentDialog' in 0.0005 seconds. Added 0 classes and 0 folders.
[2017.07.14-15.54.18:456][  0]LogContentBrowser: Native class hierarchy updated for 'SceneOutliner' in 0.0015 seconds. Added 1 classes and 2 folders.
[2017.07.14-15.54.19:786][  0]LogCrashTracker: Crashtracker disabled due to settings.
[2017.07.14-15.54.19:994][  0]LogSlate: Took 0.013155 seconds to synchronously load lazily loaded font '../../../Engine/Content/Slate/Fonts/Roboto-Regular.ttf' (155K)
[2017.07.14-15.54.20:039][  0]LogSlate: Took 0.021123 seconds to synchronously load lazily loaded font '../../../Engine/Content/Slate/Fonts/Roboto-Bold.ttf' (160K)
[2017.07.14-15.54.20:080][  0]LogSlate: Took 0.024784 seconds to synchronously load lazily loaded font '../../../Engine/Content/Editor/Slate/Fonts/FontAwesome.ttf' (139K)
[2017.07.14-15.54.20:632][  0]LogRenderer: Reallocating scene render targets to support 1336x552 NumSamples 1 (Frame:1).
[2017.07.14-15.54.21:466][  0]LogUObjectGlobals:Warning: Failed to find object 'Class None.'
[2017.07.14-15.54.21:607][  0]LogContentBrowser: Native class hierarchy updated for 'HierarchicalLODOutliner' in 0.0008 seconds. Added 1 classes and 2 folders.
[2017.07.14-15.54.21:608][  0]LogLoad: (Engine Initialization) Total time: 137.26 seconds
[2017.07.14-15.54.21:608][  0]LogLoad: (Engine Initialization) Total Blueprint compile time: 1.35 seconds
[2017.07.14-15.54.21:608][  0]LogExternalProfiler: No external profilers were discovered.  External profiling features will not be available.
[2017.07.14-15.54.22:084][  0]LogOcInput: OculusInput pre-init called
[2017.07.14-15.54.22:107][  0]LogHMD: Starting GearVRController plugin
[2017.07.14-15.54.22:343][  0]LogContentStreaming: Texture pool size now 1000 MB
[2017.07.14-15.54.22:569][  0]LogRenderer: Reallocating scene render targets to support 1336x564 NumSamples 1 (Frame:2).
[2017.07.14-15.54.22:865][  1]LogSlate: Took 0.021826 seconds to synchronously load lazily loaded font '../../../Engine/Content/Slate/Fonts/Roboto-Light.ttf' (159K)
[2017.07.14-15.54.23:088][  2]LogAssetRegistry: Asset discovery search completed in 72.4240 seconds
[2017.07.14-15.54.23:091][  2]LogCollectionManager: Rebuilt the object cache for 0 collections in 0.000000 seconds (found 0 objects)
[2017.07.14-15.54.23:091][  2]LogCollectionManager: Fixed up redirectors for 0 collections in 0.000041 seconds (updated 0 objects)
[2017.07.14-15.54.23:178][  2]LogSlate: Took 0.000208 seconds to synchronously load lazily loaded font '../../../Engine/Content/Slate/Fonts/Roboto-Light.ttf' (159K)
[2017.07.14-15.54.51:503][311]LogTemp: Repeting last play command: Selected Viewport
[2017.07.14-15.54.51:574][311]LogPlayLevel: PlayLevel: No blueprints needed recompiling
[2017.07.14-15.54.51:661][311]PIE: New page: PIE session: BattleMap (Jul 14, 2017, 9:54:51 PM)
[2017.07.14-15.54.51:661][311]LogPlayLevel: Creating play world package: /Game/Level/UEDPIE_0_BattleMap
[2017.07.14-15.54.51:671][311]LogPlayLevel: PIE: StaticDuplicateObject took: (0.009826s)
[2017.07.14-15.54.51:672][311]LogAIModule: Creating AISystem for world BattleMap
[2017.07.14-15.54.51:672][311]LogPlayLevel: PIE: World Init took: (0.001470s)
[2017.07.14-15.54.51:672][311]LogPlayLevel: PIE: Created PIE world by copying editor world from /Game/Level/BattleMap.BattleMap to /Game/Level/UEDPIE_0_BattleMap.BattleMap (0.011513s)
[2017.07.14-15.54.51:727][311]LogInit: XAudio2 using 'Динамики (Realtek High Definition Audio)' : 2 channels at 48 kHz using 32 bits per sample (channel mask 0x3)
[2017.07.14-15.54.51:739][311]LogInit: FAudioDevice initialized.
[2017.07.14-15.54.51:790][311]LogLoad: Game class is 'BattleGameMode_C'
[2017.07.14-15.54.51:881][311]LogWorld: Bringing World /Game/Level/UEDPIE_0_BattleMap.BattleMap up for play (max tick rate 0) at 2017.07.14-18.54.51
[2017.07.14-15.54.51:967][311]LogWorld: Bringing up level for play took: 0.088125
[2017.07.14-15.54.52:255][311]LogContentBrowser: Native class hierarchy updated for 'MovieSceneCapture' in 0.0006 seconds. Added 11 classes and 0 folders.
[2017.07.14-15.54.52:393][311]PIE: Info Play in editor start time for /Game/Level/UEDPIE_0_BattleMap 0.231
[2017.07.14-15.54.53:124][357]LogBlueprintUserMessages: [BP_Player2] HIT!
[2017.07.14-15.54.54:118][441]LogScriptCore:Warning: Script Msg: Attempted to access index 1 from array SpawnItems of length 1!
[2017.07.14-15.54.54:130][441]LogScript:Warning: Accessed None trying to read property CallFunc_Array_Get_Item4
	BP_Player_C /Game/Level/UEDPIE_0_BattleMap.BattleMap:PersistentLevel.BP_Player_97
	Function /Game/BP/BP_Player.BP_Player_C:UpdateItemIcon:031A
[2017.07.14-15.54.54:130][441]PIE:Error: Error Blueprint Runtime Error: Accessed None trying to read property CallFunc_Array_Get_Item4 from function: 'UpdateItemIcon' from node: Set Image1_2 in graph: UpdateItemIcon in object: BP_Player with description: Accessed None trying to read property CallFunc_Array_Get_Item4
[2017.07.14-15.54.54:130][441]LogScriptCore:Warning: Script Msg: Attempted to access index 2 from array SpawnItems of length 1!
[2017.07.14-15.54.54:130][441]LogScript:Warning: Accessed None trying to read property CallFunc_Array_Get_Item3
	BP_Player_C /Game/Level/UEDPIE_0_BattleMap.BattleMap:PersistentLevel.BP_Player_97
	Function /Game/BP/BP_Player.BP_Player_C:UpdateItemIcon:04CA
[2017.07.14-15.54.54:130][441]PIE:Error: Error Blueprint Runtime Error: Accessed None trying to read property CallFunc_Array_Get_Item3 from function: 'UpdateItemIcon' from node: Set Image1_3 in graph: UpdateItemIcon in object: BP_Player with description: Accessed None trying to read property CallFunc_Array_Get_Item3
[2017.07.14-15.54.54:130][441]LogScriptCore:Warning: Script Msg: Attempted to access index 3 from array SpawnItems of length 1!
[2017.07.14-15.54.54:130][441]LogScript:Warning: Accessed None trying to read property CallFunc_Array_Get_Item2
	BP_Player_C /Game/Level/UEDPIE_0_BattleMap.BattleMap:PersistentLevel.BP_Player_97
	Function /Game/BP/BP_Player.BP_Player_C:UpdateItemIcon:067A
[2017.07.14-15.54.54:130][441]PIE:Error: Error Blueprint Runtime Error: Accessed None trying to read property CallFunc_Array_Get_Item2 from function: 'UpdateItemIcon' from node: Set Image1_4 in graph: UpdateItemIcon in object: BP_Player with description: Accessed None trying to read property CallFunc_Array_Get_Item2
[2017.07.14-15.54.54:130][441]LogScriptCore:Warning: Script Msg: Attempted to access index 4 from array SpawnItems of length 1!
[2017.07.14-15.54.54:130][441]LogScript:Warning: Accessed None trying to read property CallFunc_Array_Get_Item
	BP_Player_C /Game/Level/UEDPIE_0_BattleMap.BattleMap:PersistentLevel.BP_Player_97
	Function /Game/BP/BP_Player.BP_Player_C:UpdateItemIcon:082A
[2017.07.14-15.54.54:131][441]PIE:Error: Error Blueprint Runtime Error: Accessed None trying to read property CallFunc_Array_Get_Item from function: 'UpdateItemIcon' from node: Set Image1_5 in graph: UpdateItemIcon in object: BP_Player with description: Accessed None trying to read property CallFunc_Array_Get_Item
[2017.07.14-15.54.54:131][441]LogBlueprintUserMessages: [BP_Player_97] HIT!
[2017.07.14-15.54.55:113][529]LogBlueprintUserMessages: [BP_Player2] HIT!
[2017.07.14-15.54.56:123][617]LogScriptCore:Warning: Script Msg: Attempted to access index 1 from array SpawnItems of length 1!
[2017.07.14-15.54.56:123][617]LogScript:Warning: Accessed None trying to read property CallFunc_Array_Get_Item4
	BP_Player_C /Game/Level/UEDPIE_0_BattleMap.BattleMap:PersistentLevel.BP_Player_97
	Function /Game/BP/BP_Player.BP_Player_C:UpdateItemIcon:031A
[2017.07.14-15.54.56:123][617]PIE:Error: Error Blueprint Runtime Error: Accessed None trying to read property CallFunc_Array_Get_Item4 from function: 'UpdateItemIcon' from node: Set Image1_2 in graph: UpdateItemIcon in object: BP_Player with description: Accessed None trying to read property CallFunc_Array_Get_Item4
[2017.07.14-15.54.56:123][617]LogScriptCore:Warning: Script Msg: Attempted to access index 2 from array SpawnItems of length 1!
[2017.07.14-15.54.56:123][617]LogScript:Warning: Accessed None trying to read property CallFunc_Array_Get_Item3
	BP_Player_C /Game/Level/UEDPIE_0_BattleMap.BattleMap:PersistentLevel.BP_Player_97
	Function /Game/BP/BP_Player.BP_Player_C:UpdateItemIcon:04CA
[2017.07.14-15.54.56:123][617]PIE:Error: Error Blueprint Runtime Error: Accessed None trying to read property CallFunc_Array_Get_Item3 from function: 'UpdateItemIcon' from node: Set Image1_3 in graph: UpdateItemIcon in object: BP_Player with description: Accessed None trying to read property CallFunc_Array_Get_Item3
[2017.07.14-15.54.56:123][617]LogScriptCore:Warning: Script Msg: Attempted to access index 3 from array SpawnItems of length 1!
[2017.07.14-15.54.56:123][617]LogScript:Warning: Accessed None trying to read property CallFunc_Array_Get_Item2
	BP_Player_C /Game/Level/UEDPIE_0_BattleMap.BattleMap:PersistentLevel.BP_Player_97
	Function /Game/BP/BP_Player.BP_Player_C:UpdateItemIcon:067A
[2017.07.14-15.54.56:123][617]PIE:Error: Error Blueprint Runtime Error: Accessed None trying to read property CallFunc_Array_Get_Item2 from function: 'UpdateItemIcon' from node: Set Image1_4 in graph: UpdateItemIcon in object: BP_Player with description: Accessed None trying to read property CallFunc_Array_Get_Item2
[2017.07.14-15.54.56:123][617]LogScriptCore:Warning: Script Msg: Attempted to access index 4 from array SpawnItems of length 1!
[2017.07.14-15.54.56:123][617]LogScript:Warning: Accessed None trying to read property CallFunc_Array_Get_Item
	BP_Player_C /Game/Level/UEDPIE_0_BattleMap.BattleMap:PersistentLevel.BP_Player_97
	Function /Game/BP/BP_Player.BP_Player_C:UpdateItemIcon:082A
[2017.07.14-15.54.56:123][617]PIE:Error: Error Blueprint Runtime Error: Accessed None trying to read property CallFunc_Array_Get_Item from function: 'UpdateItemIcon' from node: Set Image1_5 in graph: UpdateItemIcon in object: BP_Player with description: Accessed None trying to read property CallFunc_Array_Get_Item
[2017.07.14-15.54.56:123][617]LogBlueprintUserMessages: [BP_Player_97] HIT!
[2017.07.14-15.54.57:110][702]LogBlueprintUserMessages: [BP_Player2] HIT!
[2017.07.14-15.54.58:116][793]LogScriptCore:Warning: Script Msg: Attempted to access index 1 from array SpawnItems of length 1!
[2017.07.14-15.54.58:116][793]LogScript:Warning: Accessed None trying to read property CallFunc_Array_Get_Item4
	BP_Player_C /Game/Level/UEDPIE_0_BattleMap.BattleMap:PersistentLevel.BP_Player_97
	Function /Game/BP/BP_Player.BP_Player_C:UpdateItemIcon:031A
[2017.07.14-15.54.58:116][793]PIE:Error: Error Blueprint Runtime Error: Accessed None trying to read property CallFunc_Array_Get_Item4 from function: 'UpdateItemIcon' from node: Set Image1_2 in graph: UpdateItemIcon in object: BP_Player with description: Accessed None trying to read property CallFunc_Array_Get_Item4
[2017.07.14-15.54.58:116][793]LogScriptCore:Warning: Script Msg: Attempted to access index 2 from array SpawnItems of length 1!
[2017.07.14-15.54.58:116][793]LogScript:Warning: Accessed None trying to read property CallFunc_Array_Get_Item3
	BP_Player_C /Game/Level/UEDPIE_0_BattleMap.BattleMap:PersistentLevel.BP_Player_97
	Function /Game/BP/BP_Player.BP_Player_C:UpdateItemIcon:04CA
[2017.07.14-15.54.58:116][793]PIE:Error: Error Blueprint Runtime Error: Accessed None trying to read property CallFunc_Array_Get_Item3 from function: 'UpdateItemIcon' from node: Set Image1_3 in graph: UpdateItemIcon in object: BP_Player with description: Accessed None trying to read property CallFunc_Array_Get_Item3
[2017.07.14-15.54.58:116][793]LogScriptCore:Warning: Script Msg: Attempted to access index 3 from array SpawnItems of length 1!
[2017.07.14-15.54.58:116][793]LogScript:Warning: Accessed None trying to read property CallFunc_Array_Get_Item2
	BP_Player_C /Game/Level/UEDPIE_0_BattleMap.BattleMap:PersistentLevel.BP_Player_97
	Function /Game/BP/BP_Player.BP_Player_C:UpdateItemIcon:067A
[2017.07.14-15.54.58:116][793]PIE:Error: Error Blueprint Runtime Error: Accessed None trying to read property CallFunc_Array_Get_Item2 from function: 'UpdateItemIcon' from node: Set Image1_4 in graph: UpdateItemIcon in object: BP_Player with description: Accessed None trying to read property CallFunc_Array_Get_Item2
[2017.07.14-15.54.58:116][793]LogScriptCore:Warning: Script Msg: Attempted to access index 4 from array SpawnItems of length 1!
[2017.07.14-15.54.58:116][793]LogScript:Warning: Accessed None trying to read property CallFunc_Array_Get_Item
	BP_Player_C /Game/Level/UEDPIE_0_BattleMap.BattleMap:PersistentLevel.BP_Player_97
	Function /Game/BP/BP_Player.BP_Player_C:UpdateItemIcon:082A
[2017.07.14-15.54.58:116][793]PIE:Error: Error Blueprint Runtime Error: Accessed None trying to read property CallFunc_Array_Get_Item from function: 'UpdateItemIcon' from node: Set Image1_5 in graph: UpdateItemIcon in object: BP_Player with description: Accessed None trying to read property CallFunc_Array_Get_Item
[2017.07.14-15.54.58:116][793]LogBlueprintUserMessages: [BP_Player_97] HIT!
[2017.07.14-15.54.59:108][883]LogBlueprintUserMessages: [BP_Player2] HIT!
[2017.07.14-15.55.00:112][974]LogScriptCore:Warning: Script Msg: Attempted to access index 1 from array SpawnItems of length 1!
[2017.07.14-15.55.00:112][974]LogScript:Warning: Accessed None trying to read property CallFunc_Array_Get_Item4
	BP_Player_C /Game/Level/UEDPIE_0_BattleMap.BattleMap:PersistentLevel.BP_Player_97
	Function /Game/BP/BP_Player.BP_Player_C:UpdateItemIcon:031A
[2017.07.14-15.55.00:112][974]PIE:Error: Error Blueprint Runtime Error: Accessed None trying to read property CallFunc_Array_Get_Item4 from function: 'UpdateItemIcon' from node: Set Image1_2 in graph: UpdateItemIcon in object: BP_Player with description: Accessed None trying to read property CallFunc_Array_Get_Item4
[2017.07.14-15.55.00:112][974]LogScriptCore:Warning: Script Msg: Attempted to access index 2 from array SpawnItems of length 1!
[2017.07.14-15.55.00:112][974]LogScript:Warning: Accessed None trying to read property CallFunc_Array_Get_Item3
	BP_Player_C /Game/Level/UEDPIE_0_BattleMap.BattleMap:PersistentLevel.BP_Player_97
	Function /Game/BP/BP_Player.BP_Player_C:UpdateItemIcon:04CA
[2017.07.14-15.55.00:112][974]PIE:Error: Error Blueprint Runtime Error: Accessed None trying to read property CallFunc_Array_Get_Item3 from function: 'UpdateItemIcon' from node: Set Image1_3 in graph: UpdateItemIcon in object: BP_Player with description: Accessed None trying to read property CallFunc_Array_Get_Item3
[2017.07.14-15.55.00:112][974]LogScriptCore:Warning: Script Msg: Attempted to access index 3 from array SpawnItems of length 1!
[2017.07.14-15.55.00:112][974]LogScript:Warning: Accessed None trying to read property CallFunc_Array_Get_Item2
	BP_Player_C /Game/Level/UEDPIE_0_BattleMap.BattleMap:PersistentLevel.BP_Player_97
	Function /Game/BP/BP_Player.BP_Player_C:UpdateItemIcon:067A
[2017.07.14-15.55.00:112][974]PIE:Error: Error Blueprint Runtime Error: Accessed None trying to read property CallFunc_Array_Get_Item2 from function: 'UpdateItemIcon' from node: Set Image1_4 in graph: UpdateItemIcon in object: BP_Player with description: Accessed None trying to read property CallFunc_Array_Get_Item2
[2017.07.14-15.55.00:112][974]LogScriptCore:Warning: Script Msg: Attempted to access index 4 from array SpawnItems of length 1!
[2017.07.14-15.55.00:112][974]LogScript:Warning: Accessed None trying to read property CallFunc_Array_Get_Item
	BP_Player_C /Game/Level/UEDPIE_0_BattleMap.BattleMap:PersistentLevel.BP_Player_97
	Function /Game/BP/BP_Player.BP_Player_C:UpdateItemIcon:082A
[2017.07.14-15.55.00:112][974]PIE:Error: Error Blueprint Runtime Error: Accessed None trying to read property CallFunc_Array_Get_Item from function: 'UpdateItemIcon' from node: Set Image1_5 in graph: UpdateItemIcon in object: BP_Player with description: Accessed None trying to read property CallFunc_Array_Get_Item
[2017.07.14-15.55.00:112][974]LogBlueprintUserMessages: [BP_Player_97] HIT!
[2017.07.14-15.55.01:108][ 65]LogBlueprintUserMessages: [BP_Player2] HIT!
[2017.07.14-15.55.02:111][156]LogScriptCore:Warning: Script Msg: Attempted to access index 1 from array SpawnItems of length 1!
[2017.07.14-15.55.02:111][156]LogScript:Warning: Accessed None trying to read property CallFunc_Array_Get_Item4
	BP_Player_C /Game/Level/UEDPIE_0_BattleMap.BattleMap:PersistentLevel.BP_Player_97
	Function /Game/BP/BP_Player.BP_Player_C:UpdateItemIcon:031A
[2017.07.14-15.55.02:111][156]PIE:Error: Error Blueprint Runtime Error: Accessed None trying to read property CallFunc_Array_Get_Item4 from function: 'UpdateItemIcon' from node: Set Image1_2 in graph: UpdateItemIcon in object: BP_Player with description: Accessed None trying to read property CallFunc_Array_Get_Item4
[2017.07.14-15.55.02:111][156]LogScriptCore:Warning: Script Msg: Attempted to access index 2 from array SpawnItems of length 1!
[2017.07.14-15.55.02:111][156]PIE:Error: Error Blueprint Runtime Error: Accessed None trying to read property CallFunc_Array_Get_Item3 from function: 'UpdateItemIcon' from node: Set Image1_3 in graph: UpdateItemIcon in object: BP_Player with description: Accessed None trying to read property CallFunc_Array_Get_Item3
[2017.07.14-15.55.02:112][156]LogScriptCore:Warning: Script Msg: Attempted to access index 3 from array SpawnItems of length 1!
[2017.07.14-15.55.02:112][156]PIE:Error: Error Blueprint Runtime Error: Accessed None trying to read property CallFunc_Array_Get_Item2 from function: 'UpdateItemIcon' from node: Set Image1_4 in graph: UpdateItemIcon in object: BP_Player with description: Accessed None trying to read property CallFunc_Array_Get_Item2
[2017.07.14-15.55.02:112][156]LogScriptCore:Warning: Script Msg: Attempted to access index 4 from array SpawnItems of length 1!
[2017.07.14-15.55.02:112][156]PIE:Error: Error Blueprint Runtime Error: Accessed None trying to read property CallFunc_Array_Get_Item from function: 'UpdateItemIcon' from node: Set Image1_5 in graph: UpdateItemIcon in object: BP_Player with description: Accessed None trying to read property CallFunc_Array_Get_Item
[2017.07.14-15.55.02:112][156]LogBlueprintUserMessages: [BP_Player_97] HIT!
[2017.07.14-15.55.13:147][853]LogSlate: Took 0.000160 seconds to synchronously load lazily loaded font '../../../Engine/Content/Slate/Fonts/Roboto-Light.ttf' (159K)
[2017.07.14-15.55.14:306][853]LogContentBrowser: Native class hierarchy updated for 'BlueprintGraph' in 0.0008 seconds. Added 112 classes and 0 folders.
[2017.07.14-15.55.16:507][853]LogSlate: Took 0.021019 seconds to synchronously load lazily loaded font '../../../Engine/Content/Editor/Slate/Fonts/Roboto-BoldCondensed.ttf' (158K)
[2017.07.14-15.56.40:173][987]LogTemp: Repeting last play command: Selected Viewport
[2017.07.14-15.56.40:211][987]LogPlayLevel: PlayLevel: No blueprints needed recompiling
[2017.07.14-15.56.40:211][987]PIE: New page: PIE session: BattleMap (Jul 14, 2017, 9:56:40 PM)
[2017.07.14-15.56.40:211][987]LogPlayLevel: Creating play world package: /Game/Level/UEDPIE_0_BattleMap
[2017.07.14-15.56.40:214][987]LogPlayLevel: PIE: StaticDuplicateObject took: (0.003072s)
[2017.07.14-15.56.40:215][987]LogAIModule: Creating AISystem for world BattleMap
[2017.07.14-15.56.40:216][987]LogPlayLevel: PIE: World Init took: (0.001312s)
[2017.07.14-15.56.40:216][987]LogPlayLevel: PIE: Created PIE world by copying editor world from /Game/Level/BattleMap.BattleMap to /Game/Level/UEDPIE_0_BattleMap.BattleMap (0.004575s)
[2017.07.14-15.56.40:259][987]LogInit: XAudio2 using 'Динамики (Realtek High Definition Audio)' : 2 channels at 48 kHz using 32 bits per sample (channel mask 0x3)
[2017.07.14-15.56.40:270][987]LogInit: FAudioDevice initialized.
[2017.07.14-15.56.40:305][987]LogLoad: Game class is 'BattleGameMode_C'
[2017.07.14-15.56.40:308][987]LogWorld: Bringing World /Game/Level/UEDPIE_0_BattleMap.BattleMap up for play (max tick rate 0) at 2017.07.14-18.56.40
[2017.07.14-15.56.40:308][987]LogWorld: Bringing up level for play took: 0.001886
[2017.07.14-15.56.40:310][987]PIE: Info Play in editor start time for /Game/Level/UEDPIE_0_BattleMap 0.149
[2017.07.14-15.56.41:174][ 62]LogBlueprintUserMessages: [BP_Player2] HIT!
[2017.07.14-15.56.42:180][151]LogScriptCore:Warning: Script Msg: Attempted to access index 1 from array SpawnItems of length 1!
[2017.07.14-15.56.42:180][151]PIE:Error: Error Blueprint Runtime Error: Accessed None trying to read property CallFunc_Array_Get_Item4 from function: 'UpdateItemIcon' from node: Set Image1_2 in graph: UpdateItemIcon in object: BP_Player with description: Accessed None trying to read property CallFunc_Array_Get_Item4
[2017.07.14-15.56.42:180][151]LogScriptCore:Warning: Script Msg: Attempted to access index 2 from array SpawnItems of length 1!
[2017.07.14-15.56.42:180][151]PIE:Error: Error Blueprint Runtime Error: Accessed None trying to read property CallFunc_Array_Get_Item3 from function: 'UpdateItemIcon' from node: Set Image1_3 in graph: UpdateItemIcon in object: BP_Player with description: Accessed None trying to read property CallFunc_Array_Get_Item3
[2017.07.14-15.56.42:180][151]LogScriptCore:Warning: Script Msg: Attempted to access index 3 from array SpawnItems of length 1!
[2017.07.14-15.56.42:181][151]PIE:Error: Error Blueprint Runtime Error: Accessed None trying to read property CallFunc_Array_Get_Item2 from function: 'UpdateItemIcon' from node: Set Image1_4 in graph: UpdateItemIcon in object: BP_Player with description: Accessed None trying to read property CallFunc_Array_Get_Item2
[2017.07.14-15.56.42:181][151]LogScriptCore:Warning: Script Msg: Attempted to access index 4 from array SpawnItems of length 1!
[2017.07.14-15.56.42:181][151]PIE:Error: Error Blueprint Runtime Error: Accessed None trying to read property CallFunc_Array_Get_Item from function: 'UpdateItemIcon' from node: Set Image1_5 in graph: UpdateItemIcon in object: BP_Player with description: Accessed None trying to read property CallFunc_Array_Get_Item
[2017.07.14-15.56.42:181][151]LogBlueprintUserMessages: [BP_Player_97] HIT!
[2017.07.14-15.56.43:170][240]LogBlueprintUserMessages: [BP_Player2] HIT!
[2017.07.14-15.56.44:175][328]LogScriptCore:Warning: Script Msg: Attempted to access index 1 from array SpawnItems of length 1!
[2017.07.14-15.56.44:175][328]PIE:Error: Error Blueprint Runtime Error: Accessed None trying to read property CallFunc_Array_Get_Item4 from function: 'UpdateItemIcon' from node: Set Image1_2 in graph: UpdateItemIcon in object: BP_Player with description: Accessed None trying to read property CallFunc_Array_Get_Item4
[2017.07.14-15.56.44:175][328]LogScriptCore:Warning: Script Msg: Attempted to access index 2 from array SpawnItems of length 1!
[2017.07.14-15.56.44:175][328]PIE:Error: Error Blueprint Runtime Error: Accessed None trying to read property CallFunc_Array_Get_Item3 from function: 'UpdateItemIcon' from node: Set Image1_3 in graph: UpdateItemIcon in object: BP_Player with description: Accessed None trying to read property CallFunc_Array_Get_Item3
[2017.07.14-15.56.44:175][328]LogScriptCore:Warning: Script Msg: Attempted to access index 3 from array SpawnItems of length 1!
[2017.07.14-15.56.44:175][328]PIE:Error: Error Blueprint Runtime Error: Accessed None trying to read property CallFunc_Array_Get_Item2 from function: 'UpdateItemIcon' from node: Set Image1_4 in graph: UpdateItemIcon in object: BP_Player with description: Accessed None trying to read property CallFunc_Array_Get_Item2
[2017.07.14-15.56.44:175][328]LogScriptCore:Warning: Script Msg: Attempted to access index 4 from array SpawnItems of length 1!
[2017.07.14-15.56.44:175][328]PIE:Error: Error Blueprint Runtime Error: Accessed None trying to read property CallFunc_Array_Get_Item from function: 'UpdateItemIcon' from node: Set Image1_5 in graph: UpdateItemIcon in object: BP_Player with description: Accessed None trying to read property CallFunc_Array_Get_Item
[2017.07.14-15.56.44:175][328]LogBlueprintUserMessages: [BP_Player_97] HIT!
[2017.07.14-15.56.45:165][414]LogBlueprintUserMessages: [BP_Player2] HIT!
[2017.07.14-15.56.46:165][504]LogScriptCore:Warning: Script Msg: Attempted to access index 1 from array SpawnItems of length 1!
[2017.07.14-15.56.46:165][504]PIE:Error: Error Blueprint Runtime Error: Accessed None trying to read property CallFunc_Array_Get_Item4 from function: 'UpdateItemIcon' from node: Set Image1_2 in graph: UpdateItemIcon in object: BP_Player with description: Accessed None trying to read property CallFunc_Array_Get_Item4
[2017.07.14-15.56.46:165][504]LogScriptCore:Warning: Script Msg: Attempted to access index 2 from array SpawnItems of length 1!
[2017.07.14-15.56.46:165][504]PIE:Error: Error Blueprint Runtime Error: Accessed None trying to read property CallFunc_Array_Get_Item3 from function: 'UpdateItemIcon' from node: Set Image1_3 in graph: UpdateItemIcon in object: BP_Player with description: Accessed None trying to read property CallFunc_Array_Get_Item3
[2017.07.14-15.56.46:165][504]LogScriptCore:Warning: Script Msg: Attempted to access index 3 from array SpawnItems of length 1!
[2017.07.14-15.56.46:165][504]PIE:Error: Error Blueprint Runtime Error: Accessed None trying to read property CallFunc_Array_Get_Item2 from function: 'UpdateItemIcon' from node: Set Image1_4 in graph: UpdateItemIcon in object: BP_Player with description: Accessed None trying to read property CallFunc_Array_Get_Item2
[2017.07.14-15.56.46:165][504]LogScriptCore:Warning: Script Msg: Attempted to access index 4 from array SpawnItems of length 1!
[2017.07.14-15.56.46:165][504]PIE:Error: Error Blueprint Runtime Error: Accessed None trying to read property CallFunc_Array_Get_Item from function: 'UpdateItemIcon' from node: Set Image1_5 in graph: UpdateItemIcon in object: BP_Player with description: Accessed None trying to read property CallFunc_Array_Get_Item
[2017.07.14-15.56.46:165][504]LogBlueprintUserMessages: [BP_Player_97] HIT!
[2017.07.14-15.56.47:161][593]LogBlueprintUserMessages: [BP_Player2] HIT!
[2017.07.14-15.56.48:161][684]LogScriptCore:Warning: Script Msg: Attempted to access index 1 from array SpawnItems of length 1!
[2017.07.14-15.56.48:161][684]PIE:Error: Error Blueprint Runtime Error: Accessed None trying to read property CallFunc_Array_Get_Item4 from function: 'UpdateItemIcon' from node: Set Image1_2 in graph: UpdateItemIcon in object: BP_Player with description: Accessed None trying to read property CallFunc_Array_Get_Item4
[2017.07.14-15.56.48:161][684]LogScriptCore:Warning: Script Msg: Attempted to access index 2 from array SpawnItems of length 1!
[2017.07.14-15.56.48:161][684]PIE:Error: Error Blueprint Runtime Error: Accessed None trying to read property CallFunc_Array_Get_Item3 from function: 'UpdateItemIcon' from node: Set Image1_3 in graph: UpdateItemIcon in object: BP_Player with description: Accessed None trying to read property CallFunc_Array_Get_Item3
[2017.07.14-15.56.48:162][684]LogScriptCore:Warning: Script Msg: Attempted to access index 3 from array SpawnItems of length 1!
[2017.07.14-15.56.48:162][684]PIE:Error: Error Blueprint Runtime Error: Accessed None trying to read property CallFunc_Array_Get_Item2 from function: 'UpdateItemIcon' from node: Set Image1_4 in graph: UpdateItemIcon in object: BP_Player with description: Accessed None trying to read property CallFunc_Array_Get_Item2
[2017.07.14-15.56.48:162][684]LogScriptCore:Warning: Script Msg: Attempted to access index 4 from array SpawnItems of length 1!
[2017.07.14-15.56.48:162][684]PIE:Error: Error Blueprint Runtime Error: Accessed None trying to read property CallFunc_Array_Get_Item from function: 'UpdateItemIcon' from node: Set Image1_5 in graph: UpdateItemIcon in object: BP_Player with description: Accessed None trying to read property CallFunc_Array_Get_Item
[2017.07.14-15.56.48:162][684]LogBlueprintUserMessages: [BP_Player_97] HIT!
[2017.07.14-15.56.49:155][774]LogBlueprintUserMessages: [BP_Player2] HIT!
[2017.07.14-15.56.50:161][863]LogScriptCore:Warning: Script Msg: Attempted to access index 1 from array SpawnItems of length 1!
[2017.07.14-15.56.50:162][863]PIE:Error: Error Blueprint Runtime Error: Accessed None trying to read property CallFunc_Array_Get_Item4 from function: 'UpdateItemIcon' from node: Set Image1_2 in graph: UpdateItemIcon in object: BP_Player with description: Accessed None trying to read property CallFunc_Array_Get_Item4
[2017.07.14-15.56.50:162][863]LogScriptCore:Warning: Script Msg: Attempted to access index 2 from array SpawnItems of length 1!
[2017.07.14-15.56.50:162][863]PIE:Error: Error Blueprint Runtime Error: Accessed None trying to read property CallFunc_Array_Get_Item3 from function: 'UpdateItemIcon' from node: Set Image1_3 in graph: UpdateItemIcon in object: BP_Player with description: Accessed None trying to read property CallFunc_Array_Get_Item3
[2017.07.14-15.56.50:162][863]LogScriptCore:Warning: Script Msg: Attempted to access index 3 from array SpawnItems of length 1!
[2017.07.14-15.56.50:162][863]PIE:Error: Error Blueprint Runtime Error: Accessed None trying to read property CallFunc_Array_Get_Item2 from function: 'UpdateItemIcon' from node: Set Image1_4 in graph: UpdateItemIcon in object: BP_Player with description: Accessed None trying to read property CallFunc_Array_Get_Item2
[2017.07.14-15.56.50:162][863]LogScriptCore:Warning: Script Msg: Attempted to access index 4 from array SpawnItems of length 1!
[2017.07.14-15.56.50:162][863]PIE:Error: Error Blueprint Runtime Error: Accessed None trying to read property CallFunc_Array_Get_Item from function: 'UpdateItemIcon' from node: Set Image1_5 in graph: UpdateItemIcon in object: BP_Player with description: Accessed None trying to read property CallFunc_Array_Get_Item
[2017.07.14-15.56.50:162][863]LogBlueprintUserMessages: [BP_Player_97] HIT!
[2017.07.14-15.56.51:168][952]LogBlueprintUserMessages: [BP_Player2] HIT!
[2017.07.14-15.56.52:169][ 43]LogScriptCore:Warning: Script Msg: Attempted to access index 1 from array SpawnItems of length 1!
[2017.07.14-15.56.52:169][ 43]PIE:Error: Error Blueprint Runtime Error: Accessed None trying to read property CallFunc_Array_Get_Item4 from function: 'UpdateItemIcon' from node: Set Image1_2 in graph: UpdateItemIcon in object: BP_Player with description: Accessed None trying to read property CallFunc_Array_Get_Item4
[2017.07.14-15.56.52:169][ 43]LogScriptCore:Warning: Script Msg: Attempted to access index 2 from array SpawnItems of length 1!
[2017.07.14-15.56.52:169][ 43]PIE:Error: Error Blueprint Runtime Error: Accessed None trying to read property CallFunc_Array_Get_Item3 from function: 'UpdateItemIcon' from node: Set Image1_3 in graph: UpdateItemIcon in object: BP_Player with description: Accessed None trying to read property CallFunc_Array_Get_Item3
[2017.07.14-15.56.52:169][ 43]LogScriptCore:Warning: Script Msg: Attempted to access index 3 from array SpawnItems of length 1!
[2017.07.14-15.56.52:169][ 43]PIE:Error: Error Blueprint Runtime Error: Accessed None trying to read property CallFunc_Array_Get_Item2 from function: 'UpdateItemIcon' from node: Set Image1_4 in graph: UpdateItemIcon in object: BP_Player with description: Accessed None trying to read property CallFunc_Array_Get_Item2
[2017.07.14-15.56.52:169][ 43]LogScriptCore:Warning: Script Msg: Attempted to access index 4 from array SpawnItems of length 1!
[2017.07.14-15.56.52:169][ 43]PIE:Error: Error Blueprint Runtime Error: Accessed None trying to read property CallFunc_Array_Get_Item from function: 'UpdateItemIcon' from node: Set Image1_5 in graph: UpdateItemIcon in object: BP_Player with description: Accessed None trying to read property CallFunc_Array_Get_Item
[2017.07.14-15.56.52:169][ 43]LogBlueprintUserMessages: [BP_Player_97] HIT!
[2017.07.14-15.56.53:162][132]LogBlueprintUserMessages: [BP_Player2] HIT!
[2017.07.14-15.56.54:173][223]LogScriptCore:Warning: Script Msg: Attempted to access index 1 from array SpawnItems of length 1!
[2017.07.14-15.56.54:173][223]PIE:Error: Error Blueprint Runtime Error: Accessed None trying to read property CallFunc_Array_Get_Item4 from function: 'UpdateItemIcon' from node: Set Image1_2 in graph: UpdateItemIcon in object: BP_Player with description: Accessed None trying to read property CallFunc_Array_Get_Item4
[2017.07.14-15.56.54:173][223]LogScriptCore:Warning: Script Msg: Attempted to access index 2 from array SpawnItems of length 1!
[2017.07.14-15.56.54:173][223]PIE:Error: Error Blueprint Runtime Error: Accessed None trying to read property CallFunc_Array_Get_Item3 from function: 'UpdateItemIcon' from node: Set Image1_3 in graph: UpdateItemIcon in object: BP_Player with description: Accessed None trying to read property CallFunc_Array_Get_Item3
[2017.07.14-15.56.54:173][223]LogScriptCore:Warning: Script Msg: Attempted to access index 3 from array SpawnItems of length 1!
[2017.07.14-15.56.54:173][223]PIE:Error: Error Blueprint Runtime Error: Accessed None trying to read property CallFunc_Array_Get_Item2 from function: 'UpdateItemIcon' from node: Set Image1_4 in graph: UpdateItemIcon in object: BP_Player with description: Accessed None trying to read property CallFunc_Array_Get_Item2
[2017.07.14-15.56.54:173][223]LogScriptCore:Warning: Script Msg: Attempted to access index 4 from array SpawnItems of length 1!
[2017.07.14-15.56.54:173][223]PIE:Error: Error Blueprint Runtime Error: Accessed None trying to read property CallFunc_Array_Get_Item from function: 'UpdateItemIcon' from node: Set Image1_5 in graph: UpdateItemIcon in object: BP_Player with description: Accessed None trying to read property CallFunc_Array_Get_Item
[2017.07.14-15.56.54:173][223]LogBlueprintUserMessages: [BP_Player_97] HIT!
[2017.07.14-15.56.55:176][313]LogBlueprintUserMessages: [BP_Player2] HIT!
[2017.07.14-15.56.56:169][403]LogScriptCore:Warning: Script Msg: Attempted to access index 1 from array SpawnItems of length 1!
[2017.07.14-15.56.56:174][403]PIE:Error: Error Blueprint Runtime Error: Accessed None trying to read property CallFunc_Array_Get_Item4 from function: 'UpdateItemIcon' from node: Set Image1_2 in graph: UpdateItemIcon in object: BP_Player with description: Accessed None trying to read property CallFunc_Array_Get_Item4
[2017.07.14-15.56.56:175][403]LogScriptCore:Warning: Script Msg: Attempted to access index 2 from array SpawnItems of length 1!
[2017.07.14-15.56.56:175][403]PIE:Error: Error Blueprint Runtime Error: Accessed None trying to read property CallFunc_Array_Get_Item3 from function: 'UpdateItemIcon' from node: Set Image1_3 in graph: UpdateItemIcon in object: BP_Player with description: Accessed None trying to read property CallFunc_Array_Get_Item3
[2017.07.14-15.56.56:175][403]LogScriptCore:Warning: Script Msg: Attempted to access index 3 from array SpawnItems of length 1!
[2017.07.14-15.56.56:175][403]PIE:Error: Error Blueprint Runtime Error: Accessed None trying to read property CallFunc_Array_Get_Item2 from function: 'UpdateItemIcon' from node: Set Image1_4 in graph: UpdateItemIcon in object: BP_Player with description: Accessed None trying to read property CallFunc_Array_Get_Item2
[2017.07.14-15.56.56:175][403]LogScriptCore:Warning: Script Msg: Attempted to access index 4 from array SpawnItems of length 1!
[2017.07.14-15.56.56:175][403]PIE:Error: Error Blueprint Runtime Error: Accessed None trying to read property CallFunc_Array_Get_Item from function: 'UpdateItemIcon' from node: Set Image1_5 in graph: UpdateItemIcon in object: BP_Player with description: Accessed None trying to read property CallFunc_Array_Get_Item
[2017.07.14-15.56.56:175][403]LogBlueprintUserMessages: [BP_Player_97] HIT!
[2017.07.14-15.56.57:166][493]LogBlueprintUserMessages: [BP_Player2] HIT!
[2017.07.14-15.56.58:174][584]LogScriptCore:Warning: Script Msg: Attempted to access index 1 from array SpawnItems of length 1!
[2017.07.14-15.56.58:174][584]PIE:Error: Error Blueprint Runtime Error: Accessed None trying to read property CallFunc_Array_Get_Item4 from function: 'UpdateItemIcon' from node: Set Image1_2 in graph: UpdateItemIcon in object: BP_Player with description: Accessed None trying to read property CallFunc_Array_Get_Item4
[2017.07.14-15.56.58:174][584]LogScriptCore:Warning: Script Msg: Attempted to access index 2 from array SpawnItems of length 1!
[2017.07.14-15.56.58:174][584]PIE:Error: Error Blueprint Runtime Error: Accessed None trying to read property CallFunc_Array_Get_Item3 from function: 'UpdateItemIcon' from node: Set Image1_3 in graph: UpdateItemIcon in object: BP_Player with description: Accessed None trying to read property CallFunc_Array_Get_Item3
[2017.07.14-15.56.58:174][584]LogScriptCore:Warning: Script Msg: Attempted to access index 3 from array SpawnItems of length 1!
[2017.07.14-15.56.58:174][584]PIE:Error: Error Blueprint Runtime Error: Accessed None trying to read property CallFunc_Array_Get_Item2 from function: 'UpdateItemIcon' from node: Set Image1_4 in graph: UpdateItemIcon in object: BP_Player with description: Accessed None trying to read property CallFunc_Array_Get_Item2
[2017.07.14-15.56.58:174][584]LogScriptCore:Warning: Script Msg: Attempted to access index 4 from array SpawnItems of length 1!
[2017.07.14-15.56.58:174][584]PIE:Error: Error Blueprint Runtime Error: Accessed None trying to read property CallFunc_Array_Get_Item from function: 'UpdateItemIcon' from node: Set Image1_5 in graph: UpdateItemIcon in object: BP_Player with description: Accessed None trying to read property CallFunc_Array_Get_Item
[2017.07.14-15.56.58:174][584]LogBlueprintUserMessages: [BP_Player_97] HIT!
[2017.07.14-15.56.59:164][672]LogBlueprintUserMessages: [BP_Player2] HIT!
[2017.07.14-15.57.00:176][763]LogScriptCore:Warning: Script Msg: Attempted to access index 1 from array SpawnItems of length 1!
[2017.07.14-15.57.00:176][763]PIE:Error: Error Blueprint Runtime Error: Accessed None trying to read property CallFunc_Array_Get_Item4 from function: 'UpdateItemIcon' from node: Set Image1_2 in graph: UpdateItemIcon in object: BP_Player with description: Accessed None trying to read property CallFunc_Array_Get_Item4
[2017.07.14-15.57.00:176][763]LogScriptCore:Warning: Script Msg: Attempted to access index 2 from array SpawnItems of length 1!
[2017.07.14-15.57.00:176][763]PIE:Error: Error Blueprint Runtime Error: Accessed None trying to read property CallFunc_Array_Get_Item3 from function: 'UpdateItemIcon' from node: Set Image1_3 in graph: UpdateItemIcon in object: BP_Player with description: Accessed None trying to read property CallFunc_Array_Get_Item3
[2017.07.14-15.57.00:176][763]LogScriptCore:Warning: Script Msg: Attempted to access index 3 from array SpawnItems of length 1!
[2017.07.14-15.57.00:176][763]PIE:Error: Error Blueprint Runtime Error: Accessed None trying to read property CallFunc_Array_Get_Item2 from function: 'UpdateItemIcon' from node: Set Image1_4 in graph: UpdateItemIcon in object: BP_Player with description: Accessed None trying to read property CallFunc_Array_Get_Item2
[2017.07.14-15.57.00:176][763]LogScriptCore:Warning: Script Msg: Attempted to access index 4 from array SpawnItems of length 1!
[2017.07.14-15.57.00:176][763]PIE:Error: Error Blueprint Runtime Error: Accessed None trying to read property CallFunc_Array_Get_Item from function: 'UpdateItemIcon' from node: Set Image1_5 in graph: UpdateItemIcon in object: BP_Player with description: Accessed None trying to read property CallFunc_Array_Get_Item
[2017.07.14-15.57.00:176][763]LogBlueprintUserMessages: [BP_Player_97] HIT!
[2017.07.14-15.57.01:164][851]LogBlueprintUserMessages: [BP_Player2] HIT!
[2017.07.14-15.57.02:176][942]LogScriptCore:Warning: Script Msg: Attempted to access index 1 from array SpawnItems of length 1!
[2017.07.14-15.57.02:176][942]PIE:Error: Error Blueprint Runtime Error: Accessed None trying to read property CallFunc_Array_Get_Item4 from function: 'UpdateItemIcon' from node: Set Image1_2 in graph: UpdateItemIcon in object: BP_Player with description: Accessed None trying to read property CallFunc_Array_Get_Item4
[2017.07.14-15.57.02:176][942]LogScriptCore:Warning: Script Msg: Attempted to access index 2 from array SpawnItems of length 1!
[2017.07.14-15.57.02:176][942]PIE:Error: Error Blueprint Runtime Error: Accessed None trying to read property CallFunc_Array_Get_Item3 from function: 'UpdateItemIcon' from node: Set Image1_3 in graph: UpdateItemIcon in object: BP_Player with description: Accessed None trying to read property CallFunc_Array_Get_Item3
[2017.07.14-15.57.02:176][942]LogScriptCore:Warning: Script Msg: Attempted to access index 3 from array SpawnItems of length 1!
[2017.07.14-15.57.02:176][942]PIE:Error: Error Blueprint Runtime Error: Accessed None trying to read property CallFunc_Array_Get_Item2 from function: 'UpdateItemIcon' from node: Set Image1_4 in graph: UpdateItemIcon in object: BP_Player with description: Accessed None trying to read property CallFunc_Array_Get_Item2
[2017.07.14-15.57.02:176][942]LogScriptCore:Warning: Script Msg: Attempted to access index 4 from array SpawnItems of length 1!
[2017.07.14-15.57.02:176][942]PIE:Error: Error Blueprint Runtime Error: Accessed None trying to read property CallFunc_Array_Get_Item from function: 'UpdateItemIcon' from node: Set Image1_5 in graph: UpdateItemIcon in object: BP_Player with description: Accessed None trying to read property CallFunc_Array_Get_Item
[2017.07.14-15.57.02:176][942]LogBlueprintUserMessages: [BP_Player_97] HIT!
[2017.07.14-15.57.03:168][ 31]LogBlueprintUserMessages: [BP_Player2] HIT!
[2017.07.14-15.57.04:174][122]LogScriptCore:Warning: Script Msg: Attempted to access index 1 from array SpawnItems of length 1!
[2017.07.14-15.57.04:174][122]PIE:Error: Error Blueprint Runtime Error: Accessed None trying to read property CallFunc_Array_Get_Item4 from function: 'UpdateItemIcon' from node: Set Image1_2 in graph: UpdateItemIcon in object: BP_Player with description: Accessed None trying to read property CallFunc_Array_Get_Item4
[2017.07.14-15.57.04:174][122]LogScriptCore:Warning: Script Msg: Attempted to access index 2 from array SpawnItems of length 1!
[2017.07.14-15.57.04:174][122]PIE:Error: Error Blueprint Runtime Error: Accessed None trying to read property CallFunc_Array_Get_Item3 from function: 'UpdateItemIcon' from node: Set Image1_3 in graph: UpdateItemIcon in object: BP_Player with description: Accessed None trying to read property CallFunc_Array_Get_Item3
[2017.07.14-15.57.04:174][122]LogScriptCore:Warning: Script Msg: Attempted to access index 3 from array SpawnItems of length 1!
[2017.07.14-15.57.04:174][122]PIE:Error: Error Blueprint Runtime Error: Accessed None trying to read property CallFunc_Array_Get_Item2 from function: 'UpdateItemIcon' from node: Set Image1_4 in graph: UpdateItemIcon in object: BP_Player with description: Accessed None trying to read property CallFunc_Array_Get_Item2
[2017.07.14-15.57.04:174][122]LogScriptCore:Warning: Script Msg: Attempted to access index 4 from array SpawnItems of length 1!
[2017.07.14-15.57.04:174][122]PIE:Error: Error Blueprint Runtime Error: Accessed None trying to read property CallFunc_Array_Get_Item from function: 'UpdateItemIcon' from node: Set Image1_5 in graph: UpdateItemIcon in object: BP_Player with description: Accessed None trying to read property CallFunc_Array_Get_Item
[2017.07.14-15.57.04:174][122]LogScriptCore:Warning: Script Msg: Attempted to access index 1 from array SpawnItems of length 1!
[2017.07.14-15.57.04:175][122]PIE:Error: Error Blueprint Runtime Error: Accessed None trying to read property CallFunc_Array_Get_Item4 from function: 'UpdateItemIcon' from node: Set Image1_2 in graph: UpdateItemIcon in object: BP_Player with description: Accessed None trying to read property CallFunc_Array_Get_Item4
[2017.07.14-15.57.04:175][122]LogScriptCore:Warning: Script Msg: Attempted to access index 2 from array SpawnItems of length 1!
[2017.07.14-15.57.04:175][122]PIE:Error: Error Blueprint Runtime Error: Accessed None trying to read property CallFunc_Array_Get_Item3 from function: 'UpdateItemIcon' from node: Set Image1_3 in graph: UpdateItemIcon in object: BP_Player with description: Accessed None trying to read property CallFunc_Array_Get_Item3
[2017.07.14-15.57.04:175][122]LogScriptCore:Warning: Script Msg: Attempted to access index 3 from array SpawnItems of length 1!
[2017.07.14-15.57.04:175][122]PIE:Error: Error Blueprint Runtime Error: Accessed None trying to read property CallFunc_Array_Get_Item2 from function: 'UpdateItemIcon' from node: Set Image1_4 in graph: UpdateItemIcon in object: BP_Player with description: Accessed None trying to read property CallFunc_Array_Get_Item2
[2017.07.14-15.57.04:175][122]LogScriptCore:Warning: Script Msg: Attempted to access index 4 from array SpawnItems of length 1!
[2017.07.14-15.57.04:175][122]PIE:Error: Error Blueprint Runtime Error: Accessed None trying to read property CallFunc_Array_Get_Item from function: 'UpdateItemIcon' from node: Set Image1_5 in graph: UpdateItemIcon in object: BP_Player with description: Accessed None trying to read property CallFunc_Array_Get_Item
[2017.07.14-15.57.04:175][122]LogBlueprintUserMessages: [BP_Player_97] DEAD!!
[2017.07.14-15.57.04:175][122]LogBlueprintUserMessages: [BP_Player_97] HIT!
