Log file open, 07/05/17 19:00:22
LogInit:Display: Running engine for game: TB
LogPlatformFile: Not using cached read wrapper
LogInit:Display: RandInit(-371264183) SRandInit(-371264183).
LogTaskGraph: Started task graph with 5 named threads and 6 total threads with 1 sets of task threads.
LogStats: Stats thread started at 4.311512
LogInit: Using libcurl 7.47.1
LogInit:  - built for x86_64-pc-win32
LogInit:  - supports SSL with OpenSSL/1.0.2g
LogInit:  - supports HTTP deflate (compression) using libz 1.2.8
LogInit:  - other features:
LogInit:      CURL_VERSION_SSL
LogInit:      CURL_VERSION_LIBZ
LogInit:      CURL_VERSION_IPV6
LogInit:      CURL_VERSION_ASYNCHDNS
LogInit:      CURL_VERSION_LARGEFILE
LogInit:      CURL_VERSION_IDN
LogInit:  CurlRequestOptions (configurable via config and command line):
LogInit:  - bVerifyPeer = false  - Libcurl will NOT verify peer certificate
LogInit:  - bUseHttpProxy = false  - Libcurl will NOT use HTTP proxy
LogInit:  - bDontReuseConnections = false  - Libcurl will reuse connections
LogInit:  - CertBundlePath = nullptr  - Libcurl will use whatever was configured at build time.
LogInit: Build: ++UE4+Release-4.16-CL-3514769
LogInit: Engine Version: 4.16.2-3514769+++UE4+Release-4.16
LogInit: Compatible Engine Version: 4.16.0-3452394+++UE4+Release-4.16
LogInit: Net CL: 3452394
LogDevObjectVersion: Number of dev versions registered: 16
LogDevObjectVersion:   Dev-Blueprints (B0D832E4-1F89-4F0D-ACCF-7EB736FD4AA2): 9
LogDevObjectVersion:   Dev-Build (E1C64328-A22C-4D53-A36C-8E866417BD8C): 0
LogDevObjectVersion:   Dev-Core (375EC13C-06E4-48FB-B500-84F0262A717E): 2
LogDevObjectVersion:   Dev-Editor (E4B068ED-F494-42E9-A231-DA0B2E46BB41): 17
LogDevObjectVersion:   Dev-Framework (CFFC743F-43B0-4480-9391-14DF171D2073): 23
LogDevObjectVersion:   Dev-Mobile (B02B49B5-BB20-44E9-A304-32B752E40360): 0
LogDevObjectVersion:   Dev-Networking (A4E4105C-59A1-49B5-A7C5-40C4547EDFEE): 0
LogDevObjectVersion:   Dev-Online (39C831C9-5AE6-47DC-9A44-9C173E1C8E7C): 0
LogDevObjectVersion:   Dev-Physics (78F01B33-EBEA-4F98-B9B4-84EACCB95AA2): 0
LogDevObjectVersion:   Dev-Platform (6631380F-2D4D-43E0-8009-CF276956A95A): 0
LogDevObjectVersion:   Dev-Rendering (12F88B9F-8875-4AFC-A67C-D90C383ABD29): 15
LogDevObjectVersion:   Dev-Sequencer (7B5AE74C-D270-4C10-A958-57980B212A5A): 4
LogDevObjectVersion:   Dev-VR (D7296918-1DD6-4BDD-9DE2-64A83CC13884): 0
LogDevObjectVersion:   Dev-LoadTimes (C2A15278-BFE7-4AFE-6C17-90FF531DF755): 1
LogDevObjectVersion:   Private-Geometry (6EACA3D4-40EC-4CC1-B786-8BED09428FC5): 1
LogDevObjectVersion:   Dev-AnimPhys (29E575DD-E0A3-4627-9D10-D276232CDCEA): 3
LogInit: Compiled (64-bit): Jun 29 2017 02:03:24
LogInit: Compiled with Visual C++: 19.00.24215.01
LogInit: Build Configuration: Development
LogInit: Branch Name: ++UE4+Release-4.16
LogInit: Command line:  
LogInit: Base directory: D:/Epic Games/UE_4.16/Engine/Binaries/Win64/
LogInit: Installed Engine Build: 1
LogInit: Presizing for max 8388607 objects, including 0 objects not considered by GC, pre-allocating 0 bytes for permanent pool.
LogInit: Object subsystem initialized
[2017.07.05-16.00.23:775][  0]LogInit: Selected Device Profile: [Windows]
[2017.07.05-16.00.23:775][  0]LogInit: Applying CVar settings loaded from the selected device profile: [Windows]
[2017.07.05-16.00.23:907][  0]LogInit: Computer: DESKTOP-LUMPQHN
[2017.07.05-16.00.23:907][  0]LogInit: User: Takex
[2017.07.05-16.00.23:907][  0]LogInit: CPU Page size=4096, Cores=2
[2017.07.05-16.00.23:907][  0]LogInit: High frequency timer resolution =3.234376 MHz
[2017.07.05-16.00.23:914][  0]LogMemory: Memory total: Physical=8.0GB (8GB approx)
[2017.07.05-16.00.23:914][  0]LogMemory: Platform Memory Stats for Windows
[2017.07.05-16.00.23:914][  0]LogMemory: Process Physical Memory: 273.28 MB used, 273.28 MB peak
[2017.07.05-16.00.23:914][  0]LogMemory: Process Virtual Memory: 266.75 MB used, 266.75 MB peak
[2017.07.05-16.00.23:914][  0]LogMemory: Physical Memory: 3039.04 MB used,  5112.53 MB free, 8151.57 MB total
[2017.07.05-16.00.23:914][  0]LogMemory: Virtual Memory: 641.98 MB used,  5112.53 MB free, 134217728.00 MB total
[2017.07.05-16.00.25:044][  0]LogInit: Using OS detected language (ru-RU).
[2017.07.05-16.00.25:044][  0]LogInit: Using OS detected locale (ru-RU).
[2017.07.05-16.00.25:266][  0]LogTextLocalizationManager: No localization for 'ru-RU' exists, so 'en' will be used for the language.
[2017.07.05-16.00.25:266][  0]LogTextLocalizationManager: No localization for 'ru-RU' exists, so 'en' will be used for the locale.
[2017.07.05-16.00.29:886][  0]LogD3D11RHI: D3D11 adapters:
[2017.07.05-16.00.29:957][  0]LogD3D11RHI:    0. 'NVIDIA GeForce GT 730' (Feature Level 11_0)
[2017.07.05-16.00.29:957][  0]LogD3D11RHI:       995/0/4075 MB DedicatedVideo/DedicatedSystem/SharedSystem, Outputs:1, VendorId:0x10de
[2017.07.05-16.00.29:958][  0]LogD3D11RHI:    1. 'Microsoft Basic Render Driver' (Feature Level 11_0)
[2017.07.05-16.00.29:958][  0]LogD3D11RHI:       0/0/4075 MB DedicatedVideo/DedicatedSystem/SharedSystem, Outputs:0, VendorId:0x1414
[2017.07.05-16.00.29:958][  0]LogD3D11RHI: Chosen D3D11 Adapter: 0
[2017.07.05-16.00.29:971][  0]LogD3D11RHI: Creating new Direct3DDevice
[2017.07.05-16.00.29:971][  0]LogD3D11RHI:     GPU DeviceId: 0x1287 (for the marketing name, search the web for "GPU Device Id")
[2017.07.05-16.00.29:971][  0]LogWindows: EnumDisplayDevices:
[2017.07.05-16.00.29:971][  0]LogWindows:    0. 'NVIDIA GeForce GT 730' (P:1 D:1)
[2017.07.05-16.00.29:971][  0]LogWindows:    1. 'NVIDIA GeForce GT 730' (P:0 D:0)
[2017.07.05-16.00.29:972][  0]LogWindows:    2. 'NVIDIA GeForce GT 730' (P:0 D:0)
[2017.07.05-16.00.29:972][  0]LogWindows: DebugString: FoundDriverCount:3 
[2017.07.05-16.00.29:972][  0]LogD3D11RHI:     Adapter Name: NVIDIA GeForce GT 730
[2017.07.05-16.00.29:972][  0]LogD3D11RHI:   Driver Version: 382.05 (internal:22.21.13.8205, unified:382.05)
[2017.07.05-16.00.29:972][  0]LogD3D11RHI:      Driver Date: 5-1-2017
[2017.07.05-16.00.29:972][  0]LogRHI: Texture pool is 696 MB (70% of 995 MB)
[2017.07.05-16.00.30:035][  0]LogD3D11RHI: Async texture creation enabled
[2017.07.05-16.00.30:355][  0]LogD3D11RHI: GPU Timing Frequency: 1000.000000 (Debug: 2 0)
[2017.07.05-16.00.30:515][  0]LogShaderCompilers: Guid format shader working directory is -25 characters bigger than the processId version (C:/Users/Takex/OneDrive/Документы/GitHub/Tower-Battle/UnrealProject/TB/Intermediate/Shaders/WorkingDirectory/10916/).
[2017.07.05-16.00.30:516][  0]LogShaderCompilers: Cleaned the shader compiler working directory 'C:/Users/Takex/AppData/Local/Temp/UnrealShaderWorkingDir/610C05844D9025D872F36B87D81B183B/'.
[2017.07.05-16.00.30:529][  0]LogShaderCompilers:Display: Using Local Shader Compiler.
[2017.07.05-16.00.36:053][  0]LogTemp:Display: Loaded TP AllDesktopTargetPlatform
[2017.07.05-16.00.36:092][  0]LogTemp:Display: Loaded TP MacClientTargetPlatform
[2017.07.05-16.00.36:131][  0]LogTemp:Display: Loaded TP MacNoEditorTargetPlatform
[2017.07.05-16.00.36:169][  0]LogTemp:Display: Loaded TP MacServerTargetPlatform
[2017.07.05-16.00.36:224][  0]LogTemp:Display: Loaded TP MacTargetPlatform
[2017.07.05-16.00.36:264][  0]LogTemp:Display: Loaded TP WindowsClientTargetPlatform
[2017.07.05-16.00.36:302][  0]LogTemp:Display: Loaded TP WindowsNoEditorTargetPlatform
[2017.07.05-16.00.36:342][  0]LogTemp:Display: Loaded TP WindowsServerTargetPlatform
[2017.07.05-16.00.36:391][  0]LogTemp:Display: Loaded TP WindowsTargetPlatform
[2017.07.05-16.00.36:446][  0]LogTemp:Display: Loaded TP AndroidTargetPlatform
[2017.07.05-16.00.36:485][  0]LogTemp:Display: Loaded TP Android_ASTCTargetPlatform
[2017.07.05-16.00.36:530][  0]LogTemp:Display: Loaded TP Android_ATCTargetPlatform
[2017.07.05-16.00.36:568][  0]LogTemp:Display: Loaded TP Android_DXTTargetPlatform
[2017.07.05-16.00.36:605][  0]LogTemp:Display: Loaded TP Android_ETC1TargetPlatform
[2017.07.05-16.00.36:643][  0]LogTemp:Display: Loaded TP Android_ETC2TargetPlatform
[2017.07.05-16.00.36:717][  0]LogTemp:Display: Loaded TP Android_MultiTargetPlatform
[2017.07.05-16.00.36:717][  0]LogTemp:Display: Loaded TP Android_PVRTCTargetPlatform
[2017.07.05-16.00.36:744][  0]LogTemp:Display: Loaded TP HTML5TargetPlatform
[2017.07.05-16.00.36:918][  0]LogTemp:Display: Loaded TP IOSTargetPlatform
[2017.07.05-16.00.36:948][  0]LogTemp:Display: Loaded TP TVOSTargetPlatform
[2017.07.05-16.00.36:986][  0]LogTemp:Display: Loaded TP LinuxClientTargetPlatform
[2017.07.05-16.00.37:024][  0]LogTemp:Display: Loaded TP LinuxNoEditorTargetPlatform
[2017.07.05-16.00.37:061][  0]LogTemp:Display: Loaded TP LinuxServerTargetPlatform
[2017.07.05-16.00.37:115][  0]LogTemp:Display: Loaded TP LinuxTargetPlatform
[2017.07.05-16.00.37:115][  0]LogTargetPlatformManager:Display: Building Assets For Windows
[2017.07.05-16.00.38:764][  0]LogDerivedDataCache:Display: Max Cache Size: 512 MB
[2017.07.05-16.00.39:112][  0]LogDerivedDataCache: Loaded boot cache 0.35s 90MB C:/Users/Takex/AppData/Local/UnrealEngine/4.16/DerivedDataCache/Boot.ddc.
[2017.07.05-16.00.39:112][  0]LogDerivedDataCache:Display: Loaded Boot cache: C:/Users/Takex/AppData/Local/UnrealEngine/4.16/DerivedDataCache/Boot.ddc
[2017.07.05-16.00.39:112][  0]LogDerivedDataCache: FDerivedDataBackendGraph:  Pak pak cache file C:/Users/Takex/OneDrive/Документы/GitHub/Tower-Battle/UnrealProject/TB/DerivedDataCache/DDC.ddp not found, will not use a pak cache.
[2017.07.05-16.00.39:112][  0]LogDerivedDataCache: Unable to find inner node Pak for hierarchical cache Hierarchy.
[2017.07.05-16.00.39:112][  0]LogDerivedDataCache: FDerivedDataBackendGraph:  CompressedPak pak cache file C:/Users/Takex/OneDrive/Документы/GitHub/Tower-Battle/UnrealProject/TB/DerivedDataCache/Compressed.ddp not found, will not use a pak cache.
[2017.07.05-16.00.39:112][  0]LogDerivedDataCache: Unable to find inner node CompressedPak for hierarchical cache Hierarchy.
[2017.07.05-16.00.39:231][  0]LogDerivedDataCache:Display: Pak cache opened for reading ../../../Engine/DerivedDataCache/Compressed.ddp.
[2017.07.05-16.00.39:244][  0]LogDerivedDataCache: Using Local data cache path C:/Users/Takex/AppData/Local/UnrealEngine/Common/DerivedDataCache: Writable
[2017.07.05-16.00.39:312][  0]LogMaterial: Verifying Global Shaders for PCD3D_SM5
[2017.07.05-16.00.39:382][  0]LogSlate: Using Freetype 2.6.0
[2017.07.05-16.00.39:523][  0]LogSlate: SlateFontCache - WITH_FREETYPE: 1, WITH_HARFBUZZ: 1
[2017.07.05-16.00.39:523][  0]LogSlate: SlateFontCache - WITH_FREETYPE: 1, WITH_HARFBUZZ: 1
[2017.07.05-16.00.51:569][  0]LogInit: Selected Device Profile: [Windows]
[2017.07.05-16.00.52:885][  0]LogContentStreaming: Texture pool size is 0.00 MB
[2017.07.05-16.00.53:641][  0]LogMeshUtilities: Using QuadricMeshReduction for automatic static mesh reduction
[2017.07.05-16.00.53:883][  0]LogSimplygon: Simplygon DLL not present - disabling.
[2017.07.05-16.00.53:958][  0]LogMeshUtilities: Using SimplygonSwarm for distributed automatic mesh merging
[2017.07.05-16.00.53:958][  0]LogMeshUtilities: No automatic skeletal mesh reduction module available
[2017.07.05-16.00.53:958][  0]LogMeshUtilities: No automatic mesh merging module available
[2017.07.05-16.01.00:835][  0]LogNetVersion: TB , NetCL: 3452394, EngineNetVer: 2, GameNetVer: 0 (Checksum: 2755021592)
[2017.07.05-16.01.01:252][  0]LogAssetRegistry: FAssetRegistry took 0.0568 seconds to start up
[2017.07.05-16.01.01:673][  0]LogPackageLocalizationCache: Processed 4 localized package path(s) for 1 prioritized culture(s) in 0.307230 seconds
[2017.07.05-16.01.01:680][  0]LogUObjectArray: 34194 objects as part of root set at end of initial load.
[2017.07.05-16.01.01:680][  0]LogUObjectAllocator: 7260424 out of 0 bytes used by permanent object pool.
[2017.07.05-16.01.01:680][  0]LogUObjectArray: CloseDisregardForGC: 0/0 objects in disregard for GC pool
[2017.07.05-16.01.01:777][  0]LogInit: WinSock: version 1.1 (2.2), MaxSocks=32767, MaxUdp=65467
[2017.07.05-16.01.30:874][  0]LogTcpMessaging: Initializing TcpMessaging bridge
[2017.07.05-16.01.30:928][  0]LogUdpMessaging: Initializing bridge on interface 0.0.0.0:0 to multicast group 230.0.0.1:6666.
[2017.07.05-16.01.32:534][  0]LogMaterial: Uniform references updated for custom material expression Custom.
[2017.07.05-16.01.33:685][  0]SourceControl: Info Source control is disabled
[2017.07.05-16.01.33:699][  0]SourceControl: Info Source control is disabled
[2017.07.05-16.01.33:799][  0]SourceControl: Info Source control is disabled
[2017.07.05-16.01.33:875][  0]SourceControl: Info Source control is disabled
[2017.07.05-16.01.34:997][  0]LogAndroidPermission: UAndroidPermissionCallbackProxy::GetInstance
[2017.07.05-16.01.36:035][  0]LogEngine: Initializing Engine...
[2017.07.05-16.01.36:081][  0]LogHMD: Failed to initialize OpenVR with code 110
[2017.07.05-16.01.37:100][  0]LogStats: UGameplayTagsManager::ConstructGameplayTagTree: Construct from data asset -  0.000 s
[2017.07.05-16.01.37:100][  0]LogStats: UGameplayTagsManager::ConstructGameplayTagTree: GameplayTagTreeChangedEvent.Broadcast -  0.000 s
[2017.07.05-16.01.37:628][  0]LogAIModule: Creating AISystem for world Untitled
[2017.07.05-16.01.37:826][  0]LogInit: XAudio2 using 'Динамики (Realtek High Definition Audio)' : 2 channels at 48 kHz using 32 bits per sample (channel mask 0x3)
[2017.07.05-16.01.37:839][  0]LogInit: FAudioDevice initialized.
[2017.07.05-16.01.37:883][  0]LogDerivedDataCache: Saved boot cache 0.04s 90MB C:/Users/Takex/AppData/Local/UnrealEngine/4.16/DerivedDataCache/Boot.ddc.
[2017.07.05-16.01.37:891][  0]LogInit: Texture streaming: Enabled
[2017.07.05-16.01.38:036][  0]LogEngineSessionManager: EngineSessionManager initialized
[2017.07.05-16.01.38:669][  0]LogInit: Transaction tracking system initialized
[2017.07.05-16.01.39:194][  0]BlueprintLog: New page: Editor Load
[2017.07.05-16.01.40:930][  0]LocalizationService: Info Localization service is disabled
[2017.07.05-16.01.42:132][  0]LogConsoleResponse:Display: 
[2017.07.05-16.01.44:770][  0]LogFileCache: Scanning file cache for directory 'C:/Users/Takex/OneDrive/Документы/GitHub/Tower-Battle/UnrealProject/TB/Content/' took 0.02s
[2017.07.05-16.01.44:770][  0]LogCook:Display: Max memory allowance for cook 16384mb min free memory 0mb
[2017.07.05-16.01.44:770][  0]LogCook:Display: Mobile HDR setting 1
[2017.07.05-16.01.47:756][  0]SourceControl: Info Source control is disabled
[2017.07.05-16.01.47:787][  0]Cmd: MAP LOAD FILE="../../../Engine/Content/Maps/Templates/Template_Default.umap" TEMPLATE=1 SHOWPROGRESS=1 FEATURELEVEL=3
[2017.07.05-16.01.47:848][  0]LightingResults: New page: Lighting Build
[2017.07.05-16.01.48:028][  0]MapCheck: New page: Map Check
[2017.07.05-16.01.48:028][  0]LightingResults: New page: Lighting Build
[2017.07.05-16.01.49:642][  0]LogAIModule: Creating AISystem for world Untitled_1
[2017.07.05-16.01.49:652][  0]LogActorComponent: RegisterComponentWithWorld: (/Temp/Untitled_1.Untitled_1:PersistentLevel.WorldSettings_1.StaticMeshComponent0) Trying to register component with IsPendingKill() == true. Aborting.
[2017.07.05-16.01.50:029][  0]LogEditorServer: Finished looking for orphan Actors (0.000 secs)
[2017.07.05-16.01.50:155][  0]Cmd: MAP CHECKDEP NOCLEARLOG
[2017.07.05-16.01.50:215][  0]MapCheck: Info Map check complete: 0 Error(s), 0 Warning(s), took 59.431ms to complete.
[2017.07.05-16.01.50:215][  0]LogFileHelpers: Loading map 'Template_Default' took 2.429
[2017.07.05-16.01.51:752][  0]LogCollectionManager: Loaded 0 collections in 0.003317 seconds
[2017.07.05-16.01.52:015][  0]LogFileCache: Scanning file cache for directory 'C:/Users/Takex/OneDrive/Документы/GitHub/Tower-Battle/UnrealProject/TB/Saved/Collections/' took 0.01s
[2017.07.05-16.01.52:015][  0]LogFileCache: Scanning file cache for directory 'C:/Users/Takex/OneDrive/Документы/GitHub/Tower-Battle/UnrealProject/TB/Content/Developers/Takex/Collections/' took 0.03s
[2017.07.05-16.01.52:015][  0]LogFileCache: Scanning file cache for directory 'C:/Users/Takex/OneDrive/Документы/GitHub/Tower-Battle/UnrealProject/TB/Content/Collections/' took 0.00s
[2017.07.05-16.01.52:015][  0]LogCollectionManager: Rebuilt the GUID cache for 0 collections in 0.000007 seconds
[2017.07.05-16.01.52:029][  0]LogContentBrowser: Native class hierarchy populated in 0.0121 seconds. Added 2329 classes and 491 folders.
[2017.07.05-16.01.52:222][  0]LogContentBrowser: Native class hierarchy updated for 'WidgetCarousel' in 0.0013 seconds. Added 0 classes and 0 folders.
[2017.07.05-16.01.53:634][  0]LogContentBrowser: Native class hierarchy updated for 'AddContentDialog' in 0.0010 seconds. Added 0 classes and 0 folders.
[2017.07.05-16.01.53:796][  0]LogContentBrowser: Native class hierarchy updated for 'SceneOutliner' in 0.0005 seconds. Added 1 classes and 2 folders.
[2017.07.05-16.01.55:035][  0]LogCrashTracker: Crashtracker disabled due to settings.
[2017.07.05-16.01.55:168][  0]LogSlate: Took 0.012166 seconds to synchronously load lazily loaded font '../../../Engine/Content/Slate/Fonts/Roboto-Regular.ttf' (155K)
[2017.07.05-16.01.55:190][  0]LogSlate: Took 0.021157 seconds to synchronously load lazily loaded font '../../../Engine/Content/Slate/Fonts/Roboto-Bold.ttf' (160K)
[2017.07.05-16.01.55:255][  0]LogSlate: Took 0.024350 seconds to synchronously load lazily loaded font '../../../Engine/Content/Editor/Slate/Fonts/FontAwesome.ttf' (139K)
[2017.07.05-16.01.55:769][  0]LogRenderer: Reallocating scene render targets to support 1056x556 NumSamples 1 (Frame:1).
[2017.07.05-16.01.56:385][  0]LogUObjectGlobals:Warning: Failed to find object 'Class None.'
[2017.07.05-16.01.56:524][  0]LogContentBrowser: Native class hierarchy updated for 'HierarchicalLODOutliner' in 0.0005 seconds. Added 1 classes and 2 folders.
[2017.07.05-16.01.56:524][  0]LogLoad: (Engine Initialization) Total time: 108.76 seconds
[2017.07.05-16.01.56:524][  0]LogLoad: (Engine Initialization) Total Blueprint compile time: 0.76 seconds
[2017.07.05-16.01.56:524][  0]LogExternalProfiler: No external profilers were discovered.  External profiling features will not be available.
[2017.07.05-16.01.56:886][  0]LogOcInput: OculusInput pre-init called
[2017.07.05-16.01.56:886][  0]LogHMD: Starting GearVRController plugin
[2017.07.05-16.01.57:005][  0]LogContentStreaming: Texture pool size now 1000 MB
[2017.07.05-16.01.57:565][  2]LogAssetRegistry: Asset discovery search completed in 56.3402 seconds
[2017.07.05-16.01.57:567][  2]LogCollectionManager: Rebuilt the object cache for 0 collections in 0.000001 seconds (found 0 objects)
[2017.07.05-16.01.57:567][  2]LogCollectionManager: Fixed up redirectors for 0 collections in 0.000043 seconds (updated 0 objects)
[2017.07.05-16.01.57:940][  3]LogSlate: Took 0.040070 seconds to synchronously load lazily loaded font '../../../Engine/Content/Slate/Fonts/Roboto-Light.ttf' (159K)
[2017.07.05-16.02.01:374][ 13]LogSlate: Took 0.000236 seconds to synchronously load lazily loaded font '../../../Engine/Content/Slate/Fonts/Roboto-Light.ttf' (159K)
[2017.07.05-16.04.19:841][423]LogWindowsTextInputMethodSystem:Display: IME system now deactivated.
[2017.07.05-16.04.19:841][423]LogWindowsTextInputMethodSystem:Display: IME system now deactivated.
[2017.07.05-16.04.25:142][891]LogSlate: Took 0.000163 seconds to synchronously load lazily loaded font '../../../Engine/Content/Slate/Fonts/Roboto-Light.ttf' (159K)
[2017.07.05-16.04.25:460][891]LogAIModule: Creating AISystem for world BattleMap
[2017.07.05-16.04.25:552][891]Cmd: MAP LOAD FILE="C:/Users/Takex/OneDrive/Документы/GitHub/Tower-Battle/UnrealProject/TB/Content/Level/BattleMap.umap" TEMPLATE=0 SHOWPROGRESS=1 FEATURELEVEL=3
[2017.07.05-16.04.25:552][891]LightingResults: New page: Lighting Build
[2017.07.05-16.04.25:553][891]LoadErrors: New page: Loading map: BattleMap.umap
[2017.07.05-16.04.25:553][891]MapCheck: New page: Map Check
[2017.07.05-16.04.25:553][891]LightingResults: New page: Lighting Build
[2017.07.05-16.04.25:667][891]LogEditorServer: Finished looking for orphan Actors (0.000 secs)
[2017.07.05-16.04.25:711][891]Cmd: MAP CHECKDEP NOCLEARLOG
[2017.07.05-16.04.25:748][891]MapCheck: Info Map check complete: 0 Error(s), 0 Warning(s), took 36.897ms to complete.
[2017.07.05-16.04.25:748][891]LogFileHelpers: Loading map 'BattleMap' took 0.216
[2017.07.05-16.04.31:651][295]LogSlate: Took 0.000218 seconds to synchronously load lazily loaded font '../../../Engine/Content/Slate/Fonts/Roboto-Regular.ttf' (155K)
[2017.07.05-16.04.32:038][295]LogContentBrowser: Native class hierarchy updated for 'BlueprintGraph' in 0.0009 seconds. Added 112 classes and 0 folders.
[2017.07.05-16.04.33:868][295]LogSlate: Took 0.021474 seconds to synchronously load lazily loaded font '../../../Engine/Content/Editor/Slate/Fonts/Roboto-BoldCondensed.ttf' (158K)
[2017.07.05-16.04.34:365][296]LogSlate: Took 0.017158 seconds to synchronously load lazily loaded font '../../../Engine/Content/Editor/Slate/Fonts/Roboto-Italic.ttf' (157K)
[2017.07.05-16.05.15:867][108]Cmd: OBJ SAVEPACKAGE PACKAGE="/Game/BP/BP_Player" FILE="C:/Users/Takex/OneDrive/Документы/GitHub/Tower-Battle/UnrealProject/TB/Content/BP/BP_Player.uasset" SILENT=true
[2017.07.05-16.05.16:006][108]LogSavePackage: Save=94.55ms
[2017.07.05-16.05.16:006][108]LogSavePackage: Moving 'C:/Users/Takex/OneDrive/Документы/GitHub/Tower-Battle/UnrealProject/TB/Saved/BP_Player0DBE6B584022A4F88A8E219BB609B4C2.tmp' to 'C:/Users/Takex/OneDrive/Документы/GitHub/Tower-Battle/UnrealProject/TB/Content/BP/BP_Player.uasset'
[2017.07.05-16.05.16:021][108]LogSavePackage:Display: Finished SavePackage C:/Users/Takex/OneDrive/Документы/GitHub/Tower-Battle/UnrealProject/TB/Content/BP/BP_Player.uasset
[2017.07.05-16.05.16:139][108]LogWindowsTextInputMethodSystem:Display: IME system now deactivated.
[2017.07.05-16.05.16:375][109]Cmd: QUIT_EDITOR
[2017.07.05-16.05.16:485][109]LogExit: Preparing to exit.
[2017.07.05-16.05.17:344][109]LogExit: Editor shut down
[2017.07.05-16.05.17:352][109]LogExit: Transaction tracking system shut down
[2017.07.05-16.05.17:926][109]LogObj: Freed 0b from 0 cluster array pools.
[2017.07.05-16.05.17:926][109]LogExit: Object subsystem successfully closed.
[2017.07.05-16.05.17:999][109]LogD3D11RHI: Shutdown
[2017.07.05-16.05.17:999][109]LogD3D11RHI: CleanupD3DDevice
[2017.07.05-16.05.18:084][109]LogD3D11RHI: ~FD3D11DynamicRHI
[2017.07.05-16.05.18:446][109]LogModuleManager: Shutting down and abandoning module BlueprintGraph (528)
[2017.07.05-16.05.18:446][109]LogModuleManager: Shutting down and abandoning module BlueprintProfiler (526)
[2017.07.05-16.05.18:463][109]LogModuleManager: Shutting down and abandoning module HierarchicalLODOutliner (524)
[2017.07.05-16.05.18:463][109]LogModuleManager: Shutting down and abandoning module CrashTracker (522)
[2017.07.05-16.05.18:463][109]LogModuleManager: Shutting down and abandoning module SceneOutliner (520)
[2017.07.05-16.05.18:463][109]LogModuleManager: Shutting down and abandoning module AddContentDialog (518)
[2017.07.05-16.05.18:479][109]LogDirectoryWatcher: A directory notification for 'D:/Epic Games/UE_4.16/FeaturePacks/' was aborted.
[2017.07.05-16.05.18:480][109]LogModuleManager: Shutting down and abandoning module WidgetCarousel (517)
[2017.07.05-16.05.18:480][109]LogModuleManager: Shutting down and abandoning module EditorWidgets (514)
[2017.07.05-16.05.18:480][109]LogModuleManager: Shutting down and abandoning module CollectionManager (512)
[2017.07.05-16.05.18:480][109]LogDirectoryWatcher: A directory notification for 'C:/Users/Takex/OneDrive/Документы/GitHub/Tower-Battle/UnrealProject/TB/Content/Collections/' was aborted.
[2017.07.05-16.05.18:480][109]LogDirectoryWatcher: A directory notification for 'C:/Users/Takex/OneDrive/Документы/GitHub/Tower-Battle/UnrealProject/TB/Content/Developers/Takex/Collections/' was aborted.
[2017.07.05-16.05.18:480][109]LogDirectoryWatcher: A directory notification for 'C:/Users/Takex/OneDrive/Документы/GitHub/Tower-Battle/UnrealProject/TB/Saved/Collections/' was aborted.
[2017.07.05-16.05.18:480][109]LogModuleManager: Shutting down and abandoning module StatsViewer (510)
[2017.07.05-16.05.18:480][109]LogModuleManager: Shutting down and abandoning module FoliageEdit (508)
[2017.07.05-16.05.18:480][109]LogModuleManager: Shutting down and abandoning module LandscapeEditor (506)
[2017.07.05-16.05.18:490][109]LogModuleManager: Shutting down and abandoning module MeshPaintMode (504)
[2017.07.05-16.05.18:490][109]LogModuleManager: Shutting down and abandoning module SceneDepthPickerMode (502)
[2017.07.05-16.05.18:490][109]LogModuleManager: Shutting down and abandoning module ActorPickerMode (500)
[2017.07.05-16.05.18:490][109]LogModuleManager: Shutting down and abandoning module GeometryMode (498)
[2017.07.05-16.05.18:490][109]LogModuleManager: Shutting down and abandoning module TextureAlignMode (496)
[2017.07.05-16.05.18:490][109]LogModuleManager: Shutting down and abandoning module BspMode (494)
[2017.07.05-16.05.18:490][109]LogModuleManager: Shutting down and abandoning module HardwareSurvey (492)
[2017.07.05-16.05.18:490][109]LogModuleManager: Shutting down and abandoning module SequenceRecorderSections (490)
[2017.07.05-16.05.18:490][109]LogModuleManager: Shutting down and abandoning module AutomationWorker (488)
[2017.07.05-16.05.18:490][109]LogModuleManager: Shutting down and abandoning module MatineeToLevelSequence (486)
[2017.07.05-16.05.18:496][109]LogModuleManager: Shutting down and abandoning module LevelSequenceEditor (484)
[2017.07.05-16.05.18:539][109]LogModuleManager: Shutting down and abandoning module PlacementMode (483)
[2017.07.05-16.05.18:539][109]LogModuleManager: Shutting down and abandoning module WmfMediaFactory (480)
[2017.07.05-16.05.18:539][109]LogModuleManager: Shutting down and abandoning module WmfMediaEditor (478)
[2017.07.05-16.05.18:539][109]LogModuleManager: Shutting down and abandoning module AvfMediaFactory (476)
[2017.07.05-16.05.18:539][109]LogModuleManager: Shutting down and abandoning module AvfMediaEditor (474)
[2017.07.05-16.05.18:539][109]LogModuleManager: Shutting down and abandoning module AndroidMediaFactory (472)
[2017.07.05-16.05.18:539][109]LogModuleManager: Shutting down and abandoning module Media (471)
[2017.07.05-16.05.18:539][109]LogModuleManager: Shutting down and abandoning module AndroidMediaEditor (468)
[2017.07.05-16.05.18:539][109]LogModuleManager: Shutting down and abandoning module CharacterAI (466)
[2017.07.05-16.05.18:539][109]LogModuleManager: Shutting down and abandoning module AudioCapture (464)
[2017.07.05-16.05.18:539][109]LogModuleManager: Shutting down and abandoning module SequenceRecorder (463)
[2017.07.05-16.05.18:539][109]LogModuleManager: Shutting down and abandoning module SmartSnapping (460)
[2017.07.05-16.05.18:539][109]LogModuleManager: Shutting down and abandoning module SessionServices (458)
[2017.07.05-16.05.18:539][109]LogModuleManager: Shutting down and abandoning module ViewportSnapping (456)
[2017.07.05-16.05.18:539][109]LogModuleManager: Shutting down and abandoning module ViewportInteraction (454)
[2017.07.05-16.05.18:539][109]LogModuleManager: Shutting down and abandoning module ClothPainter (452)
[2017.07.05-16.05.18:556][109]LogModuleManager: Shutting down and abandoning module LogVisualizer (450)
[2017.07.05-16.05.18:566][109]LogModuleManager: Shutting down and abandoning module IntroTutorials (448)
[2017.07.05-16.05.18:566][109]LogModuleManager: Shutting down and abandoning module GameProjectGeneration (447)
[2017.07.05-16.05.18:583][109]LogModuleManager: Shutting down and abandoning module EditorLiveStreaming (444)
[2017.07.05-16.05.18:583][109]LogModuleManager: Shutting down and abandoning module IOSPlatformEditor (442)
[2017.07.05-16.05.18:594][109]LogModuleManager: Shutting down and abandoning module HTML5PlatformEditor (440)
[2017.07.05-16.05.18:594][109]LogModuleManager: Shutting down and abandoning module AndroidPlatformEditor (438)
[2017.07.05-16.05.18:594][109]LogModuleManager: Shutting down and abandoning module AndroidDeviceDetection (437)
[2017.07.05-16.05.18:744][109]LogModuleManager: Shutting down and abandoning module IOSRuntimeSettings (434)
[2017.07.05-16.05.18:744][109]LogModuleManager: Shutting down and abandoning module AndroidRuntimeSettings (432)
[2017.07.05-16.05.18:744][109]LogModuleManager: Shutting down and abandoning module InputBindingEditor (430)
[2017.07.05-16.05.18:744][109]LogModuleManager: Shutting down and abandoning module MergeActors (428)
[2017.07.05-16.05.18:758][109]LogModuleManager: Shutting down and abandoning module SizeMap (426)
[2017.07.05-16.05.18:758][109]LogModuleManager: Shutting down and abandoning module TreeMap (424)
[2017.07.05-16.05.18:775][109]LogModuleManager: Shutting down and abandoning module ReferenceViewer (422)
[2017.07.05-16.05.18:775][109]LogModuleManager: Shutting down and abandoning module LocalizationDashboard (420)
[2017.07.05-16.05.18:784][109]LogModuleManager: Shutting down and abandoning module LocalizationService (419)
[2017.07.05-16.05.18:784][109]LogModuleManager: Shutting down and abandoning module HardwareTargeting (416)
[2017.07.05-16.05.18:784][109]LogModuleManager: Shutting down and abandoning module DeviceProfileEditor (414)
[2017.07.05-16.05.18:795][109]LogModuleManager: Shutting down and abandoning module UndoHistory (412)
[2017.07.05-16.05.18:795][109]LogModuleManager: Shutting down and abandoning module UserFeedback (410)
[2017.07.05-16.05.18:795][109]LogModuleManager: Shutting down and abandoning module XmlParser (408)
[2017.07.05-16.05.18:795][109]LogModuleManager: Shutting down and abandoning module Blutility (406)
[2017.07.05-16.05.18:795][109]LogModuleManager: Shutting down and abandoning module ProjectSettingsViewer (404)
[2017.07.05-16.05.18:795][109]LogModuleManager: Shutting down and abandoning module ProjectTargetPlatformEditor (403)
[2017.07.05-16.05.18:795][109]LogModuleManager: Shutting down and abandoning module EditorSettingsViewer (400)
[2017.07.05-16.05.18:795][109]LogModuleManager: Shutting down and abandoning module SettingsEditor (398)
[2017.07.05-16.05.18:795][109]LogModuleManager: Shutting down and abandoning module ProjectLauncher (396)
[2017.07.05-16.05.18:809][109]LogModuleManager: Shutting down and abandoning module SessionFrontend (394)
[2017.07.05-16.05.18:819][109]LogModuleManager: Shutting down and abandoning module ProfilerClient (392)
[2017.07.05-16.05.18:837][109]LogModuleManager: Shutting down and abandoning module DeviceManager (390)
[2017.07.05-16.05.18:852][109]LogModuleManager: Shutting down and abandoning module TargetDeviceServices (389)
[2017.07.05-16.05.18:905][109]LogModuleManager: Shutting down and abandoning module AutomationController (386)
[2017.07.05-16.05.18:905][109]LogModuleManager: Shutting down and abandoning module AutomationWindow (384)
[2017.07.05-16.05.18:919][109]LogModuleManager: Shutting down and abandoning module Layers (382)
[2017.07.05-16.05.18:929][109]LogModuleManager: Shutting down and abandoning module ComponentVisualizers (380)
[2017.07.05-16.05.18:929][109]LogModuleManager: Shutting down and abandoning module DetailCustomizations (378)
[2017.07.05-16.05.18:929][109]LogModuleManager: Shutting down and abandoning module PackagesDialog (376)
[2017.07.05-16.05.18:929][109]LogModuleManager: Shutting down and abandoning module Persona (374)
[2017.07.05-16.05.18:936][109]LogModuleManager: Shutting down and abandoning module AdvancedPreviewScene (373)
[2017.07.05-16.05.18:936][109]LogModuleManager: Shutting down and abandoning module AnimGraph (371)
[2017.07.05-16.05.18:936][109]LogModuleManager: Shutting down and abandoning module Kismet (368)
[2017.07.05-16.05.18:945][109]LogModuleManager: Shutting down and abandoning module ClassViewer (366)
[2017.07.05-16.05.18:945][109]LogModuleManager: Shutting down and abandoning module Toolbox (364)
[2017.07.05-16.05.18:945][109]LogModuleManager: Shutting down and abandoning module ModuleUI (362)
[2017.07.05-16.05.18:958][109]LogModuleManager: Shutting down and abandoning module MovieSceneTools (360)
[2017.07.05-16.05.18:966][109]LogModuleManager: Shutting down and abandoning module OutputLog (358)
[2017.07.05-16.05.18:966][109]LogModuleManager: Shutting down and abandoning module GammaUI (356)
[2017.07.05-16.05.18:980][109]LogModuleManager: Shutting down and abandoning module Documentation (354)
[2017.07.05-16.05.18:980][109]LogModuleManager: Shutting down and abandoning module MovieSceneTracks (352)
[2017.07.05-16.05.18:980][109]LogModuleManager: Shutting down and abandoning module MovieScene (350)
[2017.07.05-16.05.18:980][109]LogModuleManager: Shutting down and abandoning module Niagara (348)
[2017.07.05-16.05.18:980][109]LogModuleManager: Shutting down and abandoning module NiagaraEditor (347)
[2017.07.05-16.05.18:997][109]LogModuleManager: Shutting down and abandoning module StreamingPauseRendering (344)
[2017.07.05-16.05.18:997][109]LogModuleManager: Shutting down and abandoning module AnalyticsET (342)
[2017.07.05-16.05.18:997][109]LogModuleManager: Shutting down and abandoning module PortalServices (340)
[2017.07.05-16.05.18:997][109]LogModuleManager: Shutting down and abandoning module PortalRpc (338)
[2017.07.05-16.05.18:997][109]LogModuleManager: Shutting down and abandoning module MessagingRpc (336)
[2017.07.05-16.05.18:997][109]LogModuleManager: Shutting down and abandoning module AIModule (334)
[2017.07.05-16.05.18:997][109]LogModuleManager: Shutting down and abandoning module GameplayDebugger (333)
[2017.07.05-16.05.18:997][109]LogModuleManager: Shutting down and abandoning module AITestSuite (331)
[2017.07.05-16.05.18:997][109]LogModuleManager: Shutting down and abandoning module ProfilerService (328)
[2017.07.05-16.05.19:014][109]LogModuleManager: Shutting down and abandoning module TaskGraph (326)
[2017.07.05-16.05.19:023][109]LogModuleManager: Shutting down and abandoning module SteamVRController (324)
[2017.07.05-16.05.19:023][109]LogModuleManager: Shutting down and abandoning module SteamVR (322)
[2017.07.05-16.05.19:023][109]LogModuleManager: Shutting down and abandoning module ProceduralMeshComponentEditor (320)
[2017.07.05-16.05.19:023][109]LogModuleManager: Shutting down and abandoning module ProceduralMeshComponent (318)
[2017.07.05-16.05.19:028][109]LogModuleManager: Shutting down and abandoning module OculusLibrary (316)
[2017.07.05-16.05.19:028][109]LogModuleManager: Shutting down and abandoning module OculusInput (314)
[2017.07.05-16.05.19:028][109]LogModuleManager: Shutting down and abandoning module MobilePatchingUtils (312)
[2017.07.05-16.05.19:028][109]LogModuleManager: Shutting down and abandoning module CustomMeshComponent (310)
[2017.07.05-16.05.19:028][109]LogModuleManager: Shutting down and abandoning module CableComponent (308)
[2017.07.05-16.05.19:028][109]LogModuleManager: Shutting down and abandoning module ArchVisCharacter (306)
[2017.07.05-16.05.19:028][109]LogModuleManager: Shutting down and abandoning module AndroidPermission (304)
[2017.07.05-16.05.19:028][109]LogModuleManager: Shutting down and abandoning module MediaPlayerEditor (300)
[2017.07.05-16.05.19:033][109]LogModuleManager: Shutting down and abandoning module HTML5Networking (298)
[2017.07.05-16.05.19:033][109]LogModuleManager: Shutting down and abandoning module AlembicImporter (296)
[2017.07.05-16.05.19:050][109]LogModuleManager: Shutting down and abandoning module AlembicLibrary (295)
[2017.07.05-16.05.19:050][109]LogModuleManager: Shutting down and abandoning module GeometryCache (294)
[2017.07.05-16.05.19:050][109]LogModuleManager: Shutting down and abandoning module GeometryCacheEd (293)
[2017.07.05-16.05.19:050][109]LogModuleManager: Shutting down and abandoning module SuperSearchEditor (288)
[2017.07.05-16.05.19:050][109]LogModuleManager: Shutting down and abandoning module SuperSearch (287)
[2017.07.05-16.05.19:050][109]LogModuleManager: Shutting down and abandoning module SpeedTreeImporter (284)
[2017.07.05-16.05.19:050][109]LogModuleManager: Shutting down and abandoning module PluginBrowser (282)
[2017.07.05-16.05.19:050][109]LogModuleManager: Shutting down and abandoning module MobileLauncherProfileWizard (280)
[2017.07.05-16.05.19:060][109]LogModuleManager: Shutting down and abandoning module VisualStudioSourceCodeAccess (278)
[2017.07.05-16.05.19:060][109]LogModuleManager: Shutting down and abandoning module DesktopPlatform (277)
[2017.07.05-16.05.19:060][109]LogModuleManager: Shutting down and abandoning module UObjectPlugin (274)
[2017.07.05-16.05.19:060][109]LogModuleManager: Shutting down and abandoning module SubversionSourceControl (272)
[2017.07.05-16.05.19:060][109]LogModuleManager: Shutting down and abandoning module PerforceSourceControl (270)
[2017.07.05-16.05.19:060][109]LogModuleManager: Shutting down and abandoning module GitSourceControl (268)
[2017.07.05-16.05.19:060][109]LogModuleManager: Shutting down and abandoning module SourceControl (267)
[2017.07.05-16.05.19:060][109]LogModuleManager: Shutting down and abandoning module LightPropagationVolumeEditor (264)
[2017.07.05-16.05.19:060][109]LogModuleManager: Shutting down and abandoning module PaperTiledImporter (262)
[2017.07.05-16.05.19:060][109]LogModuleManager: Shutting down and abandoning module PaperSpriteSheetImporter (260)
[2017.07.05-16.05.19:060][109]LogModuleManager: Shutting down and abandoning module Paper2DEditor (258)
[2017.07.05-16.05.19:061][109]LogModuleManager: Shutting down and abandoning module MeshPaint (257)
[2017.07.05-16.05.19:061][109]LogModuleManager: Shutting down and abandoning module LevelEditor (255)
[2017.07.05-16.05.19:062][109]LogModuleManager: Shutting down and abandoning module PixelInspectorModule (254)
[2017.07.05-16.05.19:062][109]LogModuleManager: Shutting down and abandoning module MainFrame (252)
[2017.07.05-16.05.19:062][109]LogModuleManager: Shutting down and abandoning module HotReload (251)
[2017.07.05-16.05.19:063][109]LogModuleManager: Shutting down and abandoning module PhysXVehiclesEditor (246)
[2017.07.05-16.05.19:063][109]LogModuleManager: Shutting down and abandoning module PhysXVehicles (244)
[2017.07.05-16.05.19:063][109]LogModuleManager: Shutting down and abandoning module LocationServicesBPLibrary (242)
[2017.07.05-16.05.19:063][109]LogModuleManager: Shutting down and abandoning module ImmediatePhysicsEditor (240)
[2017.07.05-16.05.19:063][109]LogModuleManager: Shutting down and abandoning module ImmediatePhysics (238)
[2017.07.05-16.05.19:063][109]LogModuleManager: Shutting down and abandoning module UdpMessaging (236)
[2017.07.05-16.05.19:164][109]LogModuleManager: Shutting down and abandoning module TcpMessaging (234)
[2017.07.05-16.05.19:264][109]LogModuleManager: Shutting down and abandoning module GameplayTagsEditor (232)
[2017.07.05-16.05.19:277][109]LogModuleManager: Shutting down and abandoning module FacialAnimationEditor (230)
[2017.07.05-16.05.19:277][109]LogModuleManager: Shutting down and abandoning module FacialAnimation (228)
[2017.07.05-16.05.19:277][109]LogModuleManager: Shutting down and abandoning module AssetManagerEditor (226)
[2017.07.05-16.05.19:288][109]LogModuleManager: Shutting down and abandoning module GraphEditor (225)
[2017.07.05-16.05.19:288][109]LogModuleManager: Shutting down and abandoning module ContentBrowser (223)
[2017.07.05-16.05.19:289][109]LogModuleManager: Shutting down and abandoning module LightPropagationVolumeRuntime (220)
[2017.07.05-16.05.19:289][109]LogModuleManager: Shutting down and abandoning module Paper2D (218)
[2017.07.05-16.05.19:297][109]LogModuleManager: Shutting down and abandoning module WindowsMoviePlayer (216)
[2017.07.05-16.05.19:297][109]LogModuleManager: Shutting down and abandoning module WmfMedia (214)
[2017.07.05-16.05.19:297][109]LogModuleManager: Shutting down and abandoning module ClothingSystemEditor (212)
[2017.07.05-16.05.19:298][109]LogModuleManager: Shutting down and abandoning module ClothingSystemRuntime (210)
[2017.07.05-16.05.19:311][109]LogModuleManager: Shutting down and abandoning module MediaAssets (208)
[2017.07.05-16.05.19:311][109]LogModuleManager: Shutting down and abandoning module GameLiveStreaming (206)
[2017.07.05-16.05.19:311][109]LogModuleManager: Shutting down and abandoning module VREditor (204)
[2017.07.05-16.05.19:311][109]LogModuleManager: Shutting down and abandoning module StringTableEditor (202)
[2017.07.05-16.05.19:340][109]LogModuleManager: Shutting down and abandoning module GameplayTasksEditor (200)
[2017.07.05-16.05.19:340][109]LogModuleManager: Shutting down and abandoning module BehaviorTreeEditor (198)
[2017.07.05-16.05.19:353][109]LogModuleManager: Shutting down and abandoning module FunctionalTesting (196)
[2017.07.05-16.05.19:353][109]LogModuleManager: Shutting down and abandoning module CollisionAnalyzer (194)
[2017.07.05-16.05.19:365][109]LogModuleManager: Shutting down and abandoning module UMG (192)
[2017.07.05-16.05.19:379][109]LogModuleManager: Shutting down and abandoning module UMGEditor (191)
[2017.07.05-16.05.19:388][109]LogModuleManager: Shutting down and abandoning module Sequencer (190)
[2017.07.05-16.05.19:392][109]LogModuleManager: Shutting down and abandoning module AssetTools (188)
[2017.07.05-16.05.19:416][109]LogModuleManager: Shutting down and abandoning module MessageLog (187)
[2017.07.05-16.05.19:416][109]LogModuleManager: Shutting down and abandoning module WorkspaceMenuStructure (186)
[2017.07.05-16.05.19:416][109]LogModuleManager: Shutting down and abandoning module SlateReflector (180)
[2017.07.05-16.05.19:438][109]LogModuleManager: Shutting down and abandoning module Slate (178)
[2017.07.05-16.05.19:438][109]LogModuleManager: Shutting down and abandoning module EditorStyle (176)
[2017.07.05-16.05.19:443][109]LogModuleManager: Shutting down and abandoning module SourceCodeAccess (174)
[2017.07.05-16.05.19:443][109]LogModuleManager: Shutting down and abandoning module HeadMountedDisplay (172)
[2017.07.05-16.05.19:443][109]LogModuleManager: Shutting down and abandoning module XAudio2 (170)
[2017.07.05-16.05.19:443][109]LogModuleManager: Shutting down and abandoning module Networking (168)
[2017.07.05-16.05.19:443][109]LogModuleManager: Shutting down and abandoning module Core (164)
[2017.07.05-16.05.19:443][109]LogModuleManager: Shutting down and abandoning module AssetRegistry (162)
[2017.07.05-16.05.19:684][109]LogDirectoryWatcher: A directory notification for '../../../Engine/Content/' was aborted.
[2017.07.05-16.05.19:684][109]LogDirectoryWatcher: A directory notification for 'C:/Users/Takex/OneDrive/Документы/GitHub/Tower-Battle/UnrealProject/TB/Content/' was aborted.
[2017.07.05-16.05.19:684][109]LogDirectoryWatcher: A directory notification for '../../../Engine/Plugins/2D/Paper2D/Content/' was aborted.
[2017.07.05-16.05.19:684][109]LogDirectoryWatcher: A directory notification for '../../../Engine/Plugins/Runtime/GearVR/Content/' was aborted.
[2017.07.05-16.05.19:689][109]LogModuleManager: Shutting down and abandoning module DirectoryWatcher (161)
[2017.07.05-16.05.19:690][109]LogModuleManager: Shutting down and abandoning module KismetCompiler (158)
[2017.07.05-16.05.19:690][109]LogModuleManager: Shutting down and abandoning module LevelSequence (156)
[2017.07.05-16.05.19:690][109]LogModuleManager: Shutting down and abandoning module PhysXFormats (154)
[2017.07.05-16.05.19:690][109]LogModuleManager: Shutting down and abandoning module MeshUtilities (152)
[2017.07.05-16.05.19:690][109]LogModuleManager: Shutting down and abandoning module SimplygonSwarm (151)
[2017.07.05-16.05.19:690][109]LogModuleManager: Shutting down and abandoning module SimplygonMeshReduction (149)
[2017.07.05-16.05.19:690][109]LogModuleManager: Shutting down and abandoning module QuadricMeshReduction (147)
[2017.07.05-16.05.19:690][109]LogModuleManager: Shutting down and abandoning module DerivedDataCache (144)
[2017.07.05-16.05.19:781][109]LogDerivedDataCache: Shutdown
[2017.07.05-16.05.19:781][109]LogModuleManager: Shutting down and abandoning module TargetPlatform (142)
[2017.07.05-16.05.19:781][109]LogModuleManager: Shutting down and abandoning module VulkanShaderFormat (141)
[2017.07.05-16.05.19:781][109]LogModuleManager: Shutting down and abandoning module ShaderFormatVectorVM (139)
[2017.07.05-16.05.19:792][109]LogModuleManager: Shutting down and abandoning module ShaderFormatOpenGL (137)
[2017.07.05-16.05.19:798][109]LogModuleManager: Shutting down and abandoning module ShaderFormatD3D (135)
[2017.07.05-16.05.19:798][109]LogModuleManager: Shutting down and abandoning module MetalShaderFormat (133)
[2017.07.05-16.05.19:827][109]LogModuleManager: Shutting down and abandoning module TextureFormatUncompressed (131)
[2017.07.05-16.05.19:827][109]LogModuleManager: Shutting down and abandoning module TextureFormatPVR (129)
[2017.07.05-16.05.19:827][109]LogModuleManager: Shutting down and abandoning module TextureFormatDXT (127)
[2017.07.05-16.05.19:827][109]LogModuleManager: Shutting down and abandoning module TextureFormatIntelISPCTexComp (125)
[2017.07.05-16.05.19:828][109]LogModuleManager: Shutting down and abandoning module TextureFormatASTC (123)
[2017.07.05-16.05.19:828][109]LogModuleManager: Shutting down and abandoning module ImageWrapper (122)
[2017.07.05-16.05.19:828][109]LogModuleManager: Shutting down and abandoning module TextureFormatAndroid (119)
[2017.07.05-16.05.19:828][109]LogModuleManager: Shutting down and abandoning module AudioFormatOpus (117)
[2017.07.05-16.05.19:828][109]LogModuleManager: Shutting down and abandoning module AudioFormatOgg (115)
[2017.07.05-16.05.19:828][109]LogModuleManager: Shutting down and abandoning module AudioFormatADPCM (113)
[2017.07.05-16.05.19:828][109]LogModuleManager: Shutting down and abandoning module LinuxTargetPlatform (111)
[2017.07.05-16.05.19:828][109]LogModuleManager: Shutting down and abandoning module LinuxServerTargetPlatform (109)
[2017.07.05-16.05.19:828][109]LogModuleManager: Shutting down and abandoning module LinuxNoEditorTargetPlatform (107)
[2017.07.05-16.05.19:828][109]LogModuleManager: Shutting down and abandoning module LinuxClientTargetPlatform (105)
[2017.07.05-16.05.19:828][109]LogModuleManager: Shutting down and abandoning module TVOSTargetPlatform (103)
[2017.07.05-16.05.19:828][109]LogModuleManager: Shutting down and abandoning module Messaging (101)
[2017.07.05-16.05.19:828][109]LogModuleManager: Shutting down and abandoning module IOSTargetPlatform (99)
[2017.07.05-16.05.19:828][109]LogModuleManager: Shutting down and abandoning module HTML5TargetPlatform (97)
[2017.07.05-16.05.19:828][109]LogModuleManager: Shutting down and abandoning module Android_PVRTCTargetPlatform (95)
[2017.07.05-16.05.19:828][109]LogModuleManager: Shutting down and abandoning module Android_MultiTargetPlatform (93)
[2017.07.05-16.05.19:828][109]LogModuleManager: Shutting down and abandoning module Android_ETC2TargetPlatform (91)
[2017.07.05-16.05.19:828][109]LogModuleManager: Shutting down and abandoning module Android_ETC1TargetPlatform (89)
[2017.07.05-16.05.19:828][109]LogModuleManager: Shutting down and abandoning module Android_DXTTargetPlatform (87)
[2017.07.05-16.05.19:828][109]LogModuleManager: Shutting down and abandoning module Android_ATCTargetPlatform (85)
[2017.07.05-16.05.19:828][109]LogModuleManager: Shutting down and abandoning module Android_ASTCTargetPlatform (83)
[2017.07.05-16.05.19:828][109]LogModuleManager: Shutting down and abandoning module AndroidTargetPlatform (81)
[2017.07.05-16.05.19:828][109]LogModuleManager: Shutting down and abandoning module WindowsTargetPlatform (79)
[2017.07.05-16.05.19:828][109]LogModuleManager: Shutting down and abandoning module WindowsServerTargetPlatform (77)
[2017.07.05-16.05.19:828][109]LogModuleManager: Shutting down and abandoning module WindowsNoEditorTargetPlatform (75)
[2017.07.05-16.05.19:828][109]LogModuleManager: Shutting down and abandoning module WindowsClientTargetPlatform (73)
[2017.07.05-16.05.19:828][109]LogModuleManager: Shutting down and abandoning module MacTargetPlatform (71)
[2017.07.05-16.05.19:828][109]LogModuleManager: Shutting down and abandoning module MacServerTargetPlatform (69)
[2017.07.05-16.05.19:828][109]LogModuleManager: Shutting down and abandoning module MacNoEditorTargetPlatform (67)
[2017.07.05-16.05.19:828][109]LogModuleManager: Shutting down and abandoning module MacClientTargetPlatform (65)
[2017.07.05-16.05.19:828][109]LogModuleManager: Shutting down and abandoning module AllDesktopTargetPlatform (63)
[2017.07.05-16.05.19:828][109]LogModuleManager: Shutting down and abandoning module InputCore (60)
[2017.07.05-16.05.19:828][109]LogModuleManager: Shutting down and abandoning module Settings (58)
[2017.07.05-16.05.19:828][109]LogModuleManager: Shutting down and abandoning module OculusRift (56)
[2017.07.05-16.05.19:828][109]LogModuleManager: Shutting down and abandoning module GearVRController (54)
[2017.07.05-16.05.19:828][109]LogModuleManager: Shutting down and abandoning module GearVR (52)
[2017.07.05-16.05.19:838][109]LogModuleManager: Shutting down and abandoning module ExampleDeviceProfileSelector (50)
[2017.07.05-16.05.19:838][109]LogModuleManager: Shutting down and abandoning module OnlineBlueprintSupport (48)
[2017.07.05-16.05.19:838][109]LogModuleManager: Shutting down and abandoning module OnlineSubsystem (44)
[2017.07.05-16.05.19:838][109]LogOnline:Display: Unloading online subsystem: NULL
[2017.07.05-16.05.19:853][109]LogModuleManager: Shutting down and abandoning module XMPP (43)
[2017.07.05-16.05.19:880][109]LogModuleManager: Shutting down and abandoning module HTTP (41)
[2017.07.05-16.05.19:880][109]LogHttp:Display: Http module shutting down, but needs to wait on 1 outstanding Http requests:
[2017.07.05-16.05.19:880][109]LogHttp:Display: 	verb=[POST] url=[https://datarouter.ol.epicgames.com/datarouter/api/v1/public/data?SessionID=%7B330B5FD4-4C37-4B0A-AB60-8DBC28D8AE73%7D&AppID=UEEditor.Rocket.Release&AppVersion=4.16.2-3514769%2B%2B%2BUE4%2BRelease-4.16&UserID=e05968154ba330c86bd9bf99e556a741%7C2598d7593dcf4342b54074422ea0a06e%7Caba18a0d-79f7-4f5a-94c3-2c0a7b93a8ca&AppEnvironment=datacollector-binary&UploadType=eteventstream] status=Processing
[2017.07.05-16.05.19:883][109]LogModuleManager: Shutting down and abandoning module SSL (40)
[2017.07.05-16.05.19:885][109]LogModuleManager: Shutting down and abandoning module HTTPChunkInstaller (36)
[2017.07.05-16.05.19:907][109]LogModuleManager: Shutting down and abandoning module AnimationModifiers (34)
[2017.07.05-16.05.19:917][109]LogModuleManager: Shutting down and abandoning module PropertyEditor (33)
[2017.07.05-16.05.19:917][109]LogModuleManager: Shutting down and abandoning module AudioEditor (30)
[2017.07.05-16.05.19:936][109]LogModuleManager: Shutting down and abandoning module TextureCompressor (28)
[2017.07.05-16.05.19:936][109]LogModuleManager: Shutting down and abandoning module ShaderCore (26)
[2017.07.05-16.05.19:936][109]LogModuleManager: Shutting down and abandoning module Landscape (24)
[2017.07.05-16.05.19:936][109]LogModuleManager: Shutting down and abandoning module SlateRHIRenderer (22)
[2017.07.05-16.05.19:952][109]LogModuleManager: Shutting down and abandoning module OpenGLDrv (20)
[2017.07.05-16.05.19:965][109]LogModuleManager: Shutting down and abandoning module D3D11RHI (18)
[2017.07.05-16.05.19:965][109]LogModuleManager: Shutting down and abandoning module AnimGraphRuntime (16)
[2017.07.05-16.05.19:965][109]LogModuleManager: Shutting down and abandoning module Renderer (14)
[2017.07.05-16.05.19:965][109]LogModuleManager: Shutting down and abandoning module Engine (12)
[2017.07.05-16.05.19:965][109]LogModuleManager: Shutting down and abandoning module CoreUObject (10)
[2017.07.05-16.05.19:965][109]LogModuleManager: Shutting down and abandoning module NetworkFile (8)
[2017.07.05-16.05.19:965][109]LogModuleManager: Shutting down and abandoning module StreamingFile (6)
[2017.07.05-16.05.19:965][109]LogModuleManager: Shutting down and abandoning module SandboxFile (4)
[2017.07.05-16.05.19:965][109]LogModuleManager: Shutting down and abandoning module PakFile (2)
[2017.07.05-16.05.19:966][109]LogExit: Exiting.
[2017.07.05-16.05.19:978][109]Log file closed, 07/05/17 19:05:19
