Log file open, 07/10/17 02:05:54
LogInit:Display: Running engine for game: TB
LogPlatformFile: Not using cached read wrapper
LogInit:Display: RandInit(1827447508) SRandInit(1827447509).
LogTaskGraph: Started task graph with 5 named threads and 6 total threads with 1 sets of task threads.
LogStats: Stats thread started at 0.166174
LogInit: Using libcurl 7.47.1
LogInit:  - built for x86_64-pc-win32
LogInit:  - supports SSL with OpenSSL/1.0.2g
LogInit:  - supports HTTP deflate (compression) using libz 1.2.8
LogInit:  - other features:
LogInit:      CURL_VERSION_SSL
LogInit:      CURL_VERSION_LIBZ
LogInit:      CURL_VERSION_IPV6
LogInit:      CURL_VERSION_ASYNCHDNS
LogInit:      CURL_VERSION_LARGEFILE
LogInit:      CURL_VERSION_IDN
LogInit:  CurlRequestOptions (configurable via config and command line):
LogInit:  - bVerifyPeer = false  - Libcurl will NOT verify peer certificate
LogInit:  - bUseHttpProxy = false  - Libcurl will NOT use HTTP proxy
LogInit:  - bDontReuseConnections = false  - Libcurl will reuse connections
LogInit:  - CertBundlePath = nullptr  - Libcurl will use whatever was configured at build time.
LogInit: Build: ++UE4+Release-4.16-CL-3514769
LogInit: Engine Version: 4.16.2-3514769+++UE4+Release-4.16
LogInit: Compatible Engine Version: 4.16.0-3452394+++UE4+Release-4.16
LogInit: Net CL: 3452394
LogDevObjectVersion: Number of dev versions registered: 16
LogDevObjectVersion:   Dev-Blueprints (B0D832E4-1F89-4F0D-ACCF-7EB736FD4AA2): 9
LogDevObjectVersion:   Dev-Build (E1C64328-A22C-4D53-A36C-8E866417BD8C): 0
LogDevObjectVersion:   Dev-Core (375EC13C-06E4-48FB-B500-84F0262A717E): 2
LogDevObjectVersion:   Dev-Editor (E4B068ED-F494-42E9-A231-DA0B2E46BB41): 17
LogDevObjectVersion:   Dev-Framework (CFFC743F-43B0-4480-9391-14DF171D2073): 23
LogDevObjectVersion:   Dev-Mobile (B02B49B5-BB20-44E9-A304-32B752E40360): 0
LogDevObjectVersion:   Dev-Networking (A4E4105C-59A1-49B5-A7C5-40C4547EDFEE): 0
LogDevObjectVersion:   Dev-Online (39C831C9-5AE6-47DC-9A44-9C173E1C8E7C): 0
LogDevObjectVersion:   Dev-Physics (78F01B33-EBEA-4F98-B9B4-84EACCB95AA2): 0
LogDevObjectVersion:   Dev-Platform (6631380F-2D4D-43E0-8009-CF276956A95A): 0
LogDevObjectVersion:   Dev-Rendering (12F88B9F-8875-4AFC-A67C-D90C383ABD29): 15
LogDevObjectVersion:   Dev-Sequencer (7B5AE74C-D270-4C10-A958-57980B212A5A): 4
LogDevObjectVersion:   Dev-VR (D7296918-1DD6-4BDD-9DE2-64A83CC13884): 0
LogDevObjectVersion:   Dev-LoadTimes (C2A15278-BFE7-4AFE-6C17-90FF531DF755): 1
LogDevObjectVersion:   Private-Geometry (6EACA3D4-40EC-4CC1-B786-8BED09428FC5): 1
LogDevObjectVersion:   Dev-AnimPhys (29E575DD-E0A3-4627-9D10-D276232CDCEA): 3
LogInit: Compiled (64-bit): Jun 29 2017 02:03:24
LogInit: Compiled with Visual C++: 19.00.24215.01
LogInit: Build Configuration: Development
LogInit: Branch Name: ++UE4+Release-4.16
LogInit: Command line:  
LogInit: Base directory: D:/Epic Games/UE_4.16/Engine/Binaries/Win64/
LogInit: Installed Engine Build: 1
LogInit: Presizing for max 8388607 objects, including 0 objects not considered by GC, pre-allocating 0 bytes for permanent pool.
LogInit: Object subsystem initialized
[2017.07.09-23.05.58:052][  0]LogInit: Selected Device Profile: [Windows]
[2017.07.09-23.05.58:052][  0]LogInit: Applying CVar settings loaded from the selected device profile: [Windows]
[2017.07.09-23.05.58:292][  0]LogInit: Computer: DESKTOP-LUMPQHN
[2017.07.09-23.05.58:292][  0]LogInit: User: Takex
[2017.07.09-23.05.58:292][  0]LogInit: CPU Page size=4096, Cores=2
[2017.07.09-23.05.58:292][  0]LogInit: High frequency timer resolution =3.234378 MHz
[2017.07.09-23.05.58:309][  0]LogMemory: Memory total: Physical=8.0GB (8GB approx)
[2017.07.09-23.05.58:309][  0]LogMemory: Platform Memory Stats for Windows
[2017.07.09-23.05.58:309][  0]LogMemory: Process Physical Memory: 273.38 MB used, 273.38 MB peak
[2017.07.09-23.05.58:309][  0]LogMemory: Process Virtual Memory: 266.57 MB used, 266.57 MB peak
[2017.07.09-23.05.58:309][  0]LogMemory: Physical Memory: 5024.24 MB used,  3127.32 MB free, 8151.57 MB total
[2017.07.09-23.05.58:309][  0]LogMemory: Virtual Memory: 641.98 MB used,  3127.32 MB free, 134217728.00 MB total
[2017.07.09-23.06.00:755][  0]LogInit: Using OS detected language (ru-RU).
[2017.07.09-23.06.00:755][  0]LogInit: Using OS detected locale (ru-RU).
[2017.07.09-23.06.01:177][  0]LogTextLocalizationManager: No localization for 'ru-RU' exists, so 'en' will be used for the language.
[2017.07.09-23.06.01:177][  0]LogTextLocalizationManager: No localization for 'ru-RU' exists, so 'en' will be used for the locale.
[2017.07.09-23.06.10:572][  0]LogD3D11RHI: D3D11 adapters:
[2017.07.09-23.06.10:625][  0]LogD3D11RHI:    0. 'NVIDIA GeForce GT 730' (Feature Level 11_0)
[2017.07.09-23.06.10:625][  0]LogD3D11RHI:       995/0/4075 MB DedicatedVideo/DedicatedSystem/SharedSystem, Outputs:1, VendorId:0x10de
[2017.07.09-23.06.10:627][  0]LogD3D11RHI:    1. 'Microsoft Basic Render Driver' (Feature Level 11_0)
[2017.07.09-23.06.10:627][  0]LogD3D11RHI:       0/0/4075 MB DedicatedVideo/DedicatedSystem/SharedSystem, Outputs:0, VendorId:0x1414
[2017.07.09-23.06.10:627][  0]LogD3D11RHI: Chosen D3D11 Adapter: 0
[2017.07.09-23.06.10:702][  0]LogD3D11RHI: Creating new Direct3DDevice
[2017.07.09-23.06.10:703][  0]LogD3D11RHI:     GPU DeviceId: 0x1287 (for the marketing name, search the web for "GPU Device Id")
[2017.07.09-23.06.10:703][  0]LogWindows: EnumDisplayDevices:
[2017.07.09-23.06.10:703][  0]LogWindows:    0. 'NVIDIA GeForce GT 730' (P:1 D:1)
[2017.07.09-23.06.10:703][  0]LogWindows:    1. 'NVIDIA GeForce GT 730' (P:0 D:0)
[2017.07.09-23.06.10:703][  0]LogWindows:    2. 'NVIDIA GeForce GT 730' (P:0 D:0)
[2017.07.09-23.06.10:703][  0]LogWindows: DebugString: FoundDriverCount:3 
[2017.07.09-23.06.10:703][  0]LogD3D11RHI:     Adapter Name: NVIDIA GeForce GT 730
[2017.07.09-23.06.10:703][  0]LogD3D11RHI:   Driver Version: 382.05 (internal:22.21.13.8205, unified:382.05)
[2017.07.09-23.06.10:703][  0]LogD3D11RHI:      Driver Date: 5-1-2017
[2017.07.09-23.06.10:704][  0]LogRHI: Texture pool is 696 MB (70% of 995 MB)
[2017.07.09-23.06.10:784][  0]LogD3D11RHI: Async texture creation enabled
[2017.07.09-23.06.11:777][  0]LogD3D11RHI: GPU Timing Frequency: 1000.000000 (Debug: 2 2)
[2017.07.09-23.06.12:074][  0]LogShaderCompilers: Guid format shader working directory is -25 characters bigger than the processId version (C:/Users/Takex/OneDrive/Документы/GitHub/Tower-Battle/UnrealProject/TB/Intermediate/Shaders/WorkingDirectory/11688/).
[2017.07.09-23.06.12:075][  0]LogShaderCompilers: Cleaned the shader compiler working directory 'C:/Users/Takex/AppData/Local/Temp/UnrealShaderWorkingDir/A66AA842415ECA8EBD0AE6AE88BB531D/'.
[2017.07.09-23.06.12:085][  0]LogShaderCompilers:Display: Using Local Shader Compiler.
[2017.07.09-23.06.20:906][  0]LogTemp:Display: Loaded TP AllDesktopTargetPlatform
[2017.07.09-23.06.20:953][  0]LogTemp:Display: Loaded TP MacClientTargetPlatform
[2017.07.09-23.06.20:999][  0]LogTemp:Display: Loaded TP MacNoEditorTargetPlatform
[2017.07.09-23.06.21:046][  0]LogTemp:Display: Loaded TP MacServerTargetPlatform
[2017.07.09-23.06.21:128][  0]LogTemp:Display: Loaded TP MacTargetPlatform
[2017.07.09-23.06.21:180][  0]LogTemp:Display: Loaded TP WindowsClientTargetPlatform
[2017.07.09-23.06.21:233][  0]LogTemp:Display: Loaded TP WindowsNoEditorTargetPlatform
[2017.07.09-23.06.21:280][  0]LogTemp:Display: Loaded TP WindowsServerTargetPlatform
[2017.07.09-23.06.21:336][  0]LogTemp:Display: Loaded TP WindowsTargetPlatform
[2017.07.09-23.06.21:399][  0]LogTemp:Display: Loaded TP AndroidTargetPlatform
[2017.07.09-23.06.21:445][  0]LogTemp:Display: Loaded TP Android_ASTCTargetPlatform
[2017.07.09-23.06.21:491][  0]LogTemp:Display: Loaded TP Android_ATCTargetPlatform
[2017.07.09-23.06.21:541][  0]LogTemp:Display: Loaded TP Android_DXTTargetPlatform
[2017.07.09-23.06.21:588][  0]LogTemp:Display: Loaded TP Android_ETC1TargetPlatform
[2017.07.09-23.06.21:634][  0]LogTemp:Display: Loaded TP Android_ETC2TargetPlatform
[2017.07.09-23.06.21:737][  0]LogTemp:Display: Loaded TP Android_MultiTargetPlatform
[2017.07.09-23.06.21:737][  0]LogTemp:Display: Loaded TP Android_PVRTCTargetPlatform
[2017.07.09-23.06.21:771][  0]LogTemp:Display: Loaded TP HTML5TargetPlatform
[2017.07.09-23.06.21:966][  0]LogTemp:Display: Loaded TP IOSTargetPlatform
[2017.07.09-23.06.21:998][  0]LogTemp:Display: Loaded TP TVOSTargetPlatform
[2017.07.09-23.06.22:045][  0]LogTemp:Display: Loaded TP LinuxClientTargetPlatform
[2017.07.09-23.06.22:091][  0]LogTemp:Display: Loaded TP LinuxNoEditorTargetPlatform
[2017.07.09-23.06.22:147][  0]LogTemp:Display: Loaded TP LinuxServerTargetPlatform
[2017.07.09-23.06.22:226][  0]LogTemp:Display: Loaded TP LinuxTargetPlatform
[2017.07.09-23.06.22:258][  0]LogTargetPlatformManager:Display: Building Assets For Windows
[2017.07.09-23.06.25:100][  0]LogDerivedDataCache:Display: Max Cache Size: 512 MB
[2017.07.09-23.06.25:487][  0]LogDerivedDataCache: Loaded boot cache 0.39s 90MB C:/Users/Takex/AppData/Local/UnrealEngine/4.16/DerivedDataCache/Boot.ddc.
[2017.07.09-23.06.25:487][  0]LogDerivedDataCache:Display: Loaded Boot cache: C:/Users/Takex/AppData/Local/UnrealEngine/4.16/DerivedDataCache/Boot.ddc
[2017.07.09-23.06.25:487][  0]LogDerivedDataCache: FDerivedDataBackendGraph:  Pak pak cache file C:/Users/Takex/OneDrive/Документы/GitHub/Tower-Battle/UnrealProject/TB/DerivedDataCache/DDC.ddp not found, will not use a pak cache.
[2017.07.09-23.06.25:487][  0]LogDerivedDataCache: Unable to find inner node Pak for hierarchical cache Hierarchy.
[2017.07.09-23.06.25:487][  0]LogDerivedDataCache: FDerivedDataBackendGraph:  CompressedPak pak cache file C:/Users/Takex/OneDrive/Документы/GitHub/Tower-Battle/UnrealProject/TB/DerivedDataCache/Compressed.ddp not found, will not use a pak cache.
[2017.07.09-23.06.25:487][  0]LogDerivedDataCache: Unable to find inner node CompressedPak for hierarchical cache Hierarchy.
[2017.07.09-23.06.25:672][  0]LogDerivedDataCache:Display: Pak cache opened for reading ../../../Engine/DerivedDataCache/Compressed.ddp.
[2017.07.09-23.06.25:686][  0]LogDerivedDataCache: Using Local data cache path C:/Users/Takex/AppData/Local/UnrealEngine/Common/DerivedDataCache: Writable
[2017.07.09-23.06.25:972][  0]LogMaterial: Verifying Global Shaders for PCD3D_SM5
[2017.07.09-23.06.26:182][  0]LogSlate: Using Freetype 2.6.0
[2017.07.09-23.06.26:465][  0]LogSlate: SlateFontCache - WITH_FREETYPE: 1, WITH_HARFBUZZ: 1
[2017.07.09-23.06.26:465][  0]LogSlate: SlateFontCache - WITH_FREETYPE: 1, WITH_HARFBUZZ: 1
[2017.07.09-23.06.58:376][  0]LogInit: Selected Device Profile: [Windows]
[2017.07.09-23.07.01:861][  0]LogContentStreaming: Texture pool size is 0.00 MB
[2017.07.09-23.07.04:089][  0]LogMeshUtilities: Using QuadricMeshReduction for automatic static mesh reduction
[2017.07.09-23.07.04:450][  0]LogSimplygon: Simplygon DLL not present - disabling.
[2017.07.09-23.07.04:604][  0]LogMeshUtilities: Using SimplygonSwarm for distributed automatic mesh merging
[2017.07.09-23.07.04:604][  0]LogMeshUtilities: No automatic skeletal mesh reduction module available
[2017.07.09-23.07.04:604][  0]LogMeshUtilities: No automatic mesh merging module available
[2017.07.09-23.07.23:305][  0]LogNetVersion: TB , NetCL: 3452394, EngineNetVer: 2, GameNetVer: 0 (Checksum: 2755021592)
[2017.07.09-23.07.24:355][  0]LogAssetRegistry: FAssetRegistry took 0.0556 seconds to start up
[2017.07.09-23.07.24:711][  0]LogPackageLocalizationCache: Processed 4 localized package path(s) for 1 prioritized culture(s) in 0.136842 seconds
[2017.07.09-23.07.24:885][  0]LogUObjectArray: 34194 objects as part of root set at end of initial load.
[2017.07.09-23.07.24:885][  0]LogUObjectAllocator: 7260416 out of 0 bytes used by permanent object pool.
[2017.07.09-23.07.24:920][  0]LogUObjectArray: CloseDisregardForGC: 0/0 objects in disregard for GC pool
[2017.07.09-23.07.25:084][  0]LogInit: WinSock: version 1.1 (2.2), MaxSocks=32767, MaxUdp=65467
[2017.07.09-23.08.15:118][  0]LogTcpMessaging: Initializing TcpMessaging bridge
[2017.07.09-23.08.15:177][  0]LogUdpMessaging: Initializing bridge on interface 0.0.0.0:0 to multicast group 230.0.0.1:6666.
[2017.07.09-23.08.16:933][  0]LogMaterial: Uniform references updated for custom material expression Custom.
[2017.07.09-23.08.19:071][  0]SourceControl: Info Source control is disabled
[2017.07.09-23.08.19:072][  0]SourceControl: Info Source control is disabled
[2017.07.09-23.08.19:288][  0]SourceControl: Info Source control is disabled
[2017.07.09-23.08.19:470][  0]SourceControl: Info Source control is disabled
[2017.07.09-23.08.21:902][  0]LogAndroidPermission: UAndroidPermissionCallbackProxy::GetInstance
[2017.07.09-23.08.24:745][  0]LogEngine: Initializing Engine...
[2017.07.09-23.08.24:873][  0]LogHMD: Failed to initialize OpenVR with code 110
[2017.07.09-23.08.26:717][  0]LogStats: UGameplayTagsManager::ConstructGameplayTagTree: Construct from data asset -  0.000 s
[2017.07.09-23.08.26:737][  0]LogStats: UGameplayTagsManager::ConstructGameplayTagTree: GameplayTagTreeChangedEvent.Broadcast -  0.018 s
[2017.07.09-23.08.28:823][  0]LogAIModule: Creating AISystem for world Untitled
[2017.07.09-23.08.29:773][  0]LogInit: XAudio2 using 'Динамики (Realtek High Definition Audio)' : 2 channels at 48 kHz using 32 bits per sample (channel mask 0x3)
[2017.07.09-23.08.29:789][  0]LogInit: FAudioDevice initialized.
[2017.07.09-23.08.29:880][  0]LogDerivedDataCache: Saved boot cache 0.05s 90MB C:/Users/Takex/AppData/Local/UnrealEngine/4.16/DerivedDataCache/Boot.ddc.
[2017.07.09-23.08.29:896][  0]LogInit: Texture streaming: Enabled
[2017.07.09-23.08.30:327][  0]LogEngineSessionManager: EngineSessionManager initialized
[2017.07.09-23.08.31:770][  0]LogInit: Transaction tracking system initialized
[2017.07.09-23.08.33:157][  0]BlueprintLog: New page: Editor Load
[2017.07.09-23.08.37:737][  0]LocalizationService: Info Localization service is disabled
[2017.07.09-23.08.40:856][  0]LogConsoleResponse:Display: 
[2017.07.09-23.08.46:483][  0]LogFileCache: Scanning file cache for directory 'C:/Users/Takex/OneDrive/Документы/GitHub/Tower-Battle/UnrealProject/TB/Content/' took 0.05s
[2017.07.09-23.08.46:483][  0]LogCook:Display: Max memory allowance for cook 16384mb min free memory 0mb
[2017.07.09-23.08.46:483][  0]LogCook:Display: Mobile HDR setting 1
[2017.07.09-23.08.52:558][  0]SourceControl: Info Source control is disabled
[2017.07.09-23.08.52:733][  0]Cmd: MAP LOAD FILE="../../../Engine/Content/Maps/Templates/Template_Default.umap" TEMPLATE=1 SHOWPROGRESS=1 FEATURELEVEL=3
[2017.07.09-23.08.52:846][  0]LightingResults: New page: Lighting Build
[2017.07.09-23.08.53:957][  0]MapCheck: New page: Map Check
[2017.07.09-23.08.53:957][  0]LightingResults: New page: Lighting Build
[2017.07.09-23.09.00:286][  0]LogAIModule: Creating AISystem for world Untitled_1
[2017.07.09-23.09.00:324][  0]LogActorComponent: RegisterComponentWithWorld: (/Temp/Untitled_1.Untitled_1:PersistentLevel.WorldSettings_1.StaticMeshComponent0) Trying to register component with IsPendingKill() == true. Aborting.
[2017.07.09-23.09.02:288][  0]LogEditorServer: Finished looking for orphan Actors (0.001 secs)
[2017.07.09-23.09.03:053][  0]Cmd: MAP CHECKDEP NOCLEARLOG
[2017.07.09-23.09.03:268][  0]MapCheck: Info Map check complete: 0 Error(s), 0 Warning(s), took 171.428ms to complete.
[2017.07.09-23.09.03:281][  0]LogFileHelpers: Loading map 'Template_Default' took 10.659
[2017.07.09-23.09.10:133][  0]LogCollectionManager: Loaded 0 collections in 0.001355 seconds
[2017.07.09-23.09.10:652][  0]LogFileCache: Scanning file cache for directory 'C:/Users/Takex/OneDrive/Документы/GitHub/Tower-Battle/UnrealProject/TB/Saved/Collections/' took 0.01s
[2017.07.09-23.09.10:652][  0]LogFileCache: Scanning file cache for directory 'C:/Users/Takex/OneDrive/Документы/GitHub/Tower-Battle/UnrealProject/TB/Content/Developers/Takex/Collections/' took 0.01s
[2017.07.09-23.09.10:652][  0]LogFileCache: Scanning file cache for directory 'C:/Users/Takex/OneDrive/Документы/GitHub/Tower-Battle/UnrealProject/TB/Content/Collections/' took 0.00s
[2017.07.09-23.09.10:652][  0]LogCollectionManager: Rebuilt the GUID cache for 0 collections in 0.000002 seconds
[2017.07.09-23.09.10:728][  0]LogContentBrowser: Native class hierarchy populated in 0.0356 seconds. Added 2329 classes and 491 folders.
[2017.07.09-23.09.11:173][  0]LogContentBrowser: Native class hierarchy updated for 'WidgetCarousel' in 0.0005 seconds. Added 0 classes and 0 folders.
[2017.07.09-23.09.14:174][  0]LogContentBrowser: Native class hierarchy updated for 'AddContentDialog' in 0.0006 seconds. Added 0 classes and 0 folders.
[2017.07.09-23.09.14:390][  0]LogContentBrowser: Native class hierarchy updated for 'SceneOutliner' in 0.0007 seconds. Added 1 classes and 2 folders.
[2017.07.09-23.09.18:545][  0]LogCrashTracker: Crashtracker disabled due to settings.
[2017.07.09-23.09.19:391][  0]LogSlate: Took 0.025468 seconds to synchronously load lazily loaded font '../../../Engine/Content/Slate/Fonts/Roboto-Regular.ttf' (155K)
[2017.07.09-23.09.19:722][  0]LogSlate: Took 0.017813 seconds to synchronously load lazily loaded font '../../../Engine/Content/Slate/Fonts/Roboto-Bold.ttf' (160K)
[2017.07.09-23.09.19:879][  0]LogSlate: Took 0.055105 seconds to synchronously load lazily loaded font '../../../Engine/Content/Editor/Slate/Fonts/FontAwesome.ttf' (139K)
[2017.07.09-23.09.21:521][  0]LogRenderer: Reallocating scene render targets to support 1336x600 NumSamples 1 (Frame:1).
[2017.07.09-23.09.25:027][  0]LogUObjectGlobals:Warning: Failed to find object 'Class None.'
[2017.07.09-23.09.25:334][  0]LogContentBrowser: Native class hierarchy updated for 'HierarchicalLODOutliner' in 0.0005 seconds. Added 1 classes and 2 folders.
[2017.07.09-23.09.25:334][  0]LogLoad: (Engine Initialization) Total time: 221.59 seconds
[2017.07.09-23.09.25:334][  0]LogLoad: (Engine Initialization) Total Blueprint compile time: 2.99 seconds
[2017.07.09-23.09.25:334][  0]LogExternalProfiler: No external profilers were discovered.  External profiling features will not be available.
[2017.07.09-23.09.25:802][  0]LogOcInput: OculusInput pre-init called
[2017.07.09-23.09.25:827][  0]LogHMD: Starting GearVRController plugin
[2017.07.09-23.09.26:944][  0]LogContentStreaming: Texture pool size now 1000 MB
[2017.07.09-23.09.28:453][  2]LogAssetRegistry: Asset discovery search completed in 124.1224 seconds
[2017.07.09-23.09.28:479][  2]LogCollectionManager: Rebuilt the object cache for 0 collections in 0.000001 seconds (found 0 objects)
[2017.07.09-23.09.28:479][  2]LogCollectionManager: Fixed up redirectors for 0 collections in 0.000549 seconds (updated 0 objects)
[2017.07.09-23.09.28:798][  2]LogSlate: Took 0.027756 seconds to synchronously load lazily loaded font '../../../Engine/Content/Slate/Fonts/Roboto-Light.ttf' (159K)
[2017.07.09-23.09.31:892][142]LogSlate: Took 0.000155 seconds to synchronously load lazily loaded font '../../../Engine/Content/Slate/Fonts/Roboto-Light.ttf' (159K)
[2017.07.09-23.09.33:012][143]LogSlate: Took 0.000150 seconds to synchronously load lazily loaded font '../../../Engine/Content/Slate/Fonts/Roboto-Light.ttf' (159K)
[2017.07.09-23.09.34:753][143]LogSlate: Took 0.000137 seconds to synchronously load lazily loaded font '../../../Engine/Content/Slate/Fonts/Roboto-Regular.ttf' (155K)
[2017.07.09-23.09.35:649][143]LogContentBrowser: Native class hierarchy updated for 'BlueprintGraph' in 0.0012 seconds. Added 112 classes and 0 folders.
[2017.07.09-23.10.21:340][446]LogAIModule: Creating AISystem for world BattleMap
[2017.07.09-23.10.21:728][446]Cmd: MAP LOAD FILE="C:/Users/Takex/OneDrive/Документы/GitHub/Tower-Battle/UnrealProject/TB/Content/Level/BattleMap.umap" TEMPLATE=0 SHOWPROGRESS=1 FEATURELEVEL=3
[2017.07.09-23.10.21:729][446]LightingResults: New page: Lighting Build
[2017.07.09-23.10.21:757][446]LoadErrors: New page: Loading map: BattleMap.umap
[2017.07.09-23.10.21:868][446]MapCheck: New page: Map Check
[2017.07.09-23.10.21:869][446]LightingResults: New page: Lighting Build
[2017.07.09-23.10.22:324][446]LogEditorServer: Finished looking for orphan Actors (0.000 secs)
[2017.07.09-23.10.22:471][446]Cmd: MAP CHECKDEP NOCLEARLOG
[2017.07.09-23.10.22:511][446]MapCheck: Info Map check complete: 0 Error(s), 0 Warning(s), took 39.34ms to complete.
[2017.07.09-23.10.22:511][446]LogFileHelpers: Loading map 'BattleMap' took 0.875
[2017.07.09-23.10.36:574][429]LogEditorViewport: Clicking on Actor (LMB): BP_Player_C (BP_Player)
[2017.07.09-23.10.37:883][430]LogEditorViewport: Clicking on Actor (LMB): BP_Player_C (BP_Player)
[2017.07.09-23.10.48:302][ 74]LogEditorViewport: Clicking on Actor (LMB): BP_Player_C (BP_Player2)
[2017.07.09-23.10.50:130][177]LogSlate: Took 0.041322 seconds to synchronously load lazily loaded font '../../../Engine/Content/Editor/Slate/Fonts/Roboto-Italic.ttf' (157K)
[2017.07.09-23.10.57:791][757]MapCheck: New page: Map Check
[2017.07.09-23.10.58:524][757]LightingResults: New page: Lighting Build - Jul 10, 2017, 5:10:58 AM
[2017.07.09-23.10.59:383][757]LogSwarmInterface: [OpenConnection] Registering TCP channel ...
[2017.07.09-23.10.59:613][757]LogSwarmInterface: [OpenConnection] Connecting to agent ...
[2017.07.09-23.10.59:690][757]LogSwarmInterface: [TryOpenConnection] Testing the Agent
[2017.07.09-23.11.00:283][757]LogSwarmInterface: [TryOpenConnection] Opening Connection to Agent
[2017.07.09-23.11.00:283][757]LogSwarmInterface: [TryOpenConnection] Local Process ID is 11688
[2017.07.09-23.11.02:996][757]LogStaticLightingSystem:Warning: No importance volume found, so the scene bounding box was used.  You can optimize your scene's quality and lighting build times by adding importance volumes.
[2017.07.09-23.11.02:997][757]LogStaticLightingSystem: Running Lightmass w/ ImmediateImport mode ENABLED
[2017.07.09-23.11.02:997][757]LogStaticLightingSystem: Running Lightmass w/ ImmediateProcess mode ENABLED
[2017.07.09-23.11.02:997][757]LogStaticLightingSystem: Running Lightmass w/ Sorting mode ENABLED
[2017.07.09-23.11.02:997][757]LogStaticLightingSystem: Running Lightmass w/ Mapping paddings ENABLED
[2017.07.09-23.11.02:997][757]LogStaticLightingSystem: Running Lightmass w/ Mapping debug paddings DISABLED
[2017.07.09-23.11.03:189][757]LogEditorBuildUtils: Build time 0:05
[2017.07.09-23.11.10:646][156]Job is a success!
[2017.07.09-23.11.11:342][157]LogTexture:Display: Building textures: LQ_Lightmap_0_1 (DXT1, 512X512)
[2017.07.09-23.11.11:342][157]LogTexture:Display: Building textures: HQ_Lightmap0_1 (AutoDXT, 512X512)
[2017.07.09-23.11.11:342][157]LogTexture:Display: Building textures: HQ_Lightmap0_2 (AutoDXT, 64X64)
[2017.07.09-23.11.11:342][157]LogTexture:Display: Building textures: LQ_Lightmap_0_2 (DXT1, 64X64)
[2017.07.09-23.11.11:441][157]LogTexture:Display: Building textures: ShadowMapTexture2D_1 (G8, 32X32)
[2017.07.09-23.11.11:441][157]LogTexture:Display: Building textures: ShadowMapTexture2D_0 (G8, 1024X128)
[2017.07.09-23.11.11:528][157]Lightmass on DESKTOP-LUMPQHN: 6.93 sec total, 324 ms importing, 60 ms setup, 413 ms photons, 5.56 sec processing, 0 ms extra exporting [19/19 mappings]. Threads: 11.1 sec total, 4.60 sec processing.
[2017.07.09-23.11.11:613][157]LogStaticLightingSystem: Illumination: 13.0 sec (337 ms encoding lightmaps, 94 ms encoding shadowmaps)
[2017.07.09-23.11.11:613][157]LogStaticLightingSystem: Lightmap texture memory:  0.5 MB (0.5 MB streaming, 0.0 MB non-streaming), 4 textures
[2017.07.09-23.11.11:613][157]LogStaticLightingSystem: Shadowmap texture memory: 0.2 MB (0.2 MB streaming, 0.0 MB non-streaming), 2 textures
[2017.07.09-23.11.12:072][157]DumpUnbuiltLightIteractions
[2017.07.09-23.11.12:072][157]Lights with unbuilt interactions: 0
[2017.07.09-23.11.12:072][157]
[2017.07.09-23.11.12:072][157]Primitives with unbuilt interactions: 0
[2017.07.09-23.11.12:152][158]Cmd: MAP CHECK NOTIFYRESULTS
[2017.07.09-23.11.12:152][158]MapCheck: New page: BattleMap - Jul 10, 2017, 5:11:12 AM
[2017.07.09-23.11.12:284][158]MapCheck: Info Map check complete: 0 Error(s), 0 Warning(s), took 131.329ms to complete.
[2017.07.09-23.11.38:467][ 49]LogEditorViewport: Clicking on Actor (LMB): BP_Player_C (BP_Player2)
[2017.07.09-23.11.41:271][228]Cmd: OBJ SAVEPACKAGE PACKAGE="/Game/Level/BattleMap" FILE="C:/Users/Takex/OneDrive/Документы/GitHub/Tower-Battle/UnrealProject/TB/Content/Level/BattleMap.umap" SILENT=true AUTOSAVING=false KEEPDIRTY=false
[2017.07.09-23.11.41:731][228]LogSavePackage: Save=284.69ms
[2017.07.09-23.11.41:731][228]LogSavePackage: Moving 'C:/Users/Takex/OneDrive/Документы/GitHub/Tower-Battle/UnrealProject/TB/Saved/BattleMapEA4E34F9426CC7E675B8D184BC4FB1D4.tmp' to 'C:/Users/Takex/OneDrive/Документы/GitHub/Tower-Battle/UnrealProject/TB/Content/Level/BattleMap.umap'
[2017.07.09-23.11.41:767][228]LogSavePackage:Display: Finished SavePackage C:/Users/Takex/OneDrive/Документы/GitHub/Tower-Battle/UnrealProject/TB/Content/Level/BattleMap.umap
[2017.07.09-23.11.41:847][228]Cmd: OBJ SAVEPACKAGE PACKAGE="/Game/Level/BattleMap_BuiltData" FILE="C:/Users/Takex/OneDrive/Документы/GitHub/Tower-Battle/UnrealProject/TB/Content/Level/BattleMap_BuiltData.uasset" SILENT=true
[2017.07.09-23.11.41:974][228]LogSavePackage: Save=117.10ms
[2017.07.09-23.11.41:974][228]LogSavePackage: Moving 'C:/Users/Takex/OneDrive/Документы/GitHub/Tower-Battle/UnrealProject/TB/Saved/BattleMap_BuiltData1A5999BC40266703401FCCB421110656.tmp' to 'C:/Users/Takex/OneDrive/Документы/GitHub/Tower-Battle/UnrealProject/TB/Content/Level/BattleMap_BuiltData.uasset'
[2017.07.09-23.11.41:978][228]LogSavePackage:Display: Finished SavePackage C:/Users/Takex/OneDrive/Документы/GitHub/Tower-Battle/UnrealProject/TB/Content/Level/BattleMap_BuiltData.uasset
[2017.07.09-23.11.57:040][310]LogEditorViewport: Clicking on Actor (LMB): StaticMeshActor (Floor2)
[2017.07.09-23.13.00:713][819]LogEditorViewport: Clicking on Actor (LMB): BP_Player_C (BP_Player2)
[2017.07.09-23.13.02:550][929]LogEditorViewport: Clicking on Actor (LMB): BP_Player_C (BP_Player)
[2017.07.09-23.13.09:784][456]LogEditorViewport: Clicking on Actor (LMB): BP_Player_C (BP_Player2)
[2017.07.09-23.15.42:284][833]LogSlate: Took 0.075044 seconds to synchronously load lazily loaded font '../../../Engine/Content/Editor/Slate/Fonts/Roboto-BoldCondensed.ttf' (158K)
[2017.07.09-23.15.52:243][396]Cmd: TRANSACTION UNDO
[2017.07.09-23.15.52:243][396]LogEditorTransaction: Undo Animatable Property Changed
[2017.07.09-23.15.52:983][433]Cmd: TRANSACTION UNDO
[2017.07.09-23.15.52:983][433]LogEditorTransaction: Undo Set actor location
[2017.07.09-23.15.54:634][542]Cmd: TRANSACTION UNDO
[2017.07.09-23.15.54:634][542]LogEditorTransaction: Undo Set actor location
[2017.07.09-23.15.55:674][615]Cmd: TRANSACTION UNDO
[2017.07.09-23.15.55:674][615]LogEditorTransaction: Undo Clicking on Actors
[2017.07.09-23.16.05:416][277]Cmd: TRANSACTION UNDO
[2017.07.09-23.16.05:416][277]LogEditorTransaction: Undo Animatable Property Changed
[2017.07.09-23.16.05:677][292]Cmd: TRANSACTION UNDO
[2017.07.09-23.16.05:677][292]LogEditorTransaction: Undo Clicking on Actors
[2017.07.09-23.16.05:870][301]Cmd: TRANSACTION UNDO
[2017.07.09-23.16.05:870][301]LogEditorTransaction: Undo Clicking on Actors
[2017.07.09-23.16.06:094][308]Cmd: TRANSACTION UNDO
[2017.07.09-23.16.06:094][308]LogEditorTransaction: Undo Clicking on Actors
[2017.07.09-23.16.10:946][636]Cmd: SELECT NONE
[2017.07.09-23.16.15:018][676]LogActorComponent: UnregisterComponent: (/Engine/Transient.EditorFloorComp) Not registered. Aborting.
[2017.07.09-23.16.15:677][677]Cmd: QUIT_EDITOR
[2017.07.09-23.16.16:535][677]LogWindowsTextInputMethodSystem:Display: IME system now deactivated.
[2017.07.09-23.16.16:642][677]LogExit: Preparing to exit.
[2017.07.09-23.16.18:433][677]LogExit: Editor shut down
[2017.07.09-23.16.18:437][677]LogExit: Transaction tracking system shut down
[2017.07.09-23.16.21:373][677]LogObj: Freed 0b from 0 cluster array pools.
[2017.07.09-23.16.21:373][677]LogExit: Object subsystem successfully closed.
[2017.07.09-23.16.21:606][677]LogD3D11RHI: Shutdown
[2017.07.09-23.16.21:606][677]LogD3D11RHI: CleanupD3DDevice
[2017.07.09-23.16.21:781][677]LogD3D11RHI: ~FD3D11DynamicRHI
[2017.07.09-23.16.22:948][677]LogModuleManager: Shutting down and abandoning module SequencerWidgets (530)
[2017.07.09-23.16.22:948][677]LogModuleManager: Shutting down and abandoning module BlueprintGraph (528)
[2017.07.09-23.16.22:948][677]LogModuleManager: Shutting down and abandoning module BlueprintProfiler (526)
[2017.07.09-23.16.22:981][677]LogModuleManager: Shutting down and abandoning module HierarchicalLODOutliner (524)
[2017.07.09-23.16.22:990][677]LogModuleManager: Shutting down and abandoning module CrashTracker (522)
[2017.07.09-23.16.22:990][677]LogModuleManager: Shutting down and abandoning module SceneOutliner (520)
[2017.07.09-23.16.22:990][677]LogModuleManager: Shutting down and abandoning module AddContentDialog (518)
[2017.07.09-23.16.23:012][677]LogDirectoryWatcher: A directory notification for 'D:/Epic Games/UE_4.16/FeaturePacks/' was aborted.
[2017.07.09-23.16.23:013][677]LogModuleManager: Shutting down and abandoning module WidgetCarousel (517)
[2017.07.09-23.16.23:013][677]LogModuleManager: Shutting down and abandoning module EditorWidgets (514)
[2017.07.09-23.16.23:013][677]LogModuleManager: Shutting down and abandoning module CollectionManager (512)
[2017.07.09-23.16.23:013][677]LogDirectoryWatcher: A directory notification for 'C:/Users/Takex/OneDrive/Документы/GitHub/Tower-Battle/UnrealProject/TB/Content/Collections/' was aborted.
[2017.07.09-23.16.23:013][677]LogDirectoryWatcher: A directory notification for 'C:/Users/Takex/OneDrive/Документы/GitHub/Tower-Battle/UnrealProject/TB/Content/Developers/Takex/Collections/' was aborted.
[2017.07.09-23.16.23:013][677]LogDirectoryWatcher: A directory notification for 'C:/Users/Takex/OneDrive/Документы/GitHub/Tower-Battle/UnrealProject/TB/Saved/Collections/' was aborted.
[2017.07.09-23.16.23:013][677]LogModuleManager: Shutting down and abandoning module StatsViewer (510)
[2017.07.09-23.16.23:029][677]LogModuleManager: Shutting down and abandoning module FoliageEdit (508)
[2017.07.09-23.16.23:029][677]LogModuleManager: Shutting down and abandoning module LandscapeEditor (506)
[2017.07.09-23.16.23:064][677]LogModuleManager: Shutting down and abandoning module MeshPaintMode (504)
[2017.07.09-23.16.23:064][677]LogModuleManager: Shutting down and abandoning module SceneDepthPickerMode (502)
[2017.07.09-23.16.23:064][677]LogModuleManager: Shutting down and abandoning module ActorPickerMode (500)
[2017.07.09-23.16.23:064][677]LogModuleManager: Shutting down and abandoning module GeometryMode (498)
[2017.07.09-23.16.23:064][677]LogModuleManager: Shutting down and abandoning module TextureAlignMode (496)
[2017.07.09-23.16.23:064][677]LogModuleManager: Shutting down and abandoning module BspMode (494)
[2017.07.09-23.16.23:088][677]LogModuleManager: Shutting down and abandoning module HardwareSurvey (492)
[2017.07.09-23.16.23:098][677]LogModuleManager: Shutting down and abandoning module SequenceRecorderSections (490)
[2017.07.09-23.16.23:109][677]LogModuleManager: Shutting down and abandoning module AutomationWorker (488)
[2017.07.09-23.16.23:125][677]LogModuleManager: Shutting down and abandoning module MatineeToLevelSequence (486)
[2017.07.09-23.16.23:137][677]LogModuleManager: Shutting down and abandoning module LevelSequenceEditor (484)
[2017.07.09-23.16.23:189][677]LogModuleManager: Shutting down and abandoning module PlacementMode (483)
[2017.07.09-23.16.23:189][677]LogModuleManager: Shutting down and abandoning module WmfMediaFactory (480)
[2017.07.09-23.16.23:189][677]LogModuleManager: Shutting down and abandoning module WmfMediaEditor (478)
[2017.07.09-23.16.23:189][677]LogModuleManager: Shutting down and abandoning module AvfMediaFactory (476)
[2017.07.09-23.16.23:189][677]LogModuleManager: Shutting down and abandoning module AvfMediaEditor (474)
[2017.07.09-23.16.23:189][677]LogModuleManager: Shutting down and abandoning module AndroidMediaFactory (472)
[2017.07.09-23.16.23:189][677]LogModuleManager: Shutting down and abandoning module Media (471)
[2017.07.09-23.16.23:189][677]LogModuleManager: Shutting down and abandoning module AndroidMediaEditor (468)
[2017.07.09-23.16.23:189][677]LogModuleManager: Shutting down and abandoning module CharacterAI (466)
[2017.07.09-23.16.23:189][677]LogModuleManager: Shutting down and abandoning module AudioCapture (464)
[2017.07.09-23.16.23:208][677]LogModuleManager: Shutting down and abandoning module SequenceRecorder (463)
[2017.07.09-23.16.23:242][677]LogModuleManager: Shutting down and abandoning module SmartSnapping (460)
[2017.07.09-23.16.23:242][677]LogModuleManager: Shutting down and abandoning module SessionServices (458)
[2017.07.09-23.16.23:242][677]LogModuleManager: Shutting down and abandoning module ViewportSnapping (456)
[2017.07.09-23.16.23:242][677]LogModuleManager: Shutting down and abandoning module ViewportInteraction (454)
[2017.07.09-23.16.23:242][677]LogModuleManager: Shutting down and abandoning module ClothPainter (452)
[2017.07.09-23.16.23:279][677]LogModuleManager: Shutting down and abandoning module LogVisualizer (450)
[2017.07.09-23.16.23:298][677]LogModuleManager: Shutting down and abandoning module IntroTutorials (448)
[2017.07.09-23.16.23:345][677]LogModuleManager: Shutting down and abandoning module GameProjectGeneration (447)
[2017.07.09-23.16.23:366][677]LogModuleManager: Shutting down and abandoning module EditorLiveStreaming (444)
[2017.07.09-23.16.23:366][677]LogModuleManager: Shutting down and abandoning module IOSPlatformEditor (442)
[2017.07.09-23.16.23:377][677]LogModuleManager: Shutting down and abandoning module HTML5PlatformEditor (440)
[2017.07.09-23.16.23:377][677]LogModuleManager: Shutting down and abandoning module AndroidPlatformEditor (438)
[2017.07.09-23.16.23:377][677]LogModuleManager: Shutting down and abandoning module AndroidDeviceDetection (437)
[2017.07.09-23.16.23:726][677]LogModuleManager: Shutting down and abandoning module IOSRuntimeSettings (434)
[2017.07.09-23.16.23:726][677]LogModuleManager: Shutting down and abandoning module AndroidRuntimeSettings (432)
[2017.07.09-23.16.23:726][677]LogModuleManager: Shutting down and abandoning module InputBindingEditor (430)
[2017.07.09-23.16.23:756][677]LogModuleManager: Shutting down and abandoning module MergeActors (428)
[2017.07.09-23.16.23:766][677]LogModuleManager: Shutting down and abandoning module SizeMap (426)
[2017.07.09-23.16.23:766][677]LogModuleManager: Shutting down and abandoning module TreeMap (424)
[2017.07.09-23.16.23:775][677]LogModuleManager: Shutting down and abandoning module ReferenceViewer (422)
[2017.07.09-23.16.23:792][677]LogModuleManager: Shutting down and abandoning module LocalizationDashboard (420)
[2017.07.09-23.16.23:851][677]LogModuleManager: Shutting down and abandoning module LocalizationService (419)
[2017.07.09-23.16.23:877][677]LogModuleManager: Shutting down and abandoning module HardwareTargeting (416)
[2017.07.09-23.16.23:877][677]LogModuleManager: Shutting down and abandoning module DeviceProfileEditor (414)
[2017.07.09-23.16.23:894][677]LogModuleManager: Shutting down and abandoning module UndoHistory (412)
[2017.07.09-23.16.23:903][677]LogModuleManager: Shutting down and abandoning module UserFeedback (410)
[2017.07.09-23.16.23:903][677]LogModuleManager: Shutting down and abandoning module XmlParser (408)
[2017.07.09-23.16.23:912][677]LogModuleManager: Shutting down and abandoning module Blutility (406)
[2017.07.09-23.16.23:919][677]LogModuleManager: Shutting down and abandoning module ProjectSettingsViewer (404)
[2017.07.09-23.16.23:919][677]LogModuleManager: Shutting down and abandoning module ProjectTargetPlatformEditor (403)
[2017.07.09-23.16.23:919][677]LogModuleManager: Shutting down and abandoning module EditorSettingsViewer (400)
[2017.07.09-23.16.23:919][677]LogModuleManager: Shutting down and abandoning module SettingsEditor (398)
[2017.07.09-23.16.23:959][677]LogModuleManager: Shutting down and abandoning module ProjectLauncher (396)
[2017.07.09-23.16.23:993][677]LogModuleManager: Shutting down and abandoning module SessionFrontend (394)
[2017.07.09-23.16.24:015][677]LogModuleManager: Shutting down and abandoning module ProfilerClient (392)
[2017.07.09-23.16.24:058][677]LogModuleManager: Shutting down and abandoning module DeviceManager (390)
[2017.07.09-23.16.24:082][677]LogModuleManager: Shutting down and abandoning module TargetDeviceServices (389)
[2017.07.09-23.16.24:134][677]LogModuleManager: Shutting down and abandoning module AutomationController (386)
[2017.07.09-23.16.24:159][677]LogModuleManager: Shutting down and abandoning module AutomationWindow (384)
[2017.07.09-23.16.24:229][677]LogModuleManager: Shutting down and abandoning module Layers (382)
[2017.07.09-23.16.24:273][677]LogModuleManager: Shutting down and abandoning module ComponentVisualizers (380)
[2017.07.09-23.16.24:273][677]LogModuleManager: Shutting down and abandoning module DetailCustomizations (378)
[2017.07.09-23.16.24:296][677]LogModuleManager: Shutting down and abandoning module PackagesDialog (376)
[2017.07.09-23.16.24:297][677]LogModuleManager: Shutting down and abandoning module Persona (374)
[2017.07.09-23.16.24:365][677]LogModuleManager: Shutting down and abandoning module AdvancedPreviewScene (373)
[2017.07.09-23.16.24:365][677]LogModuleManager: Shutting down and abandoning module AnimGraph (371)
[2017.07.09-23.16.24:365][677]LogModuleManager: Shutting down and abandoning module Kismet (368)
[2017.07.09-23.16.24:401][677]LogModuleManager: Shutting down and abandoning module ClassViewer (366)
[2017.07.09-23.16.24:402][677]LogModuleManager: Shutting down and abandoning module Toolbox (364)
[2017.07.09-23.16.24:411][677]LogModuleManager: Shutting down and abandoning module ModuleUI (362)
[2017.07.09-23.16.24:431][677]LogModuleManager: Shutting down and abandoning module MovieSceneTools (360)
[2017.07.09-23.16.24:473][677]LogModuleManager: Shutting down and abandoning module OutputLog (358)
[2017.07.09-23.16.24:520][677]LogModuleManager: Shutting down and abandoning module GammaUI (356)
[2017.07.09-23.16.24:529][677]LogModuleManager: Shutting down and abandoning module Documentation (354)
[2017.07.09-23.16.24:529][677]LogModuleManager: Shutting down and abandoning module MovieSceneTracks (352)
[2017.07.09-23.16.24:529][677]LogModuleManager: Shutting down and abandoning module MovieScene (350)
[2017.07.09-23.16.24:529][677]LogModuleManager: Shutting down and abandoning module Niagara (348)
[2017.07.09-23.16.24:529][677]LogModuleManager: Shutting down and abandoning module NiagaraEditor (347)
[2017.07.09-23.16.24:600][677]LogModuleManager: Shutting down and abandoning module StreamingPauseRendering (344)
[2017.07.09-23.16.24:600][677]LogModuleManager: Shutting down and abandoning module AnalyticsET (342)
[2017.07.09-23.16.24:600][677]LogModuleManager: Shutting down and abandoning module PortalServices (340)
[2017.07.09-23.16.24:600][677]LogModuleManager: Shutting down and abandoning module PortalRpc (338)
[2017.07.09-23.16.24:600][677]LogModuleManager: Shutting down and abandoning module MessagingRpc (336)
[2017.07.09-23.16.24:600][677]LogModuleManager: Shutting down and abandoning module AIModule (334)
[2017.07.09-23.16.24:600][677]LogModuleManager: Shutting down and abandoning module GameplayDebugger (333)
[2017.07.09-23.16.24:651][677]LogModuleManager: Shutting down and abandoning module AITestSuite (331)
[2017.07.09-23.16.24:701][677]LogModuleManager: Shutting down and abandoning module ProfilerService (328)
[2017.07.09-23.16.24:821][677]LogModuleManager: Shutting down and abandoning module TaskGraph (326)
[2017.07.09-23.16.24:836][677]LogModuleManager: Shutting down and abandoning module SteamVRController (324)
[2017.07.09-23.16.24:836][677]LogModuleManager: Shutting down and abandoning module SteamVR (322)
[2017.07.09-23.16.24:836][677]LogModuleManager: Shutting down and abandoning module ProceduralMeshComponentEditor (320)
[2017.07.09-23.16.24:853][677]LogModuleManager: Shutting down and abandoning module ProceduralMeshComponent (318)
[2017.07.09-23.16.24:868][677]LogModuleManager: Shutting down and abandoning module OculusLibrary (316)
[2017.07.09-23.16.24:868][677]LogModuleManager: Shutting down and abandoning module OculusInput (314)
[2017.07.09-23.16.24:868][677]LogModuleManager: Shutting down and abandoning module MobilePatchingUtils (312)
[2017.07.09-23.16.24:868][677]LogModuleManager: Shutting down and abandoning module CustomMeshComponent (310)
[2017.07.09-23.16.24:868][677]LogModuleManager: Shutting down and abandoning module CableComponent (308)
[2017.07.09-23.16.24:878][677]LogModuleManager: Shutting down and abandoning module ArchVisCharacter (306)
[2017.07.09-23.16.24:878][677]LogModuleManager: Shutting down and abandoning module AndroidPermission (304)
[2017.07.09-23.16.24:878][677]LogModuleManager: Shutting down and abandoning module MediaPlayerEditor (300)
[2017.07.09-23.16.24:931][677]LogModuleManager: Shutting down and abandoning module HTML5Networking (298)
[2017.07.09-23.16.24:931][677]LogModuleManager: Shutting down and abandoning module AlembicImporter (296)
[2017.07.09-23.16.24:965][677]LogModuleManager: Shutting down and abandoning module AlembicLibrary (295)
[2017.07.09-23.16.24:965][677]LogModuleManager: Shutting down and abandoning module GeometryCache (294)
[2017.07.09-23.16.24:982][677]LogModuleManager: Shutting down and abandoning module GeometryCacheEd (293)
[2017.07.09-23.16.24:982][677]LogModuleManager: Shutting down and abandoning module SuperSearchEditor (288)
[2017.07.09-23.16.24:982][677]LogModuleManager: Shutting down and abandoning module SuperSearch (287)
[2017.07.09-23.16.24:982][677]LogModuleManager: Shutting down and abandoning module SpeedTreeImporter (284)
[2017.07.09-23.16.24:982][677]LogModuleManager: Shutting down and abandoning module PluginBrowser (282)
[2017.07.09-23.16.25:020][677]LogModuleManager: Shutting down and abandoning module MobileLauncherProfileWizard (280)
[2017.07.09-23.16.25:051][677]LogModuleManager: Shutting down and abandoning module VisualStudioSourceCodeAccess (278)
[2017.07.09-23.16.25:071][677]LogModuleManager: Shutting down and abandoning module DesktopPlatform (277)
[2017.07.09-23.16.25:071][677]LogModuleManager: Shutting down and abandoning module UObjectPlugin (274)
[2017.07.09-23.16.25:071][677]LogModuleManager: Shutting down and abandoning module SubversionSourceControl (272)
[2017.07.09-23.16.25:091][677]LogModuleManager: Shutting down and abandoning module PerforceSourceControl (270)
[2017.07.09-23.16.25:114][677]LogModuleManager: Shutting down and abandoning module GitSourceControl (268)
[2017.07.09-23.16.25:124][677]LogModuleManager: Shutting down and abandoning module SourceControl (267)
[2017.07.09-23.16.25:175][677]LogModuleManager: Shutting down and abandoning module LightPropagationVolumeEditor (264)
[2017.07.09-23.16.25:175][677]LogModuleManager: Shutting down and abandoning module PaperTiledImporter (262)
[2017.07.09-23.16.25:175][677]LogModuleManager: Shutting down and abandoning module PaperSpriteSheetImporter (260)
[2017.07.09-23.16.25:175][677]LogModuleManager: Shutting down and abandoning module Paper2DEditor (258)
[2017.07.09-23.16.25:183][677]LogModuleManager: Shutting down and abandoning module MeshPaint (257)
[2017.07.09-23.16.25:201][677]LogModuleManager: Shutting down and abandoning module LevelEditor (255)
[2017.07.09-23.16.25:219][677]LogModuleManager: Shutting down and abandoning module PixelInspectorModule (254)
[2017.07.09-23.16.25:250][677]LogModuleManager: Shutting down and abandoning module MainFrame (252)
[2017.07.09-23.16.25:274][677]LogModuleManager: Shutting down and abandoning module HotReload (251)
[2017.07.09-23.16.25:320][677]LogModuleManager: Shutting down and abandoning module PhysXVehiclesEditor (246)
[2017.07.09-23.16.25:331][677]LogModuleManager: Shutting down and abandoning module PhysXVehicles (244)
[2017.07.09-23.16.25:331][677]LogModuleManager: Shutting down and abandoning module LocationServicesBPLibrary (242)
[2017.07.09-23.16.25:331][677]LogModuleManager: Shutting down and abandoning module ImmediatePhysicsEditor (240)
[2017.07.09-23.16.25:331][677]LogModuleManager: Shutting down and abandoning module ImmediatePhysics (238)
[2017.07.09-23.16.25:336][677]LogModuleManager: Shutting down and abandoning module UdpMessaging (236)
[2017.07.09-23.16.25:436][677]LogModuleManager: Shutting down and abandoning module TcpMessaging (234)
[2017.07.09-23.16.25:581][677]LogModuleManager: Shutting down and abandoning module GameplayTagsEditor (232)
[2017.07.09-23.16.25:613][677]LogModuleManager: Shutting down and abandoning module FacialAnimationEditor (230)
[2017.07.09-23.16.25:640][677]LogModuleManager: Shutting down and abandoning module FacialAnimation (228)
[2017.07.09-23.16.25:640][677]LogModuleManager: Shutting down and abandoning module AssetManagerEditor (226)
[2017.07.09-23.16.25:654][677]LogModuleManager: Shutting down and abandoning module GraphEditor (225)
[2017.07.09-23.16.25:671][677]LogModuleManager: Shutting down and abandoning module ContentBrowser (223)
[2017.07.09-23.16.25:672][677]LogModuleManager: Shutting down and abandoning module LightPropagationVolumeRuntime (220)
[2017.07.09-23.16.25:672][677]LogModuleManager: Shutting down and abandoning module Paper2D (218)
[2017.07.09-23.16.25:686][677]LogModuleManager: Shutting down and abandoning module WindowsMoviePlayer (216)
[2017.07.09-23.16.25:686][677]LogModuleManager: Shutting down and abandoning module WmfMedia (214)
[2017.07.09-23.16.25:701][677]LogModuleManager: Shutting down and abandoning module ClothingSystemEditor (212)
[2017.07.09-23.16.25:718][677]LogModuleManager: Shutting down and abandoning module ClothingSystemRuntime (210)
[2017.07.09-23.16.25:729][677]LogModuleManager: Shutting down and abandoning module MediaAssets (208)
[2017.07.09-23.16.25:729][677]LogModuleManager: Shutting down and abandoning module GameLiveStreaming (206)
[2017.07.09-23.16.25:764][677]LogModuleManager: Shutting down and abandoning module VREditor (204)
[2017.07.09-23.16.25:784][677]LogModuleManager: Shutting down and abandoning module StringTableEditor (202)
[2017.07.09-23.16.25:801][677]LogModuleManager: Shutting down and abandoning module GameplayTasksEditor (200)
[2017.07.09-23.16.25:801][677]LogModuleManager: Shutting down and abandoning module BehaviorTreeEditor (198)
[2017.07.09-23.16.25:909][677]LogModuleManager: Shutting down and abandoning module FunctionalTesting (196)
[2017.07.09-23.16.25:909][677]LogModuleManager: Shutting down and abandoning module CollisionAnalyzer (194)
[2017.07.09-23.16.25:980][677]LogModuleManager: Shutting down and abandoning module UMG (192)
[2017.07.09-23.16.25:999][677]LogModuleManager: Shutting down and abandoning module UMGEditor (191)
[2017.07.09-23.16.25:999][677]LogModuleManager: Shutting down and abandoning module Sequencer (190)
[2017.07.09-23.16.25:999][677]LogModuleManager: Shutting down and abandoning module AssetTools (188)
[2017.07.09-23.16.26:095][677]LogModuleManager: Shutting down and abandoning module MessageLog (187)
[2017.07.09-23.16.26:095][677]LogModuleManager: Shutting down and abandoning module WorkspaceMenuStructure (186)
[2017.07.09-23.16.26:095][677]LogModuleManager: Shutting down and abandoning module SlateReflector (180)
[2017.07.09-23.16.26:168][677]LogModuleManager: Shutting down and abandoning module Slate (178)
[2017.07.09-23.16.26:168][677]LogModuleManager: Shutting down and abandoning module EditorStyle (176)
[2017.07.09-23.16.26:272][677]LogModuleManager: Shutting down and abandoning module SourceCodeAccess (174)
[2017.07.09-23.16.26:272][677]LogModuleManager: Shutting down and abandoning module HeadMountedDisplay (172)
[2017.07.09-23.16.26:272][677]LogModuleManager: Shutting down and abandoning module XAudio2 (170)
[2017.07.09-23.16.26:272][677]LogModuleManager: Shutting down and abandoning module Networking (168)
[2017.07.09-23.16.26:272][677]LogModuleManager: Shutting down and abandoning module Core (164)
[2017.07.09-23.16.26:272][677]LogModuleManager: Shutting down and abandoning module AssetRegistry (162)
[2017.07.09-23.16.26:421][677]LogDirectoryWatcher: A directory notification for '../../../Engine/Content/' was aborted.
[2017.07.09-23.16.26:421][677]LogDirectoryWatcher: A directory notification for 'C:/Users/Takex/OneDrive/Документы/GitHub/Tower-Battle/UnrealProject/TB/Content/' was aborted.
[2017.07.09-23.16.26:421][677]LogDirectoryWatcher: A directory notification for '../../../Engine/Plugins/2D/Paper2D/Content/' was aborted.
[2017.07.09-23.16.26:421][677]LogDirectoryWatcher: A directory notification for '../../../Engine/Plugins/Runtime/GearVR/Content/' was aborted.
[2017.07.09-23.16.26:437][677]LogModuleManager: Shutting down and abandoning module DirectoryWatcher (161)
[2017.07.09-23.16.26:438][677]LogModuleManager: Shutting down and abandoning module KismetCompiler (158)
[2017.07.09-23.16.26:438][677]LogModuleManager: Shutting down and abandoning module LevelSequence (156)
[2017.07.09-23.16.26:438][677]LogModuleManager: Shutting down and abandoning module PhysXFormats (154)
[2017.07.09-23.16.26:438][677]LogModuleManager: Shutting down and abandoning module MeshUtilities (152)
[2017.07.09-23.16.26:498][677]LogModuleManager: Shutting down and abandoning module SimplygonSwarm (151)
[2017.07.09-23.16.26:540][677]LogModuleManager: Shutting down and abandoning module SimplygonMeshReduction (149)
[2017.07.09-23.16.26:540][677]LogModuleManager: Shutting down and abandoning module QuadricMeshReduction (147)
[2017.07.09-23.16.26:558][677]LogModuleManager: Shutting down and abandoning module DerivedDataCache (144)
[2017.07.09-23.16.26:642][677]LogDerivedDataCache: Shutdown
[2017.07.09-23.16.26:642][677]LogModuleManager: Shutting down and abandoning module TargetPlatform (142)
[2017.07.09-23.16.26:642][677]LogModuleManager: Shutting down and abandoning module VulkanShaderFormat (141)
[2017.07.09-23.16.26:684][677]LogModuleManager: Shutting down and abandoning module ShaderFormatVectorVM (139)
[2017.07.09-23.16.26:722][677]LogModuleManager: Shutting down and abandoning module ShaderFormatOpenGL (137)
[2017.07.09-23.16.26:728][677]LogModuleManager: Shutting down and abandoning module ShaderFormatD3D (135)
[2017.07.09-23.16.26:741][677]LogModuleManager: Shutting down and abandoning module MetalShaderFormat (133)
[2017.07.09-23.16.26:779][677]LogModuleManager: Shutting down and abandoning module TextureFormatUncompressed (131)
[2017.07.09-23.16.26:779][677]LogModuleManager: Shutting down and abandoning module TextureFormatPVR (129)
[2017.07.09-23.16.26:779][677]LogModuleManager: Shutting down and abandoning module TextureFormatDXT (127)
[2017.07.09-23.16.26:779][677]LogModuleManager: Shutting down and abandoning module TextureFormatIntelISPCTexComp (125)
[2017.07.09-23.16.26:826][677]LogModuleManager: Shutting down and abandoning module TextureFormatASTC (123)
[2017.07.09-23.16.26:842][677]LogModuleManager: Shutting down and abandoning module ImageWrapper (122)
[2017.07.09-23.16.26:842][677]LogModuleManager: Shutting down and abandoning module TextureFormatAndroid (119)
[2017.07.09-23.16.26:869][677]LogModuleManager: Shutting down and abandoning module AudioFormatOpus (117)
[2017.07.09-23.16.26:869][677]LogModuleManager: Shutting down and abandoning module AudioFormatOgg (115)
[2017.07.09-23.16.26:887][677]LogModuleManager: Shutting down and abandoning module AudioFormatADPCM (113)
[2017.07.09-23.16.26:900][677]LogModuleManager: Shutting down and abandoning module LinuxTargetPlatform (111)
[2017.07.09-23.16.26:901][677]LogModuleManager: Shutting down and abandoning module LinuxServerTargetPlatform (109)
[2017.07.09-23.16.26:901][677]LogModuleManager: Shutting down and abandoning module LinuxNoEditorTargetPlatform (107)
[2017.07.09-23.16.26:901][677]LogModuleManager: Shutting down and abandoning module LinuxClientTargetPlatform (105)
[2017.07.09-23.16.26:901][677]LogModuleManager: Shutting down and abandoning module TVOSTargetPlatform (103)
[2017.07.09-23.16.26:901][677]LogModuleManager: Shutting down and abandoning module Messaging (101)
[2017.07.09-23.16.26:901][677]LogModuleManager: Shutting down and abandoning module IOSTargetPlatform (99)
[2017.07.09-23.16.26:901][677]LogModuleManager: Shutting down and abandoning module HTML5TargetPlatform (97)
[2017.07.09-23.16.26:901][677]LogModuleManager: Shutting down and abandoning module Android_PVRTCTargetPlatform (95)
[2017.07.09-23.16.26:919][677]LogModuleManager: Shutting down and abandoning module Android_MultiTargetPlatform (93)
[2017.07.09-23.16.26:919][677]LogModuleManager: Shutting down and abandoning module Android_ETC2TargetPlatform (91)
[2017.07.09-23.16.26:953][677]LogModuleManager: Shutting down and abandoning module Android_ETC1TargetPlatform (89)
[2017.07.09-23.16.26:968][677]LogModuleManager: Shutting down and abandoning module Android_DXTTargetPlatform (87)
[2017.07.09-23.16.26:974][677]LogModuleManager: Shutting down and abandoning module Android_ATCTargetPlatform (85)
[2017.07.09-23.16.26:982][677]LogModuleManager: Shutting down and abandoning module Android_ASTCTargetPlatform (83)
[2017.07.09-23.16.26:982][677]LogModuleManager: Shutting down and abandoning module AndroidTargetPlatform (81)
[2017.07.09-23.16.27:002][677]LogModuleManager: Shutting down and abandoning module WindowsTargetPlatform (79)
[2017.07.09-23.16.27:003][677]LogModuleManager: Shutting down and abandoning module WindowsServerTargetPlatform (77)
[2017.07.09-23.16.27:003][677]LogModuleManager: Shutting down and abandoning module WindowsNoEditorTargetPlatform (75)
[2017.07.09-23.16.27:003][677]LogModuleManager: Shutting down and abandoning module WindowsClientTargetPlatform (73)
[2017.07.09-23.16.27:003][677]LogModuleManager: Shutting down and abandoning module MacTargetPlatform (71)
[2017.07.09-23.16.27:003][677]LogModuleManager: Shutting down and abandoning module MacServerTargetPlatform (69)
[2017.07.09-23.16.27:003][677]LogModuleManager: Shutting down and abandoning module MacNoEditorTargetPlatform (67)
[2017.07.09-23.16.27:003][677]LogModuleManager: Shutting down and abandoning module MacClientTargetPlatform (65)
[2017.07.09-23.16.27:003][677]LogModuleManager: Shutting down and abandoning module AllDesktopTargetPlatform (63)
[2017.07.09-23.16.27:003][677]LogModuleManager: Shutting down and abandoning module InputCore (60)
[2017.07.09-23.16.27:003][677]LogModuleManager: Shutting down and abandoning module Settings (58)
[2017.07.09-23.16.27:003][677]LogModuleManager: Shutting down and abandoning module OculusRift (56)
[2017.07.09-23.16.27:041][677]LogModuleManager: Shutting down and abandoning module GearVRController (54)
[2017.07.09-23.16.27:041][677]LogModuleManager: Shutting down and abandoning module GearVR (52)
[2017.07.09-23.16.27:075][677]LogModuleManager: Shutting down and abandoning module ExampleDeviceProfileSelector (50)
[2017.07.09-23.16.27:075][677]LogModuleManager: Shutting down and abandoning module OnlineBlueprintSupport (48)
[2017.07.09-23.16.27:075][677]LogModuleManager: Shutting down and abandoning module OnlineSubsystem (44)
[2017.07.09-23.16.27:075][677]LogOnline:Display: Unloading online subsystem: NULL
[2017.07.09-23.16.27:113][677]LogModuleManager: Shutting down and abandoning module XMPP (43)
[2017.07.09-23.16.27:131][677]LogModuleManager: Shutting down and abandoning module HTTP (41)
[2017.07.09-23.16.27:131][677]LogHttp:Display: Http module shutting down, but needs to wait on 1 outstanding Http requests:
[2017.07.09-23.16.27:143][677]LogHttp:Display: 	verb=[POST] url=[https://datarouter.ol.epicgames.com/datarouter/api/v1/public/data?SessionID=%7B8D39049D-442A-8326-3F9F-059D2C672276%7D&AppID=UEEditor.Rocket.Release&AppVersion=4.16.2-3514769%2B%2B%2BUE4%2BRelease-4.16&UserID=e05968154ba330c86bd9bf99e556a741%7C2598d7593dcf4342b54074422ea0a06e%7Caba18a0d-79f7-4f5a-94c3-2c0a7b93a8ca&AppEnvironment=datacollector-binary&UploadType=eteventstream] status=Processing
[2017.07.09-23.16.27:153][677]LogModuleManager: Shutting down and abandoning module SSL (40)
[2017.07.09-23.16.27:177][677]LogModuleManager: Shutting down and abandoning module HTTPChunkInstaller (36)
[2017.07.09-23.16.27:229][677]LogModuleManager: Shutting down and abandoning module AnimationModifiers (34)
[2017.07.09-23.16.27:299][677]LogModuleManager: Shutting down and abandoning module PropertyEditor (33)
[2017.07.09-23.16.27:299][677]LogModuleManager: Shutting down and abandoning module AudioEditor (30)
[2017.07.09-23.16.27:325][677]LogModuleManager: Shutting down and abandoning module TextureCompressor (28)
[2017.07.09-23.16.27:325][677]LogModuleManager: Shutting down and abandoning module ShaderCore (26)
[2017.07.09-23.16.27:325][677]LogModuleManager: Shutting down and abandoning module Landscape (24)
[2017.07.09-23.16.27:325][677]LogModuleManager: Shutting down and abandoning module SlateRHIRenderer (22)
[2017.07.09-23.16.27:367][677]LogModuleManager: Shutting down and abandoning module OpenGLDrv (20)
[2017.07.09-23.16.27:377][677]LogModuleManager: Shutting down and abandoning module D3D11RHI (18)
[2017.07.09-23.16.27:378][677]LogModuleManager: Shutting down and abandoning module AnimGraphRuntime (16)
[2017.07.09-23.16.27:397][677]LogModuleManager: Shutting down and abandoning module Renderer (14)
[2017.07.09-23.16.27:397][677]LogModuleManager: Shutting down and abandoning module Engine (12)
[2017.07.09-23.16.27:397][677]LogModuleManager: Shutting down and abandoning module CoreUObject (10)
[2017.07.09-23.16.27:397][677]LogModuleManager: Shutting down and abandoning module NetworkFile (8)
[2017.07.09-23.16.27:424][677]LogModuleManager: Shutting down and abandoning module StreamingFile (6)
[2017.07.09-23.16.27:436][677]LogModuleManager: Shutting down and abandoning module SandboxFile (4)
[2017.07.09-23.16.27:452][677]LogModuleManager: Shutting down and abandoning module PakFile (2)
[2017.07.09-23.16.27:505][677]LogExit: Exiting.
[2017.07.09-23.16.27:523][677]Log file closed, 07/10/17 02:16:27
