Log file open, 07/28/17 16:05:55
LogInit:Display: Running engine for game: TB
LogPlatformFile: Not using cached read wrapper
LogInit:Display: RandInit(984041399) SRandInit(984041399).
LogTaskGraph: Started task graph with 5 named threads and 6 total threads with 1 sets of task threads.
LogStats: Stats thread started at 0.074308
LogInit: Using libcurl 7.47.1
LogInit:  - built for x86_64-pc-win32
LogInit:  - supports SSL with OpenSSL/1.0.2g
LogInit:  - supports HTTP deflate (compression) using libz 1.2.8
LogInit:  - other features:
LogInit:      CURL_VERSION_SSL
LogInit:      CURL_VERSION_LIBZ
LogInit:      CURL_VERSION_IPV6
LogInit:      CURL_VERSION_ASYNCHDNS
LogInit:      CURL_VERSION_LARGEFILE
LogInit:      CURL_VERSION_IDN
LogInit:  CurlRequestOptions (configurable via config and command line):
LogInit:  - bVerifyPeer = false  - Libcurl will NOT verify peer certificate
LogInit:  - bUseHttpProxy = false  - Libcurl will NOT use HTTP proxy
LogInit:  - bDontReuseConnections = false  - Libcurl will reuse connections
LogInit:  - CertBundlePath = nullptr  - Libcurl will use whatever was configured at build time.
LogInit: Build: ++UE4+Release-4.16-CL-3514769
LogInit: Engine Version: 4.16.2-3514769+++UE4+Release-4.16
LogInit: Compatible Engine Version: 4.16.0-3452394+++UE4+Release-4.16
LogInit: Net CL: 3452394
LogDevObjectVersion: Number of dev versions registered: 16
LogDevObjectVersion:   Dev-Blueprints (B0D832E4-1F89-4F0D-ACCF-7EB736FD4AA2): 9
LogDevObjectVersion:   Dev-Build (E1C64328-A22C-4D53-A36C-8E866417BD8C): 0
LogDevObjectVersion:   Dev-Core (375EC13C-06E4-48FB-B500-84F0262A717E): 2
LogDevObjectVersion:   Dev-Editor (E4B068ED-F494-42E9-A231-DA0B2E46BB41): 17
LogDevObjectVersion:   Dev-Framework (CFFC743F-43B0-4480-9391-14DF171D2073): 23
LogDevObjectVersion:   Dev-Mobile (B02B49B5-BB20-44E9-A304-32B752E40360): 0
LogDevObjectVersion:   Dev-Networking (A4E4105C-59A1-49B5-A7C5-40C4547EDFEE): 0
LogDevObjectVersion:   Dev-Online (39C831C9-5AE6-47DC-9A44-9C173E1C8E7C): 0
LogDevObjectVersion:   Dev-Physics (78F01B33-EBEA-4F98-B9B4-84EACCB95AA2): 0
LogDevObjectVersion:   Dev-Platform (6631380F-2D4D-43E0-8009-CF276956A95A): 0
LogDevObjectVersion:   Dev-Rendering (12F88B9F-8875-4AFC-A67C-D90C383ABD29): 15
LogDevObjectVersion:   Dev-Sequencer (7B5AE74C-D270-4C10-A958-57980B212A5A): 4
LogDevObjectVersion:   Dev-VR (D7296918-1DD6-4BDD-9DE2-64A83CC13884): 0
LogDevObjectVersion:   Dev-LoadTimes (C2A15278-BFE7-4AFE-6C17-90FF531DF755): 1
LogDevObjectVersion:   Private-Geometry (6EACA3D4-40EC-4CC1-B786-8BED09428FC5): 1
LogDevObjectVersion:   Dev-AnimPhys (29E575DD-E0A3-4627-9D10-D276232CDCEA): 3
LogInit: Compiled (64-bit): Jun 29 2017 02:03:24
LogInit: Compiled with Visual C++: 19.00.24215.01
LogInit: Build Configuration: Development
LogInit: Branch Name: ++UE4+Release-4.16
LogInit: Command line: -EpicPortal 
LogInit: Base directory: E:/Soft/UE_4.16/Engine/Binaries/Win64/
LogInit: Installed Engine Build: 1
LogInit: Presizing for max 8388607 objects, including 0 objects not considered by GC, pre-allocating 0 bytes for permanent pool.
LogInit: Object subsystem initialized
[2017.07.28-13.05.56:325][  0]LogInit: Selected Device Profile: [Windows]
[2017.07.28-13.05.56:325][  0]LogInit: Applying CVar settings loaded from the selected device profile: [Windows]
[2017.07.28-13.05.56:336][  0]LogInit: Computer: DESKTOP-B3PS089
[2017.07.28-13.05.56:336][  0]LogInit: User: Tik
[2017.07.28-13.05.56:336][  0]LogInit: CPU Page size=4096, Cores=2
[2017.07.28-13.05.56:336][  0]LogInit: High frequency timer resolution =3.234375 MHz
[2017.07.28-13.05.56:336][  0]LogMemory: Memory total: Physical=8.0GB (8GB approx)
[2017.07.28-13.05.56:336][  0]LogMemory: Platform Memory Stats for Windows
[2017.07.28-13.05.56:336][  0]LogMemory: Process Physical Memory: 272.68 MB used, 272.68 MB peak
[2017.07.28-13.05.56:336][  0]LogMemory: Process Virtual Memory: 266.23 MB used, 266.23 MB peak
[2017.07.28-13.05.56:336][  0]LogMemory: Physical Memory: 5314.79 MB used,  2836.78 MB free, 8151.57 MB total
[2017.07.28-13.05.56:336][  0]LogMemory: Virtual Memory: 637.02 MB used,  2836.78 MB free, 134217728.00 MB total
[2017.07.28-13.05.56:394][  0]LogInit: Using OS detected language (ru-RU).
[2017.07.28-13.05.56:394][  0]LogInit: Using OS detected locale (ru-RU).
[2017.07.28-13.05.56:396][  0]LogTextLocalizationManager: No localization for 'ru-RU' exists, so 'en' will be used for the language.
[2017.07.28-13.05.56:397][  0]LogTextLocalizationManager: No localization for 'ru-RU' exists, so 'en' will be used for the locale.
[2017.07.28-13.05.57:482][  0]LogD3D11RHI: D3D11 adapters:
[2017.07.28-13.05.57:523][  0]LogD3D11RHI:    0. 'NVIDIA GeForce GT 730' (Feature Level 11_0)
[2017.07.28-13.05.57:523][  0]LogD3D11RHI:       995/0/4075 MB DedicatedVideo/DedicatedSystem/SharedSystem, Outputs:1, VendorId:0x10de
[2017.07.28-13.05.57:524][  0]LogD3D11RHI:    1. 'Microsoft Basic Render Driver' (Feature Level 11_0)
[2017.07.28-13.05.57:524][  0]LogD3D11RHI:       0/0/4075 MB DedicatedVideo/DedicatedSystem/SharedSystem, Outputs:0, VendorId:0x1414
[2017.07.28-13.05.57:524][  0]LogD3D11RHI: Chosen D3D11 Adapter: 0
[2017.07.28-13.05.57:546][  0]LogD3D11RHI: Creating new Direct3DDevice
[2017.07.28-13.05.57:546][  0]LogD3D11RHI:     GPU DeviceId: 0x1287 (for the marketing name, search the web for "GPU Device Id")
[2017.07.28-13.05.57:546][  0]LogWindows: EnumDisplayDevices:
[2017.07.28-13.05.57:547][  0]LogWindows:    0. 'NVIDIA GeForce GT 730' (P:1 D:1)
[2017.07.28-13.05.57:547][  0]LogWindows:    1. 'NVIDIA GeForce GT 730' (P:0 D:0)
[2017.07.28-13.05.57:547][  0]LogWindows:    2. 'NVIDIA GeForce GT 730' (P:0 D:0)
[2017.07.28-13.05.57:547][  0]LogWindows: DebugString: FoundDriverCount:3 
[2017.07.28-13.05.57:547][  0]LogD3D11RHI:     Adapter Name: NVIDIA GeForce GT 730
[2017.07.28-13.05.57:547][  0]LogD3D11RHI:   Driver Version: 384.94 (internal:22.21.13.8494, unified:384.94)
[2017.07.28-13.05.57:547][  0]LogD3D11RHI:      Driver Date: 7-18-2017
[2017.07.28-13.05.57:547][  0]LogRHI: Texture pool is 696 MB (70% of 995 MB)
[2017.07.28-13.05.57:571][  0]LogD3D11RHI: Async texture creation enabled
[2017.07.28-13.05.57:588][  0]LogD3D11RHI: GPU Timing Frequency: 1000.000000 (Debug: 2 2)
[2017.07.28-13.05.57:589][  0]LogShaderCompilers: Guid format shader working directory is -16 characters bigger than the processId version (C:/Users/Tik/Documents/GitHub/Tower-Battle/UnrealProject/TB/Intermediate/Shaders/WorkingDirectory/10292/).
[2017.07.28-13.05.57:589][  0]LogShaderCompilers: Cleaned the shader compiler working directory 'C:/Users/Tik/AppData/Local/Temp/UnrealShaderWorkingDir/8AB0FFC3479B11F31B73B2B9712AD935/'.
[2017.07.28-13.05.57:589][  0]LogShaderCompilers:Display: Using Local Shader Compiler.
[2017.07.28-13.05.58:749][  0]LogTemp:Display: Loaded TP AllDesktopTargetPlatform
[2017.07.28-13.05.58:791][  0]LogTemp:Display: Loaded TP MacClientTargetPlatform
[2017.07.28-13.05.58:828][  0]LogTemp:Display: Loaded TP MacNoEditorTargetPlatform
[2017.07.28-13.05.58:883][  0]LogTemp:Display: Loaded TP MacServerTargetPlatform
[2017.07.28-13.05.58:923][  0]LogTemp:Display: Loaded TP MacTargetPlatform
[2017.07.28-13.05.58:960][  0]LogTemp:Display: Loaded TP WindowsClientTargetPlatform
[2017.07.28-13.05.58:995][  0]LogTemp:Display: Loaded TP WindowsNoEditorTargetPlatform
[2017.07.28-13.05.59:032][  0]LogTemp:Display: Loaded TP WindowsServerTargetPlatform
[2017.07.28-13.05.59:062][  0]LogTemp:Display: Loaded TP WindowsTargetPlatform
[2017.07.28-13.05.59:112][  0]LogTemp:Display: Loaded TP AndroidTargetPlatform
[2017.07.28-13.05.59:147][  0]LogTemp:Display: Loaded TP Android_ASTCTargetPlatform
[2017.07.28-13.05.59:186][  0]LogTemp:Display: Loaded TP Android_ATCTargetPlatform
[2017.07.28-13.05.59:226][  0]LogTemp:Display: Loaded TP Android_DXTTargetPlatform
[2017.07.28-13.05.59:266][  0]LogTemp:Display: Loaded TP Android_ETC1TargetPlatform
[2017.07.28-13.05.59:308][  0]LogTemp:Display: Loaded TP Android_ETC2TargetPlatform
[2017.07.28-13.05.59:416][  0]LogTemp:Display: Loaded TP Android_MultiTargetPlatform
[2017.07.28-13.05.59:416][  0]LogTemp:Display: Loaded TP Android_PVRTCTargetPlatform
[2017.07.28-13.05.59:450][  0]LogTemp:Display: Loaded TP HTML5TargetPlatform
[2017.07.28-13.05.59:535][  0]LogTemp:Display: Loaded TP IOSTargetPlatform
[2017.07.28-13.05.59:561][  0]LogTemp:Display: Loaded TP TVOSTargetPlatform
[2017.07.28-13.05.59:637][  0]LogTemp:Display: Loaded TP LinuxClientTargetPlatform
[2017.07.28-13.05.59:715][  0]LogTemp:Display: Loaded TP LinuxNoEditorTargetPlatform
[2017.07.28-13.05.59:778][  0]LogTemp:Display: Loaded TP LinuxServerTargetPlatform
[2017.07.28-13.05.59:837][  0]LogTemp:Display: Loaded TP LinuxTargetPlatform
[2017.07.28-13.05.59:837][  0]LogTargetPlatformManager:Display: Building Assets For Windows
[2017.07.28-13.06.00:353][  0]LogDerivedDataCache:Display: Max Cache Size: 512 MB
[2017.07.28-13.06.00:503][  0]LogDerivedDataCache: Loaded boot cache 0.15s 90MB C:/Users/Tik/AppData/Local/UnrealEngine/4.16/DerivedDataCache/Boot.ddc.
[2017.07.28-13.06.00:503][  0]LogDerivedDataCache:Display: Loaded Boot cache: C:/Users/Tik/AppData/Local/UnrealEngine/4.16/DerivedDataCache/Boot.ddc
[2017.07.28-13.06.00:503][  0]LogDerivedDataCache: FDerivedDataBackendGraph:  Pak pak cache file C:/Users/Tik/Documents/GitHub/Tower-Battle/UnrealProject/TB/DerivedDataCache/DDC.ddp not found, will not use a pak cache.
[2017.07.28-13.06.00:503][  0]LogDerivedDataCache: Unable to find inner node Pak for hierarchical cache Hierarchy.
[2017.07.28-13.06.00:503][  0]LogDerivedDataCache: FDerivedDataBackendGraph:  CompressedPak pak cache file C:/Users/Tik/Documents/GitHub/Tower-Battle/UnrealProject/TB/DerivedDataCache/Compressed.ddp not found, will not use a pak cache.
[2017.07.28-13.06.00:503][  0]LogDerivedDataCache: Unable to find inner node CompressedPak for hierarchical cache Hierarchy.
[2017.07.28-13.06.00:518][  0]LogDerivedDataCache:Display: Pak cache opened for reading ../../../Engine/DerivedDataCache/Compressed.ddp.
[2017.07.28-13.06.00:530][  0]LogDerivedDataCache: Using Local data cache path C:/Users/Tik/AppData/Local/UnrealEngine/Common/DerivedDataCache: Writable
[2017.07.28-13.06.00:539][  0]LogMaterial: Verifying Global Shaders for PCD3D_SM5
[2017.07.28-13.06.00:540][  0]LogSlate: Using Freetype 2.6.0
[2017.07.28-13.06.00:541][  0]LogSlate: SlateFontCache - WITH_FREETYPE: 1, WITH_HARFBUZZ: 1
[2017.07.28-13.06.00:541][  0]LogSlate: SlateFontCache - WITH_FREETYPE: 1, WITH_HARFBUZZ: 1
[2017.07.28-13.06.00:917][  0]LogInit: Selected Device Profile: [Windows]
[2017.07.28-13.06.01:011][  0]LogContentStreaming: Texture pool size is 0.00 MB
[2017.07.28-13.06.01:163][  0]LogMeshUtilities: Using QuadricMeshReduction for automatic static mesh reduction
[2017.07.28-13.06.01:204][  0]LogSimplygon: Simplygon DLL not present - disabling.
[2017.07.28-13.06.01:238][  0]LogMeshUtilities: Using SimplygonSwarm for distributed automatic mesh merging
[2017.07.28-13.06.01:238][  0]LogMeshUtilities: No automatic skeletal mesh reduction module available
[2017.07.28-13.06.01:238][  0]LogMeshUtilities: No automatic mesh merging module available
[2017.07.28-13.06.01:864][  0]LogNetVersion: TB , NetCL: 3452394, EngineNetVer: 2, GameNetVer: 0 (Checksum: 2755021592)
[2017.07.28-13.06.01:924][  0]LogAssetRegistry: FAssetRegistry took 0.0256 seconds to start up
[2017.07.28-13.06.01:983][  0]LogPackageLocalizationCache: Processed 4 localized package path(s) for 1 prioritized culture(s) in 0.043459 seconds
[2017.07.28-13.06.01:988][  0]LogUObjectArray: 34194 objects as part of root set at end of initial load.
[2017.07.28-13.06.01:988][  0]LogUObjectAllocator: 7260416 out of 0 bytes used by permanent object pool.
[2017.07.28-13.06.01:988][  0]LogUObjectArray: CloseDisregardForGC: 0/0 objects in disregard for GC pool
[2017.07.28-13.06.02:043][  0]LogInit: WinSock: version 1.1 (2.2), MaxSocks=32767, MaxUdp=65467
[2017.07.28-13.06.04:421][  0]LogTcpMessaging: Initializing TcpMessaging bridge
[2017.07.28-13.06.04:451][  0]LogUdpMessaging: Initializing bridge on interface 0.0.0.0:0 to multicast group 230.0.0.1:6666.
[2017.07.28-13.06.05:078][  0]LogMaterial: Uniform references updated for custom material expression Custom.
[2017.07.28-13.06.05:598][  0]SourceControl: Info Source control is disabled
[2017.07.28-13.06.05:599][  0]SourceControl: Info Source control is disabled
[2017.07.28-13.06.05:645][  0]SourceControl: Info Source control is disabled
[2017.07.28-13.06.05:693][  0]SourceControl: Info Source control is disabled
[2017.07.28-13.06.06:164][  0]LogAndroidPermission: UAndroidPermissionCallbackProxy::GetInstance
[2017.07.28-13.06.06:612][  0]LogEngine: Initializing Engine...
[2017.07.28-13.06.06:612][  0]LogHMD: Failed to initialize OpenVR with code 110
[2017.07.28-13.06.06:849][  0]LogStats: UGameplayTagsManager::ConstructGameplayTagTree: Construct from data asset -  0.000 s
[2017.07.28-13.06.06:849][  0]LogStats: UGameplayTagsManager::ConstructGameplayTagTree: GameplayTagTreeChangedEvent.Broadcast -  0.000 s
[2017.07.28-13.06.06:968][  0]LogAIModule: Creating AISystem for world Untitled
[2017.07.28-13.06.06:993][  0]LogInit: XAudio2 using 'Динамики (Realtek High Definition Audio)' : 2 channels at 48 kHz using 32 bits per sample (channel mask 0x3)
[2017.07.28-13.06.07:015][  0]LogInit: FAudioDevice initialized.
[2017.07.28-13.06.07:070][  0]LogDerivedDataCache: Saved boot cache 0.05s 90MB C:/Users/Tik/AppData/Local/UnrealEngine/4.16/DerivedDataCache/Boot.ddc.
[2017.07.28-13.06.07:087][  0]LogInit: Texture streaming: Enabled
[2017.07.28-13.06.07:163][  0]LogEngineSessionManager: EngineSessionManager initialized
[2017.07.28-13.06.07:335][  0]LogInit: Transaction tracking system initialized
[2017.07.28-13.06.07:571][  0]BlueprintLog: New page: Editor Load
[2017.07.28-13.06.08:406][  0]LocalizationService: Info Localization service is disabled
[2017.07.28-13.06.08:964][  0]LogConsoleResponse:Display: 
[2017.07.28-13.06.09:129][  0]LogCook:Display: Max memory allowance for cook 16384mb min free memory 0mb
[2017.07.28-13.06.09:129][  0]LogCook:Display: Mobile HDR setting 1
[2017.07.28-13.06.09:510][  0]LogFileCache: Scanning file cache for directory 'C:/Users/Tik/Documents/GitHub/Tower-Battle/UnrealProject/TB/Content/' took 0.01s
[2017.07.28-13.06.09:958][  0]SourceControl: Info Source control is disabled
[2017.07.28-13.06.09:958][  0]Cmd: MAP LOAD FILE="C:/Users/Tik/Documents/GitHub/Tower-Battle/UnrealProject/TB/Content/Level/BattleMap.umap" TEMPLATE=0 SHOWPROGRESS=1 FEATURELEVEL=3
[2017.07.28-13.06.09:959][  0]LightingResults: New page: Lighting Build
[2017.07.28-13.06.09:988][  0]MapCheck: New page: Map Check
[2017.07.28-13.06.09:988][  0]LightingResults: New page: Lighting Build
[2017.07.28-13.06.10:498][  0]LogAIModule: Creating AISystem for world BattleMap
[2017.07.28-13.06.10:506][  0]LogEditorServer: Finished looking for orphan Actors (0.000 secs)
[2017.07.28-13.06.10:528][  0]Cmd: MAP CHECKDEP NOCLEARLOG
[2017.07.28-13.06.10:563][  0]MapCheck: Info Map check complete: 0 Error(s), 0 Warning(s), took 35.195ms to complete.
[2017.07.28-13.06.10:563][  0]LogFileHelpers: Loading map 'BattleMap' took 0.605
[2017.07.28-13.06.10:671][  0]LogCollectionManager: Loaded 0 collections in 0.000761 seconds
[2017.07.28-13.06.10:736][  0]LogFileCache: Scanning file cache for directory 'C:/Users/Tik/Documents/GitHub/Tower-Battle/UnrealProject/TB/Saved/Collections/' took 0.01s
[2017.07.28-13.06.10:736][  0]LogFileCache: Scanning file cache for directory 'C:/Users/Tik/Documents/GitHub/Tower-Battle/UnrealProject/TB/Content/Developers/Tik/Collections/' took 0.01s
[2017.07.28-13.06.10:736][  0]LogFileCache: Scanning file cache for directory 'C:/Users/Tik/Documents/GitHub/Tower-Battle/UnrealProject/TB/Content/Collections/' took 0.01s
[2017.07.28-13.06.10:736][  0]LogCollectionManager: Rebuilt the GUID cache for 0 collections in 0.000001 seconds
[2017.07.28-13.06.10:744][  0]LogContentBrowser: Native class hierarchy populated in 0.0082 seconds. Added 2329 classes and 491 folders.
[2017.07.28-13.06.10:789][  0]LogContentBrowser: Native class hierarchy updated for 'WidgetCarousel' in 0.0005 seconds. Added 0 classes and 0 folders.
[2017.07.28-13.06.10:817][  0]LogContentBrowser: Native class hierarchy updated for 'AddContentDialog' in 0.0006 seconds. Added 0 classes and 0 folders.
[2017.07.28-13.06.10:860][  0]LogContentBrowser: Native class hierarchy updated for 'SceneOutliner' in 0.0005 seconds. Added 1 classes and 2 folders.
[2017.07.28-13.06.10:931][  0]LogCrashTracker: Crashtracker disabled due to settings.
[2017.07.28-13.06.10:945][  0]LogSlate: Took 0.000252 seconds to synchronously load lazily loaded font '../../../Engine/Content/Slate/Fonts/Roboto-Regular.ttf' (155K)
[2017.07.28-13.06.10:949][  0]LogSlate: Took 0.000344 seconds to synchronously load lazily loaded font '../../../Engine/Content/Slate/Fonts/Roboto-Bold.ttf' (160K)
[2017.07.28-13.06.10:952][  0]LogSlate: Took 0.000151 seconds to synchronously load lazily loaded font '../../../Engine/Content/Editor/Slate/Fonts/FontAwesome.ttf' (139K)
[2017.07.28-13.06.11:058][  0]LogRenderer: Reallocating scene render targets to support 1276x572 NumSamples 1 (Frame:1).
[2017.07.28-13.06.11:182][  0]LogUObjectGlobals:Warning: Failed to find object 'Class None.'
[2017.07.28-13.06.11:234][  0]LogContentBrowser: Native class hierarchy updated for 'HierarchicalLODOutliner' in 0.0005 seconds. Added 1 classes and 2 folders.
[2017.07.28-13.06.11:235][  0]LogLoad: (Engine Initialization) Total time: 16.59 seconds
[2017.07.28-13.06.11:235][  0]LogLoad: (Engine Initialization) Total Blueprint compile time: 0.19 seconds
[2017.07.28-13.06.11:235][  0]LogExternalProfiler: No external profilers were discovered.  External profiling features will not be available.
[2017.07.28-13.06.11:593][  0]LogOcInput: OculusInput pre-init called
[2017.07.28-13.06.11:593][  0]LogHMD: Starting GearVRController plugin
[2017.07.28-13.06.11:622][  0]LogContentStreaming: Texture pool size now 1000 MB
[2017.07.28-13.06.11:924][  1]LogAssetRegistry: Asset discovery search completed in 10.0222 seconds
[2017.07.28-13.06.11:926][  1]LogCollectionManager: Rebuilt the object cache for 0 collections in 0.000001 seconds (found 0 objects)
[2017.07.28-13.06.11:926][  1]LogCollectionManager: Fixed up redirectors for 0 collections in 0.000032 seconds (updated 0 objects)
[2017.07.28-13.06.11:948][  1]LogSlate: Took 0.000237 seconds to synchronously load lazily loaded font '../../../Engine/Content/Slate/Fonts/Roboto-Light.ttf' (159K)
[2017.07.28-13.06.12:587][  3]LogSlate: Took 0.000598 seconds to synchronously load lazily loaded font '../../../Engine/Content/Slate/Fonts/Roboto-Light.ttf' (159K)
[2017.07.28-13.06.19:881][201]LogTemp: Repeting last play command: Selected Viewport
[2017.07.28-13.06.19:906][201]LogPlayLevel: PlayLevel: No blueprints needed recompiling
[2017.07.28-13.06.19:906][201]PIE: New page: PIE session: BattleMap (Jul 28, 2017, 7:06:19 PM)
[2017.07.28-13.06.19:907][201]LogPlayLevel: Creating play world package: /Game/Level/UEDPIE_0_BattleMap
[2017.07.28-13.06.19:909][201]LogPlayLevel: PIE: StaticDuplicateObject took: (0.002383s)
[2017.07.28-13.06.19:910][201]LogAIModule: Creating AISystem for world BattleMap
[2017.07.28-13.06.19:910][201]LogPlayLevel: PIE: World Init took: (0.001201s)
[2017.07.28-13.06.19:910][201]LogPlayLevel: PIE: Created PIE world by copying editor world from /Game/Level/BattleMap.BattleMap to /Game/Level/UEDPIE_0_BattleMap.BattleMap (0.003814s)
[2017.07.28-13.06.19:929][201]LogInit: XAudio2 using 'Динамики (Realtek High Definition Audio)' : 2 channels at 48 kHz using 32 bits per sample (channel mask 0x3)
[2017.07.28-13.06.19:941][201]LogInit: FAudioDevice initialized.
[2017.07.28-13.06.19:985][201]LogLoad: Game class is 'BattleGameMode_C'
[2017.07.28-13.06.19:987][201]LogWorld: Bringing World /Game/Level/UEDPIE_0_BattleMap.BattleMap up for play (max tick rate 0) at 2017.07.28-16.06.19
[2017.07.28-13.06.19:988][201]LogWorld: Bringing up level for play took: 0.001901
[2017.07.28-13.06.20:021][201]LogContentBrowser: Native class hierarchy updated for 'MovieSceneCapture' in 0.0005 seconds. Added 11 classes and 0 folders.
[2017.07.28-13.06.20:023][201]LogBlueprintUserMessages: [BP_Player2] Succcesd
[2017.07.28-13.06.20:023][201]LogBlueprintUserMessages: [BP_Player2] 0
[2017.07.28-13.06.20:023][201]LogBlueprintUserMessages: [BP_Player2] 0
[2017.07.28-13.06.20:023][201]LogBlueprintUserMessages: [BP_Player2] 0
[2017.07.28-13.06.20:023][201]LogBlueprintUserMessages: [BP_Player2] 0
[2017.07.28-13.06.20:024][201]LogBlueprintUserMessages: [BP_Player2] 0
[2017.07.28-13.06.20:024][201]LogBlueprintUserMessages: [BP_Player2] Succcesd
[2017.07.28-13.06.20:024][201]LogScript:Warning: Accessed None trying to read property Widget
	BP_Player_C /Game/Level/UEDPIE_0_BattleMap.BattleMap:PersistentLevel.BP_Player2
	Function /Game/BP/Char_BP/BP_Player.BP_Player_C:UpdateWidgetHP:0230
[2017.07.28-13.06.20:024][201]PIE:Error: Error Blueprint Runtime Error: Accessed None trying to read property Widget from function: 'UpdateWidgetHP' from node: Set Health_Player2 in graph: UpdateWidgetHP in object: BP_Player with description: Accessed None trying to read property Widget
[2017.07.28-13.06.20:024][201]LogScript:Warning: Attempted to assign to None
	BP_Player_C /Game/Level/UEDPIE_0_BattleMap.BattleMap:PersistentLevel.BP_Player2
	Function /Game/BP/Char_BP/BP_Player.BP_Player_C:UpdateWidgetHP:0245
[2017.07.28-13.06.20:024][201]PIE:Error: Error Blueprint Runtime Error: Attempted to assign to None from function: 'UpdateWidgetHP' from node: Set Health_Player2 in graph: UpdateWidgetHP in object: BP_Player with description: Attempted to assign to None
[2017.07.28-13.06.20:024][201]LogScript:Warning: Accessed None trying to read property Widget
	BP_Player_C /Game/Level/UEDPIE_0_BattleMap.BattleMap:PersistentLevel.BP_Player2
	Function /Game/BP/Char_BP/BP_Player.BP_Player_C:UpdateWidgetHP:02A7
[2017.07.28-13.06.20:024][201]PIE:Error: Error Blueprint Runtime Error: Accessed None trying to read property Widget from function: 'UpdateWidgetHP' from node: Set Hp2 in graph: UpdateWidgetHP in object: BP_Player with description: Accessed None trying to read property Widget
[2017.07.28-13.06.20:024][201]LogScript:Warning: Attempted to assign to None
	BP_Player_C /Game/Level/UEDPIE_0_BattleMap.BattleMap:PersistentLevel.BP_Player2
	Function /Game/BP/Char_BP/BP_Player.BP_Player_C:UpdateWidgetHP:02BC
[2017.07.28-13.06.20:024][201]PIE:Error: Error Blueprint Runtime Error: Attempted to assign to None from function: 'UpdateWidgetHP' from node: Set Hp2 in graph: UpdateWidgetHP in object: BP_Player with description: Attempted to assign to None
[2017.07.28-13.06.20:024][201]LogScript:Warning: Accessed None trying to read property Widget
	BP_Player_C /Game/Level/UEDPIE_0_BattleMap.BattleMap:PersistentLevel.BP_Player2
	Function /Game/BP/Char_BP/BP_Player.BP_Player_C:UpdateWidgetHP:0301
[2017.07.28-13.06.20:024][201]PIE:Error: Error Blueprint Runtime Error: Accessed None trying to read property Widget from function: 'UpdateWidgetHP' from node: Print String in graph: UpdateWidgetHP in object: BP_Player with description: Accessed None trying to read property Widget
[2017.07.28-13.06.20:024][201]LogBlueprintUserMessages: [BP_Player2] 0.0 :2
[2017.07.28-13.06.20:024][201]LogScript:Warning: Accessed None trying to read property Widget
	BP_Player_C /Game/Level/UEDPIE_0_BattleMap.BattleMap:PersistentLevel.BP_Player2
	Function /Game/BP/Char_BP/BP_Player.BP_Player_C:UpdateWigetItem:0227
[2017.07.28-13.06.20:024][201]PIE:Error: Error Blueprint Runtime Error: Accessed None trying to read property Widget from function: 'UpdateWigetItem' from node: Set Icons_player_2 in graph: UpdateWigetItem in object: BP_Player with description: Accessed None trying to read property Widget
[2017.07.28-13.06.20:024][201]LogScript:Warning: Attempted to assign to None
	BP_Player_C /Game/Level/UEDPIE_0_BattleMap.BattleMap:PersistentLevel.BP_Player2
	Function /Game/BP/Char_BP/BP_Player.BP_Player_C:UpdateWigetItem:023C
[2017.07.28-13.06.20:024][201]PIE:Error: Error Blueprint Runtime Error: Attempted to assign to None from function: 'UpdateWigetItem' from node: Set Icons_player_2 in graph: UpdateWigetItem in object: BP_Player with description: Attempted to assign to None
[2017.07.28-13.06.20:024][201]LogBlueprintUserMessages: [BP_Player_97] Succcesd
[2017.07.28-13.06.20:024][201]LogBlueprintUserMessages: [BP_Player_97] 0
[2017.07.28-13.06.20:025][201]LogBlueprintUserMessages: [BP_Player_97] 0
[2017.07.28-13.06.20:025][201]LogBlueprintUserMessages: [BP_Player_97] 0
[2017.07.28-13.06.20:025][201]LogBlueprintUserMessages: [BP_Player_97] 0
[2017.07.28-13.06.20:025][201]LogBlueprintUserMessages: [BP_Player_97] 0
[2017.07.28-13.06.20:025][201]LogBlueprintUserMessages: [BP_Player_97] Succcesd
[2017.07.28-13.06.20:025][201]LogScript:Warning: Accessed None trying to read property Widget
	BP_Player_C /Game/Level/UEDPIE_0_BattleMap.BattleMap:PersistentLevel.BP_Player_97
	Function /Game/BP/Char_BP/BP_Player.BP_Player_C:UpdateWidgetHP:0072
[2017.07.28-13.06.20:025][201]PIE:Error: Error Blueprint Runtime Error: Accessed None trying to read property Widget from function: 'UpdateWidgetHP' from node: Set Health_Player1 in graph: UpdateWidgetHP in object: BP_Player with description: Accessed None trying to read property Widget
[2017.07.28-13.06.20:025][201]LogScript:Warning: Attempted to assign to None
	BP_Player_C /Game/Level/UEDPIE_0_BattleMap.BattleMap:PersistentLevel.BP_Player_97
	Function /Game/BP/Char_BP/BP_Player.BP_Player_C:UpdateWidgetHP:0087
[2017.07.28-13.06.20:025][201]PIE:Error: Error Blueprint Runtime Error: Attempted to assign to None from function: 'UpdateWidgetHP' from node: Set Health_Player1 in graph: UpdateWidgetHP in object: BP_Player with description: Attempted to assign to None
[2017.07.28-13.06.20:025][201]LogScript:Warning: Accessed None trying to read property Widget
	BP_Player_C /Game/Level/UEDPIE_0_BattleMap.BattleMap:PersistentLevel.BP_Player_97
	Function /Game/BP/Char_BP/BP_Player.BP_Player_C:UpdateWidgetHP:00E9
[2017.07.28-13.06.20:025][201]PIE:Error: Error Blueprint Runtime Error: Accessed None trying to read property Widget from function: 'UpdateWidgetHP' from node: Set Hp1 in graph: UpdateWidgetHP in object: BP_Player with description: Accessed None trying to read property Widget
[2017.07.28-13.06.20:025][201]LogScript:Warning: Attempted to assign to None
	BP_Player_C /Game/Level/UEDPIE_0_BattleMap.BattleMap:PersistentLevel.BP_Player_97
	Function /Game/BP/Char_BP/BP_Player.BP_Player_C:UpdateWidgetHP:00FE
[2017.07.28-13.06.20:025][201]PIE:Error: Error Blueprint Runtime Error: Attempted to assign to None from function: 'UpdateWidgetHP' from node: Set Hp1 in graph: UpdateWidgetHP in object: BP_Player with description: Attempted to assign to None
[2017.07.28-13.06.20:025][201]LogScript:Warning: Accessed None trying to read property Widget
	BP_Player_C /Game/Level/UEDPIE_0_BattleMap.BattleMap:PersistentLevel.BP_Player_97
	Function /Game/BP/Char_BP/BP_Player.BP_Player_C:UpdateWidgetHP:0143
[2017.07.28-13.06.20:025][201]PIE:Error: Error Blueprint Runtime Error: Accessed None trying to read property Widget from function: 'UpdateWidgetHP' from node: Print String in graph: UpdateWidgetHP in object: BP_Player with description: Accessed None trying to read property Widget
[2017.07.28-13.06.20:025][201]LogBlueprintUserMessages: [BP_Player_97] 0.0 :1
[2017.07.28-13.06.20:025][201]LogScript:Warning: Accessed None trying to read property Widget
	BP_Player_C /Game/Level/UEDPIE_0_BattleMap.BattleMap:PersistentLevel.BP_Player_97
	Function /Game/BP/Char_BP/BP_Player.BP_Player_C:UpdateWigetItem:01F3
[2017.07.28-13.06.20:025][201]PIE:Error: Error Blueprint Runtime Error: Accessed None trying to read property Widget from function: 'UpdateWigetItem' from node: Set Icons_player_1 in graph: UpdateWigetItem in object: BP_Player with description: Accessed None trying to read property Widget
[2017.07.28-13.06.20:025][201]LogScript:Warning: Attempted to assign to None
	BP_Player_C /Game/Level/UEDPIE_0_BattleMap.BattleMap:PersistentLevel.BP_Player_97
	Function /Game/BP/Char_BP/BP_Player.BP_Player_C:UpdateWigetItem:0208
[2017.07.28-13.06.20:025][201]PIE:Error: Error Blueprint Runtime Error: Attempted to assign to None from function: 'UpdateWigetItem' from node: Set Icons_player_1 in graph: UpdateWigetItem in object: BP_Player with description: Attempted to assign to None
[2017.07.28-13.06.20:026][201]PIE: Info Play in editor start time for /Game/Level/UEDPIE_0_BattleMap -0.126
[2017.07.28-13.06.20:923][276]LogBlueprintUserMessages: [BP_Player_97] Succcesd
[2017.07.28-13.06.20:923][276]LogBlueprintUserMessages: [BP_Player_97] 0.909091 :1
[2017.07.28-13.06.20:923][276]LogBlueprintUserMessages: [BP_Player_97] HIT!
[2017.07.28-13.06.21:887][364]LogBlueprintUserMessages: [BP_Player2] Succcesd
[2017.07.28-13.06.21:887][364]LogBlueprintUserMessages: [BP_Player2] 1.0 :2
[2017.07.28-13.06.21:887][364]LogBlueprintUserMessages: [BP_Player2] HIT!
[2017.07.28-13.06.22:897][457]LogBlueprintUserMessages: [BP_Player_97] Succcesd
[2017.07.28-13.06.22:897][457]LogBlueprintUserMessages: [BP_Player_97] 0.909091 :1
[2017.07.28-13.06.22:897][457]LogBlueprintUserMessages: [BP_Player_97] HIT!
[2017.07.28-13.06.23:900][548]LogBlueprintUserMessages: [BP_Player2] Succcesd
[2017.07.28-13.06.23:900][548]LogBlueprintUserMessages: [BP_Player2] 1.0 :2
[2017.07.28-13.06.23:900][548]LogBlueprintUserMessages: [BP_Player2] HIT!
[2017.07.28-13.06.24:904][640]LogBlueprintUserMessages: [BP_Player_97] Succcesd
[2017.07.28-13.06.24:904][640]LogBlueprintUserMessages: [BP_Player_97] 0.909091 :1
[2017.07.28-13.06.24:904][640]LogBlueprintUserMessages: [BP_Player_97] HIT!
[2017.07.28-13.06.26:664][746]LogSlate: Took 0.000135 seconds to synchronously load lazily loaded font '../../../Engine/Content/Slate/Fonts/Roboto-Light.ttf' (159K)
[2017.07.28-13.06.27:012][746]LogContentBrowser: Native class hierarchy updated for 'BlueprintGraph' in 0.0008 seconds. Added 112 classes and 0 folders.
[2017.07.28-13.06.27:552][746]LogSlate: Took 0.000147 seconds to synchronously load lazily loaded font '../../../Engine/Content/Slate/Fonts/Roboto-Regular.ttf' (155K)
[2017.07.28-13.06.27:687][746]LogSlate: Took 0.000165 seconds to synchronously load lazily loaded font '../../../Engine/Content/Editor/Slate/Fonts/Roboto-BoldCondensed.ttf' (158K)
[2017.07.28-13.06.32:016][957]LogSlate: Took 0.000160 seconds to synchronously load lazily loaded font '../../../Engine/Content/Editor/Slate/Fonts/Roboto-Italic.ttf' (157K)
[2017.07.28-13.07.30:967][355]BlueprintLog: New page: Compile BP_Player
[2017.07.28-13.07.32:234][358]LogD3D11RHI: Timed out while waiting for GPU to catch up. (0.5 s)
[2017.07.28-13.07.34:501][501]LogTemp: Repeting last play command: Selected Viewport
[2017.07.28-13.07.34:524][501]LogPlayLevel: PlayLevel: No blueprints needed recompiling
[2017.07.28-13.07.34:524][501]PIE: New page: PIE session: BattleMap (Jul 28, 2017, 7:07:34 PM)
[2017.07.28-13.07.34:524][501]LogPlayLevel: Creating play world package: /Game/Level/UEDPIE_0_BattleMap
[2017.07.28-13.07.34:527][501]LogPlayLevel: PIE: StaticDuplicateObject took: (0.002283s)
[2017.07.28-13.07.34:527][501]LogAIModule: Creating AISystem for world BattleMap
[2017.07.28-13.07.34:528][501]LogPlayLevel: PIE: World Init took: (0.000964s)
[2017.07.28-13.07.34:528][501]LogPlayLevel: PIE: Created PIE world by copying editor world from /Game/Level/BattleMap.BattleMap to /Game/Level/UEDPIE_0_BattleMap.BattleMap (0.003530s)
[2017.07.28-13.07.34:559][501]LogInit: XAudio2 using 'Динамики (Realtek High Definition Audio)' : 2 channels at 48 kHz using 32 bits per sample (channel mask 0x3)
[2017.07.28-13.07.34:574][501]LogInit: FAudioDevice initialized.
[2017.07.28-13.07.34:606][501]LogLoad: Game class is 'BattleGameMode_C'
[2017.07.28-13.07.34:608][501]LogWorld: Bringing World /Game/Level/UEDPIE_0_BattleMap.BattleMap up for play (max tick rate 0) at 2017.07.28-16.07.34
[2017.07.28-13.07.34:608][501]LogWorld: Bringing up level for play took: 0.001594
[2017.07.28-13.07.34:609][501]LogBlueprintUserMessages: [BP_Player2] Succcesd
[2017.07.28-13.07.34:609][501]LogBlueprintUserMessages: [BP_Player2] 0
[2017.07.28-13.07.34:609][501]LogBlueprintUserMessages: [BP_Player2] 0
[2017.07.28-13.07.34:609][501]LogBlueprintUserMessages: [BP_Player2] 0
[2017.07.28-13.07.34:609][501]LogBlueprintUserMessages: [BP_Player2] 0
[2017.07.28-13.07.34:609][501]LogBlueprintUserMessages: [BP_Player2] 0
[2017.07.28-13.07.34:610][501]LogBlueprintUserMessages: [BP_Player2] Succcesd
[2017.07.28-13.07.34:610][501]LogScript:Warning: Accessed None trying to read property Widget
	BP_Player_C /Game/Level/UEDPIE_0_BattleMap.BattleMap:PersistentLevel.BP_Player2
	Function /Game/BP/Char_BP/BP_Player.BP_Player_C:UpdateWidgetHP:0230
[2017.07.28-13.07.34:610][501]PIE:Error: Error Blueprint Runtime Error: Accessed None trying to read property Widget from function: 'UpdateWidgetHP' from node: Set Health_Player2 in graph: UpdateWidgetHP in object: BP_Player with description: Accessed None trying to read property Widget
[2017.07.28-13.07.34:610][501]LogScript:Warning: Attempted to assign to None
	BP_Player_C /Game/Level/UEDPIE_0_BattleMap.BattleMap:PersistentLevel.BP_Player2
	Function /Game/BP/Char_BP/BP_Player.BP_Player_C:UpdateWidgetHP:0245
[2017.07.28-13.07.34:610][501]PIE:Error: Error Blueprint Runtime Error: Attempted to assign to None from function: 'UpdateWidgetHP' from node: Set Health_Player2 in graph: UpdateWidgetHP in object: BP_Player with description: Attempted to assign to None
[2017.07.28-13.07.34:610][501]LogScript:Warning: Accessed None trying to read property Widget
	BP_Player_C /Game/Level/UEDPIE_0_BattleMap.BattleMap:PersistentLevel.BP_Player2
	Function /Game/BP/Char_BP/BP_Player.BP_Player_C:UpdateWidgetHP:02A7
[2017.07.28-13.07.34:610][501]PIE:Error: Error Blueprint Runtime Error: Accessed None trying to read property Widget from function: 'UpdateWidgetHP' from node: Set Hp2 in graph: UpdateWidgetHP in object: BP_Player with description: Accessed None trying to read property Widget
[2017.07.28-13.07.34:610][501]LogScript:Warning: Attempted to assign to None
	BP_Player_C /Game/Level/UEDPIE_0_BattleMap.BattleMap:PersistentLevel.BP_Player2
	Function /Game/BP/Char_BP/BP_Player.BP_Player_C:UpdateWidgetHP:02BC
[2017.07.28-13.07.34:610][501]PIE:Error: Error Blueprint Runtime Error: Attempted to assign to None from function: 'UpdateWidgetHP' from node: Set Hp2 in graph: UpdateWidgetHP in object: BP_Player with description: Attempted to assign to None
[2017.07.28-13.07.34:610][501]LogScript:Warning: Accessed None trying to read property Widget
	BP_Player_C /Game/Level/UEDPIE_0_BattleMap.BattleMap:PersistentLevel.BP_Player2
	Function /Game/BP/Char_BP/BP_Player.BP_Player_C:UpdateWidgetHP:0301
[2017.07.28-13.07.34:610][501]PIE:Error: Error Blueprint Runtime Error: Accessed None trying to read property Widget from function: 'UpdateWidgetHP' from node: Print String in graph: UpdateWidgetHP in object: BP_Player with description: Accessed None trying to read property Widget
[2017.07.28-13.07.34:610][501]LogBlueprintUserMessages: [BP_Player2] 0.0 :2
[2017.07.28-13.07.34:610][501]LogScript:Warning: Accessed None trying to read property Widget
	BP_Player_C /Game/Level/UEDPIE_0_BattleMap.BattleMap:PersistentLevel.BP_Player2
	Function /Game/BP/Char_BP/BP_Player.BP_Player_C:UpdateWigetItem:0227
[2017.07.28-13.07.34:610][501]PIE:Error: Error Blueprint Runtime Error: Accessed None trying to read property Widget from function: 'UpdateWigetItem' from node: Set Icons_player_2 in graph: UpdateWigetItem in object: BP_Player with description: Accessed None trying to read property Widget
[2017.07.28-13.07.34:610][501]LogScript:Warning: Attempted to assign to None
	BP_Player_C /Game/Level/UEDPIE_0_BattleMap.BattleMap:PersistentLevel.BP_Player2
	Function /Game/BP/Char_BP/BP_Player.BP_Player_C:UpdateWigetItem:023C
[2017.07.28-13.07.34:610][501]PIE:Error: Error Blueprint Runtime Error: Attempted to assign to None from function: 'UpdateWigetItem' from node: Set Icons_player_2 in graph: UpdateWigetItem in object: BP_Player with description: Attempted to assign to None
[2017.07.28-13.07.34:610][501]LogBlueprintUserMessages: [BP_Player_97] Succcesd
[2017.07.28-13.07.34:610][501]LogBlueprintUserMessages: [BP_Player_97] 0
[2017.07.28-13.07.34:610][501]LogBlueprintUserMessages: [BP_Player_97] 0
[2017.07.28-13.07.34:610][501]LogBlueprintUserMessages: [BP_Player_97] 0
[2017.07.28-13.07.34:611][501]LogBlueprintUserMessages: [BP_Player_97] 0
[2017.07.28-13.07.34:611][501]LogBlueprintUserMessages: [BP_Player_97] 0
[2017.07.28-13.07.34:611][501]LogBlueprintUserMessages: [BP_Player_97] Succcesd
[2017.07.28-13.07.34:611][501]LogScript:Warning: Accessed None trying to read property Widget
	BP_Player_C /Game/Level/UEDPIE_0_BattleMap.BattleMap:PersistentLevel.BP_Player_97
	Function /Game/BP/Char_BP/BP_Player.BP_Player_C:UpdateWidgetHP:0072
[2017.07.28-13.07.34:611][501]PIE:Error: Error Blueprint Runtime Error: Accessed None trying to read property Widget from function: 'UpdateWidgetHP' from node: Set Health_Player1 in graph: UpdateWidgetHP in object: BP_Player with description: Accessed None trying to read property Widget
[2017.07.28-13.07.34:611][501]LogScript:Warning: Attempted to assign to None
	BP_Player_C /Game/Level/UEDPIE_0_BattleMap.BattleMap:PersistentLevel.BP_Player_97
	Function /Game/BP/Char_BP/BP_Player.BP_Player_C:UpdateWidgetHP:0087
[2017.07.28-13.07.34:611][501]PIE:Error: Error Blueprint Runtime Error: Attempted to assign to None from function: 'UpdateWidgetHP' from node: Set Health_Player1 in graph: UpdateWidgetHP in object: BP_Player with description: Attempted to assign to None
[2017.07.28-13.07.34:611][501]LogScript:Warning: Accessed None trying to read property Widget
	BP_Player_C /Game/Level/UEDPIE_0_BattleMap.BattleMap:PersistentLevel.BP_Player_97
	Function /Game/BP/Char_BP/BP_Player.BP_Player_C:UpdateWidgetHP:00E9
[2017.07.28-13.07.34:611][501]PIE:Error: Error Blueprint Runtime Error: Accessed None trying to read property Widget from function: 'UpdateWidgetHP' from node: Set Hp1 in graph: UpdateWidgetHP in object: BP_Player with description: Accessed None trying to read property Widget
[2017.07.28-13.07.34:611][501]LogScript:Warning: Attempted to assign to None
	BP_Player_C /Game/Level/UEDPIE_0_BattleMap.BattleMap:PersistentLevel.BP_Player_97
	Function /Game/BP/Char_BP/BP_Player.BP_Player_C:UpdateWidgetHP:00FE
[2017.07.28-13.07.34:611][501]PIE:Error: Error Blueprint Runtime Error: Attempted to assign to None from function: 'UpdateWidgetHP' from node: Set Hp1 in graph: UpdateWidgetHP in object: BP_Player with description: Attempted to assign to None
[2017.07.28-13.07.34:611][501]LogScript:Warning: Accessed None trying to read property Widget
	BP_Player_C /Game/Level/UEDPIE_0_BattleMap.BattleMap:PersistentLevel.BP_Player_97
	Function /Game/BP/Char_BP/BP_Player.BP_Player_C:UpdateWidgetHP:0143
[2017.07.28-13.07.34:611][501]PIE:Error: Error Blueprint Runtime Error: Accessed None trying to read property Widget from function: 'UpdateWidgetHP' from node: Print String in graph: UpdateWidgetHP in object: BP_Player with description: Accessed None trying to read property Widget
[2017.07.28-13.07.34:611][501]LogBlueprintUserMessages: [BP_Player_97] 0.0 :1
[2017.07.28-13.07.34:611][501]LogScript:Warning: Accessed None trying to read property Widget
	BP_Player_C /Game/Level/UEDPIE_0_BattleMap.BattleMap:PersistentLevel.BP_Player_97
	Function /Game/BP/Char_BP/BP_Player.BP_Player_C:UpdateWigetItem:01F3
[2017.07.28-13.07.34:611][501]PIE:Error: Error Blueprint Runtime Error: Accessed None trying to read property Widget from function: 'UpdateWigetItem' from node: Set Icons_player_1 in graph: UpdateWigetItem in object: BP_Player with description: Accessed None trying to read property Widget
[2017.07.28-13.07.34:611][501]LogScript:Warning: Attempted to assign to None
	BP_Player_C /Game/Level/UEDPIE_0_BattleMap.BattleMap:PersistentLevel.BP_Player_97
	Function /Game/BP/Char_BP/BP_Player.BP_Player_C:UpdateWigetItem:0208
[2017.07.28-13.07.34:611][501]PIE:Error: Error Blueprint Runtime Error: Attempted to assign to None from function: 'UpdateWigetItem' from node: Set Icons_player_1 in graph: UpdateWigetItem in object: BP_Player with description: Attempted to assign to None
[2017.07.28-13.07.34:612][501]PIE: Info Play in editor start time for /Game/Level/UEDPIE_0_BattleMap 0.459
[2017.07.28-13.07.35:507][579]LogBlueprintUserMessages: [BP_Player_97] Succcesd
[2017.07.28-13.07.35:507][579]LogBlueprintUserMessages: [BP_Player_97] 0.909091 :1
[2017.07.28-13.07.35:507][579]LogBlueprintUserMessages: [BP_Player_97] HIT!
[2017.07.28-13.07.36:501][668]LogBlueprintUserMessages: [BP_Player2] Succcesd
[2017.07.28-13.07.36:501][668]LogBlueprintUserMessages: [BP_Player2] 0.909091 :2
[2017.07.28-13.07.36:501][668]LogBlueprintUserMessages: [BP_Player2] HIT!
[2017.07.28-13.07.37:509][761]LogBlueprintUserMessages: [BP_Player_97] Succcesd
[2017.07.28-13.07.37:509][761]LogBlueprintUserMessages: [BP_Player_97] 0.818182 :1
[2017.07.28-13.07.37:509][761]LogBlueprintUserMessages: [BP_Player_97] HIT!
[2017.07.28-13.07.38:498][852]LogBlueprintUserMessages: [BP_Player2] Succcesd
[2017.07.28-13.07.38:498][852]LogBlueprintUserMessages: [BP_Player2] 0.818182 :2
[2017.07.28-13.07.38:498][852]LogBlueprintUserMessages: [BP_Player2] HIT!
[2017.07.28-13.07.39:499][944]LogBlueprintUserMessages: [BP_Player_97] Succcesd
[2017.07.28-13.07.39:499][944]LogBlueprintUserMessages: [BP_Player_97] 0.727273 :1
[2017.07.28-13.07.39:499][944]LogBlueprintUserMessages: [BP_Player_97] HIT!
[2017.07.28-13.07.40:493][ 35]LogBlueprintUserMessages: [BP_Player2] Succcesd
[2017.07.28-13.07.40:493][ 35]LogBlueprintUserMessages: [BP_Player2] 0.727273 :2
[2017.07.28-13.07.40:493][ 35]LogBlueprintUserMessages: [BP_Player2] HIT!
[2017.07.28-13.07.41:495][127]LogBlueprintUserMessages: [BP_Player_97] Succcesd
[2017.07.28-13.07.41:495][127]LogBlueprintUserMessages: [BP_Player_97] 0.636364 :1
[2017.07.28-13.07.41:495][127]LogBlueprintUserMessages: [BP_Player_97] HIT!
[2017.07.28-13.07.42:494][219]LogBlueprintUserMessages: [BP_Player2] Succcesd
[2017.07.28-13.07.42:494][219]LogBlueprintUserMessages: [BP_Player2] 0.636364 :2
[2017.07.28-13.07.42:494][219]LogBlueprintUserMessages: [BP_Player2] HIT!
[2017.07.28-13.07.43:503][312]LogBlueprintUserMessages: [BP_Player_97] Succcesd
[2017.07.28-13.07.43:503][312]LogBlueprintUserMessages: [BP_Player_97] 0.454545 :1
[2017.07.28-13.07.43:503][312]LogBlueprintUserMessages: [BP_Player_97] HIT!
[2017.07.28-13.07.44:494][403]LogBlueprintUserMessages: [BP_Player2] Succcesd
[2017.07.28-13.07.44:494][403]LogBlueprintUserMessages: [BP_Player2] 0.545455 :2
[2017.07.28-13.07.44:495][403]LogBlueprintUserMessages: [BP_Player2] HIT!
[2017.07.28-13.07.48:198][680]LogTemp: Repeting last play command: Selected Viewport
[2017.07.28-13.07.48:215][680]LogPlayLevel: PlayLevel: No blueprints needed recompiling
[2017.07.28-13.07.48:215][680]PIE: New page: PIE session: BattleMap (Jul 28, 2017, 7:07:48 PM)
[2017.07.28-13.07.48:215][680]LogPlayLevel: Creating play world package: /Game/Level/UEDPIE_0_BattleMap
[2017.07.28-13.07.48:218][680]LogPlayLevel: PIE: StaticDuplicateObject took: (0.002426s)
[2017.07.28-13.07.48:219][680]LogAIModule: Creating AISystem for world BattleMap
[2017.07.28-13.07.48:219][680]LogPlayLevel: PIE: World Init took: (0.000809s)
[2017.07.28-13.07.48:219][680]LogPlayLevel: PIE: Created PIE world by copying editor world from /Game/Level/BattleMap.BattleMap to /Game/Level/UEDPIE_0_BattleMap.BattleMap (0.003477s)
[2017.07.28-13.07.48:248][680]LogInit: XAudio2 using 'Динамики (Realtek High Definition Audio)' : 2 channels at 48 kHz using 32 bits per sample (channel mask 0x3)
[2017.07.28-13.07.48:257][680]LogInit: FAudioDevice initialized.
[2017.07.28-13.07.48:288][680]LogLoad: Game class is 'BattleGameMode_C'
[2017.07.28-13.07.48:290][680]LogWorld: Bringing World /Game/Level/UEDPIE_0_BattleMap.BattleMap up for play (max tick rate 0) at 2017.07.28-16.07.48
[2017.07.28-13.07.48:291][680]LogWorld: Bringing up level for play took: 0.001756
[2017.07.28-13.07.48:292][680]LogBlueprintUserMessages: [BP_Player2] Succcesd
[2017.07.28-13.07.48:292][680]LogBlueprintUserMessages: [BP_Player2] 0
[2017.07.28-13.07.48:293][680]LogBlueprintUserMessages: [BP_Player2] 0
[2017.07.28-13.07.48:293][680]LogBlueprintUserMessages: [BP_Player2] 0
[2017.07.28-13.07.48:293][680]LogBlueprintUserMessages: [BP_Player2] 0
[2017.07.28-13.07.48:293][680]LogBlueprintUserMessages: [BP_Player2] 0
[2017.07.28-13.07.48:293][680]LogBlueprintUserMessages: [BP_Player2] Succcesd
[2017.07.28-13.07.48:293][680]LogScript:Warning: Accessed None trying to read property Widget
	BP_Player_C /Game/Level/UEDPIE_0_BattleMap.BattleMap:PersistentLevel.BP_Player2
	Function /Game/BP/Char_BP/BP_Player.BP_Player_C:UpdateWidgetHP:0230
[2017.07.28-13.07.48:293][680]PIE:Error: Error Blueprint Runtime Error: Accessed None trying to read property Widget from function: 'UpdateWidgetHP' from node: Set Health_Player2 in graph: UpdateWidgetHP in object: BP_Player with description: Accessed None trying to read property Widget
[2017.07.28-13.07.48:293][680]LogScript:Warning: Attempted to assign to None
	BP_Player_C /Game/Level/UEDPIE_0_BattleMap.BattleMap:PersistentLevel.BP_Player2
	Function /Game/BP/Char_BP/BP_Player.BP_Player_C:UpdateWidgetHP:0245
[2017.07.28-13.07.48:293][680]PIE:Error: Error Blueprint Runtime Error: Attempted to assign to None from function: 'UpdateWidgetHP' from node: Set Health_Player2 in graph: UpdateWidgetHP in object: BP_Player with description: Attempted to assign to None
[2017.07.28-13.07.48:293][680]LogScript:Warning: Accessed None trying to read property Widget
	BP_Player_C /Game/Level/UEDPIE_0_BattleMap.BattleMap:PersistentLevel.BP_Player2
	Function /Game/BP/Char_BP/BP_Player.BP_Player_C:UpdateWidgetHP:02A7
[2017.07.28-13.07.48:293][680]PIE:Error: Error Blueprint Runtime Error: Accessed None trying to read property Widget from function: 'UpdateWidgetHP' from node: Set Hp2 in graph: UpdateWidgetHP in object: BP_Player with description: Accessed None trying to read property Widget
[2017.07.28-13.07.48:293][680]PIE:Error: Error Blueprint Runtime Error: Attempted to assign to None from function: 'UpdateWidgetHP' from node: Set Hp2 in graph: UpdateWidgetHP in object: BP_Player with description: Attempted to assign to None
[2017.07.28-13.07.48:293][680]PIE:Error: Error Blueprint Runtime Error: Accessed None trying to read property Widget from function: 'UpdateWidgetHP' from node: Print String in graph: UpdateWidgetHP in object: BP_Player with description: Accessed None trying to read property Widget
[2017.07.28-13.07.48:293][680]LogBlueprintUserMessages: [BP_Player2] 0.0 :2
[2017.07.28-13.07.48:293][680]PIE:Error: Error Blueprint Runtime Error: Accessed None trying to read property Widget from function: 'UpdateWigetItem' from node: Set Icons_player_2 in graph: UpdateWigetItem in object: BP_Player with description: Accessed None trying to read property Widget
[2017.07.28-13.07.48:293][680]PIE:Error: Error Blueprint Runtime Error: Attempted to assign to None from function: 'UpdateWigetItem' from node: Set Icons_player_2 in graph: UpdateWigetItem in object: BP_Player with description: Attempted to assign to None
[2017.07.28-13.07.48:293][680]LogBlueprintUserMessages: [BP_Player_97] Succcesd
[2017.07.28-13.07.48:294][680]LogBlueprintUserMessages: [BP_Player_97] 0
[2017.07.28-13.07.48:294][680]LogBlueprintUserMessages: [BP_Player_97] 0
[2017.07.28-13.07.48:294][680]LogBlueprintUserMessages: [BP_Player_97] 0
[2017.07.28-13.07.48:294][680]LogBlueprintUserMessages: [BP_Player_97] 0
[2017.07.28-13.07.48:294][680]LogBlueprintUserMessages: [BP_Player_97] 0
[2017.07.28-13.07.48:294][680]LogBlueprintUserMessages: [BP_Player_97] Succcesd
[2017.07.28-13.07.48:294][680]LogScript:Warning: Accessed None trying to read property Widget
	BP_Player_C /Game/Level/UEDPIE_0_BattleMap.BattleMap:PersistentLevel.BP_Player_97
	Function /Game/BP/Char_BP/BP_Player.BP_Player_C:UpdateWidgetHP:0072
[2017.07.28-13.07.48:294][680]PIE:Error: Error Blueprint Runtime Error: Accessed None trying to read property Widget from function: 'UpdateWidgetHP' from node: Set Health_Player1 in graph: UpdateWidgetHP in object: BP_Player with description: Accessed None trying to read property Widget
[2017.07.28-13.07.48:294][680]LogScript:Warning: Attempted to assign to None
	BP_Player_C /Game/Level/UEDPIE_0_BattleMap.BattleMap:PersistentLevel.BP_Player_97
	Function /Game/BP/Char_BP/BP_Player.BP_Player_C:UpdateWidgetHP:0087
[2017.07.28-13.07.48:294][680]PIE:Error: Error Blueprint Runtime Error: Attempted to assign to None from function: 'UpdateWidgetHP' from node: Set Health_Player1 in graph: UpdateWidgetHP in object: BP_Player with description: Attempted to assign to None
[2017.07.28-13.07.48:294][680]LogScript:Warning: Accessed None trying to read property Widget
	BP_Player_C /Game/Level/UEDPIE_0_BattleMap.BattleMap:PersistentLevel.BP_Player_97
	Function /Game/BP/Char_BP/BP_Player.BP_Player_C:UpdateWidgetHP:00E9
[2017.07.28-13.07.48:294][680]PIE:Error: Error Blueprint Runtime Error: Accessed None trying to read property Widget from function: 'UpdateWidgetHP' from node: Set Hp1 in graph: UpdateWidgetHP in object: BP_Player with description: Accessed None trying to read property Widget
[2017.07.28-13.07.48:294][680]PIE:Error: Error Blueprint Runtime Error: Attempted to assign to None from function: 'UpdateWidgetHP' from node: Set Hp1 in graph: UpdateWidgetHP in object: BP_Player with description: Attempted to assign to None
[2017.07.28-13.07.48:294][680]PIE:Error: Error Blueprint Runtime Error: Accessed None trying to read property Widget from function: 'UpdateWidgetHP' from node: Print String in graph: UpdateWidgetHP in object: BP_Player with description: Accessed None trying to read property Widget
[2017.07.28-13.07.48:295][680]LogBlueprintUserMessages: [BP_Player_97] 0.0 :1
[2017.07.28-13.07.48:295][680]PIE:Error: Error Blueprint Runtime Error: Accessed None trying to read property Widget from function: 'UpdateWigetItem' from node: Set Icons_player_1 in graph: UpdateWigetItem in object: BP_Player with description: Accessed None trying to read property Widget
[2017.07.28-13.07.48:295][680]PIE:Error: Error Blueprint Runtime Error: Attempted to assign to None from function: 'UpdateWigetItem' from node: Set Icons_player_1 in graph: UpdateWigetItem in object: BP_Player with description: Attempted to assign to None
[2017.07.28-13.07.48:296][680]PIE: Info Play in editor start time for /Game/Level/UEDPIE_0_BattleMap 0.143
[2017.07.28-13.07.49:206][760]LogBlueprintUserMessages: [BP_Player_97] Succcesd
[2017.07.28-13.07.49:206][760]LogBlueprintUserMessages: [BP_Player_97] 0.909091 :1
[2017.07.28-13.07.49:206][760]LogBlueprintUserMessages: [BP_Player_97] HIT!
[2017.07.28-13.07.50:199][845]LogBlueprintUserMessages: [BP_Player2] Succcesd
[2017.07.28-13.07.50:199][845]LogBlueprintUserMessages: [BP_Player2] 0.909091 :2
[2017.07.28-13.07.50:200][845]LogBlueprintUserMessages: [BP_Player2] HIT!
[2017.07.28-13.07.51:322][944]LogBlueprintUserMessages: [BP_Player_97] Succcesd
[2017.07.28-13.07.51:322][944]LogBlueprintUserMessages: [BP_Player_97] 0.818182 :1
[2017.07.28-13.07.51:322][944]LogBlueprintUserMessages: [BP_Player_97] HIT!
[2017.07.28-13.07.52:317][ 31]LogBlueprintUserMessages: [BP_Player2] Succcesd
[2017.07.28-13.07.52:317][ 31]LogBlueprintUserMessages: [BP_Player2] 0.818182 :2
[2017.07.28-13.07.52:317][ 31]LogBlueprintUserMessages: [BP_Player2] HIT!
[2017.07.28-13.07.53:320][118]LogBlueprintUserMessages: [BP_Player_97] Succcesd
[2017.07.28-13.07.53:320][118]LogBlueprintUserMessages: [BP_Player_97] 0.727273 :1
[2017.07.28-13.07.53:320][118]LogBlueprintUserMessages: [BP_Player_97] HIT!
[2017.07.28-13.07.54:432][214]LogBlueprintUserMessages: [BP_Player2] Succcesd
[2017.07.28-13.07.54:433][214]LogBlueprintUserMessages: [BP_Player2] 0.727273 :2
[2017.07.28-13.07.54:433][214]LogBlueprintUserMessages: [BP_Player2] HIT!
[2017.07.28-13.07.54:736][240]Cmd: SELECT NONE
[2017.07.28-13.07.55:441][303]LogBlueprintUserMessages: [BP_Player_97] Succcesd
[2017.07.28-13.07.55:441][303]LogBlueprintUserMessages: [BP_Player_97] 0.636364 :1
[2017.07.28-13.07.55:441][303]LogBlueprintUserMessages: [BP_Player_97] HIT!
[2017.07.28-13.07.56:400][391]Cmd: SELECT NONE
[2017.07.28-13.07.56:553][404]LogBlueprintUserMessages: [BP_Player2] Succcesd
[2017.07.28-13.07.56:553][404]LogBlueprintUserMessages: [BP_Player2] 0.636364 :2
[2017.07.28-13.07.56:553][404]LogBlueprintUserMessages: [BP_Player2] HIT!
[2017.07.28-13.07.56:694][417]Cmd: SELECT NONE
[2017.07.28-13.08.04:000][959]LogTemp: Repeting last play command: Selected Viewport
[2017.07.28-13.08.04:016][959]LogPlayLevel: PlayLevel: No blueprints needed recompiling
[2017.07.28-13.08.04:016][959]PIE: New page: PIE session: BattleMap (Jul 28, 2017, 7:08:04 PM)
[2017.07.28-13.08.04:016][959]LogPlayLevel: Creating play world package: /Game/Level/UEDPIE_0_BattleMap
[2017.07.28-13.08.04:019][959]LogPlayLevel: PIE: StaticDuplicateObject took: (0.002436s)
[2017.07.28-13.08.04:020][959]LogAIModule: Creating AISystem for world BattleMap
[2017.07.28-13.08.04:020][959]LogPlayLevel: PIE: World Init took: (0.001558s)
[2017.07.28-13.08.04:021][959]LogPlayLevel: PIE: Created PIE world by copying editor world from /Game/Level/BattleMap.BattleMap to /Game/Level/UEDPIE_0_BattleMap.BattleMap (0.004225s)
[2017.07.28-13.08.04:051][959]LogInit: XAudio2 using 'Динамики (Realtek High Definition Audio)' : 2 channels at 48 kHz using 32 bits per sample (channel mask 0x3)
[2017.07.28-13.08.04:060][959]LogInit: FAudioDevice initialized.
[2017.07.28-13.08.04:091][959]LogLoad: Game class is 'BattleGameMode_C'
[2017.07.28-13.08.04:092][959]LogWorld: Bringing World /Game/Level/UEDPIE_0_BattleMap.BattleMap up for play (max tick rate 0) at 2017.07.28-16.08.04
[2017.07.28-13.08.04:092][959]LogWorld: Bringing up level for play took: 0.001413
[2017.07.28-13.08.04:094][959]LogBlueprintUserMessages: [BP_Player2] Succcesd
[2017.07.28-13.08.04:094][959]LogBlueprintUserMessages: [BP_Player2] 0
[2017.07.28-13.08.04:094][959]LogBlueprintUserMessages: [BP_Player2] 0
[2017.07.28-13.08.04:094][959]LogBlueprintUserMessages: [BP_Player2] 0
[2017.07.28-13.08.04:094][959]LogBlueprintUserMessages: [BP_Player2] 0
[2017.07.28-13.08.04:094][959]LogBlueprintUserMessages: [BP_Player2] 0
[2017.07.28-13.08.04:094][959]LogBlueprintUserMessages: [BP_Player2] Succcesd
[2017.07.28-13.08.04:094][959]PIE:Error: Error Blueprint Runtime Error: Accessed None trying to read property Widget from function: 'UpdateWidgetHP' from node: Set Health_Player2 in graph: UpdateWidgetHP in object: BP_Player with description: Accessed None trying to read property Widget
[2017.07.28-13.08.04:094][959]PIE:Error: Error Blueprint Runtime Error: Attempted to assign to None from function: 'UpdateWidgetHP' from node: Set Health_Player2 in graph: UpdateWidgetHP in object: BP_Player with description: Attempted to assign to None
[2017.07.28-13.08.04:094][959]PIE:Error: Error Blueprint Runtime Error: Accessed None trying to read property Widget from function: 'UpdateWidgetHP' from node: Set Hp2 in graph: UpdateWidgetHP in object: BP_Player with description: Accessed None trying to read property Widget
[2017.07.28-13.08.04:094][959]PIE:Error: Error Blueprint Runtime Error: Attempted to assign to None from function: 'UpdateWidgetHP' from node: Set Hp2 in graph: UpdateWidgetHP in object: BP_Player with description: Attempted to assign to None
[2017.07.28-13.08.04:095][959]PIE:Error: Error Blueprint Runtime Error: Accessed None trying to read property Widget from function: 'UpdateWidgetHP' from node: Print String in graph: UpdateWidgetHP in object: BP_Player with description: Accessed None trying to read property Widget
[2017.07.28-13.08.04:095][959]LogBlueprintUserMessages: [BP_Player2] 0.0 :2
[2017.07.28-13.08.04:095][959]PIE:Error: Error Blueprint Runtime Error: Accessed None trying to read property Widget from function: 'UpdateWigetItem' from node: Set Icons_player_2 in graph: UpdateWigetItem in object: BP_Player with description: Accessed None trying to read property Widget
[2017.07.28-13.08.04:095][959]PIE:Error: Error Blueprint Runtime Error: Attempted to assign to None from function: 'UpdateWigetItem' from node: Set Icons_player_2 in graph: UpdateWigetItem in object: BP_Player with description: Attempted to assign to None
[2017.07.28-13.08.04:095][959]LogBlueprintUserMessages: [BP_Player_97] Succcesd
[2017.07.28-13.08.04:095][959]LogBlueprintUserMessages: [BP_Player_97] 5
[2017.07.28-13.08.04:095][959]LogBlueprintUserMessages: [BP_Player_97] 5
[2017.07.28-13.08.04:095][959]LogBlueprintUserMessages: [BP_Player_97] 5
[2017.07.28-13.08.04:095][959]LogBlueprintUserMessages: [BP_Player_97] 5
[2017.07.28-13.08.04:095][959]LogBlueprintUserMessages: [BP_Player_97] 5
[2017.07.28-13.08.04:095][959]LogBlueprintUserMessages: [BP_Player_97] Succcesd
[2017.07.28-13.08.04:095][959]PIE:Error: Error Blueprint Runtime Error: Accessed None trying to read property Widget from function: 'UpdateWidgetHP' from node: Set Health_Player1 in graph: UpdateWidgetHP in object: BP_Player with description: Accessed None trying to read property Widget
[2017.07.28-13.08.04:095][959]PIE:Error: Error Blueprint Runtime Error: Attempted to assign to None from function: 'UpdateWidgetHP' from node: Set Health_Player1 in graph: UpdateWidgetHP in object: BP_Player with description: Attempted to assign to None
[2017.07.28-13.08.04:095][959]PIE:Error: Error Blueprint Runtime Error: Accessed None trying to read property Widget from function: 'UpdateWidgetHP' from node: Set Hp1 in graph: UpdateWidgetHP in object: BP_Player with description: Accessed None trying to read property Widget
[2017.07.28-13.08.04:096][959]PIE:Error: Error Blueprint Runtime Error: Attempted to assign to None from function: 'UpdateWidgetHP' from node: Set Hp1 in graph: UpdateWidgetHP in object: BP_Player with description: Attempted to assign to None
[2017.07.28-13.08.04:096][959]PIE:Error: Error Blueprint Runtime Error: Accessed None trying to read property Widget from function: 'UpdateWidgetHP' from node: Print String in graph: UpdateWidgetHP in object: BP_Player with description: Accessed None trying to read property Widget
[2017.07.28-13.08.04:096][959]LogBlueprintUserMessages: [BP_Player_97] 0.0 :1
[2017.07.28-13.08.04:096][959]PIE:Error: Error Blueprint Runtime Error: Accessed None trying to read property Widget from function: 'UpdateWigetItem' from node: Set Icons_player_1 in graph: UpdateWigetItem in object: BP_Player with description: Accessed None trying to read property Widget
[2017.07.28-13.08.04:096][959]PIE:Error: Error Blueprint Runtime Error: Attempted to assign to None from function: 'UpdateWigetItem' from node: Set Icons_player_1 in graph: UpdateWigetItem in object: BP_Player with description: Attempted to assign to None
[2017.07.28-13.08.04:097][959]PIE: Info Play in editor start time for /Game/Level/UEDPIE_0_BattleMap -0.056
[2017.07.28-13.08.05:001][ 39]LogBlueprintUserMessages: [BP_Player_97] Succcesd
[2017.07.28-13.08.05:001][ 39]LogBlueprintUserMessages: [BP_Player_97] 0.954545 :1
[2017.07.28-13.08.05:001][ 39]LogBlueprintUserMessages: [BP_Player_97] HIT!
[2017.07.28-13.08.05:996][127]LogBlueprintUserMessages: [BP_Player2] Succcesd
[2017.07.28-13.08.05:996][127]LogBlueprintUserMessages: [BP_Player2] 0.909091 :2
[2017.07.28-13.08.05:997][127]LogBlueprintUserMessages: [BP_Player2] HIT!
[2017.07.28-13.08.07:002][218]LogBlueprintUserMessages: [BP_Player_97] Succcesd
[2017.07.28-13.08.07:002][218]LogBlueprintUserMessages: [BP_Player_97] 0.909091 :1
[2017.07.28-13.08.07:002][218]LogBlueprintUserMessages: [BP_Player_97] HIT!
[2017.07.28-13.08.08:002][310]LogBlueprintUserMessages: [BP_Player2] Succcesd
[2017.07.28-13.08.08:002][310]LogBlueprintUserMessages: [BP_Player2] 0.818182 :2
[2017.07.28-13.08.08:003][310]LogBlueprintUserMessages: [BP_Player2] HIT!
[2017.07.28-13.08.09:009][403]LogBlueprintUserMessages: [BP_Player_97] Succcesd
[2017.07.28-13.08.09:009][403]LogBlueprintUserMessages: [BP_Player_97] 0.863636 :1
[2017.07.28-13.08.09:009][403]LogBlueprintUserMessages: [BP_Player_97] HIT!
[2017.07.28-13.08.09:999][494]LogBlueprintUserMessages: [BP_Player2] Succcesd
[2017.07.28-13.08.09:999][494]LogBlueprintUserMessages: [BP_Player2] 0.727273 :2
[2017.07.28-13.08.09:999][494]LogBlueprintUserMessages: [BP_Player2] HIT!
[2017.07.28-13.08.11:002][586]LogBlueprintUserMessages: [BP_Player_97] Succcesd
[2017.07.28-13.08.11:003][586]LogBlueprintUserMessages: [BP_Player_97] 0.818182 :1
[2017.07.28-13.08.11:003][586]LogBlueprintUserMessages: [BP_Player_97] HIT!
[2017.07.28-13.08.12:109][685]LogBlueprintUserMessages: [BP_Player2] Succcesd
[2017.07.28-13.08.12:109][685]LogBlueprintUserMessages: [BP_Player2] 0.636364 :2
[2017.07.28-13.08.12:109][685]LogBlueprintUserMessages: [BP_Player2] HIT!
[2017.07.28-13.08.13:115][777]LogBlueprintUserMessages: [BP_Player_97] Succcesd
[2017.07.28-13.08.13:115][777]LogBlueprintUserMessages: [BP_Player_97] 0.772727 :1
[2017.07.28-13.08.13:115][777]LogBlueprintUserMessages: [BP_Player_97] HIT!
[2017.07.28-13.08.14:231][877]LogBlueprintUserMessages: [BP_Player2] Succcesd
[2017.07.28-13.08.14:231][877]LogBlueprintUserMessages: [BP_Player2] 0.545455 :2
[2017.07.28-13.08.14:231][877]LogBlueprintUserMessages: [BP_Player2] HIT!
[2017.07.28-13.08.15:360][981]LogBlueprintUserMessages: [BP_Player_97] Succcesd
[2017.07.28-13.08.15:360][981]LogBlueprintUserMessages: [BP_Player_97] 0.727273 :1
[2017.07.28-13.08.15:360][981]LogBlueprintUserMessages: [BP_Player_97] HIT!
[2017.07.28-13.08.16:462][ 83]LogBlueprintUserMessages: [BP_Player2] Succcesd
[2017.07.28-13.08.16:462][ 83]LogBlueprintUserMessages: [BP_Player2] 0.454545 :2
[2017.07.28-13.08.16:462][ 83]LogBlueprintUserMessages: [BP_Player2] HIT!
[2017.07.28-13.08.17:471][102]LogBlueprintUserMessages: [BP_Player_97] Succcesd
[2017.07.28-13.08.17:471][102]LogBlueprintUserMessages: [BP_Player_97] 0.681818 :1
[2017.07.28-13.08.17:471][102]LogBlueprintUserMessages: [BP_Player_97] HIT!
[2017.07.28-13.08.20:035][228]Cmd: OBJ SAVEPACKAGE PACKAGE="/Game/BP/Char_BP/BP_Player" FILE="C:/Users/Tik/Documents/GitHub/Tower-Battle/UnrealProject/TB/Content/BP/Char_BP/BP_Player.uasset" SILENT=true
[2017.07.28-13.08.20:333][228]LogSavePackage: Save=280.55ms
[2017.07.28-13.08.20:333][228]LogSavePackage: Moving 'C:/Users/Tik/Documents/GitHub/Tower-Battle/UnrealProject/TB/Saved/BP_Player19696ADA4A7F4CE5226C278F690C1AC5.tmp' to 'C:/Users/Tik/Documents/GitHub/Tower-Battle/UnrealProject/TB/Content/BP/Char_BP/BP_Player.uasset'
[2017.07.28-13.08.20:336][228]LogSavePackage:Display: Finished SavePackage C:/Users/Tik/Documents/GitHub/Tower-Battle/UnrealProject/TB/Content/BP/Char_BP/BP_Player.uasset
[2017.07.28-13.08.22:264][339]LogEditorViewport: Clicking on Actor (LMB): BP_Player_C (BP_Player2)
[2017.07.28-13.08.23:557][433]LogEditorViewport: Clicking on Actor (LMB): BP_Player_C (BP_Player)
[2017.07.28-13.09.11:173][645]Cmd: OBJ SAVEPACKAGE PACKAGE="/Game/BP/Char_BP/BP_Player" FILE="C:/Users/Tik/Documents/GitHub/Tower-Battle/UnrealProject/TB/Content/BP/Char_BP/BP_Player.uasset" SILENT=true
[2017.07.28-13.09.11:494][645]LogSavePackage: Save=305.18ms
[2017.07.28-13.09.11:494][645]LogSavePackage: Moving 'C:/Users/Tik/Documents/GitHub/Tower-Battle/UnrealProject/TB/Saved/BP_Player4E60BEE44F3DCAE6B23AD683EAFCEC01.tmp' to 'C:/Users/Tik/Documents/GitHub/Tower-Battle/UnrealProject/TB/Content/BP/Char_BP/BP_Player.uasset'
[2017.07.28-13.09.11:496][645]LogSavePackage:Display: Finished SavePackage C:/Users/Tik/Documents/GitHub/Tower-Battle/UnrealProject/TB/Content/BP/Char_BP/BP_Player.uasset
[2017.07.28-13.10.17:952][760]BlueprintLog: New page: Compile BP_Player
[2017.07.28-13.10.19:516][767]Cmd: OBJ SAVEPACKAGE PACKAGE="/Game/BP/Char_BP/BP_Player" FILE="C:/Users/Tik/Documents/GitHub/Tower-Battle/UnrealProject/TB/Content/BP/Char_BP/BP_Player.uasset" SILENT=true
[2017.07.28-13.10.19:821][767]LogSavePackage: Save=290.50ms
[2017.07.28-13.10.19:821][767]LogSavePackage: Moving 'C:/Users/Tik/Documents/GitHub/Tower-Battle/UnrealProject/TB/Saved/BP_Player92C0134247CB658E62B911AF854162B6.tmp' to 'C:/Users/Tik/Documents/GitHub/Tower-Battle/UnrealProject/TB/Content/BP/Char_BP/BP_Player.uasset'
[2017.07.28-13.10.19:825][767]LogSavePackage:Display: Finished SavePackage C:/Users/Tik/Documents/GitHub/Tower-Battle/UnrealProject/TB/Content/BP/Char_BP/BP_Player.uasset
[2017.07.28-13.10.22:651][923]Cmd: OBJ SAVEPACKAGE PACKAGE="/Game/Level/BattleMap" FILE="C:/Users/Tik/Documents/GitHub/Tower-Battle/UnrealProject/TB/Content/Level/BattleMap.umap" SILENT=true AUTOSAVING=false KEEPDIRTY=false
[2017.07.28-13.10.22:747][923]LogSavePackage: Save=56.27ms
[2017.07.28-13.10.22:747][923]LogSavePackage: Moving 'C:/Users/Tik/Documents/GitHub/Tower-Battle/UnrealProject/TB/Saved/BattleMap913BE73944EA07C4DA3CE6B7D91ACA58.tmp' to 'C:/Users/Tik/Documents/GitHub/Tower-Battle/UnrealProject/TB/Content/Level/BattleMap.umap'
[2017.07.28-13.10.22:749][923]LogSavePackage:Display: Finished SavePackage C:/Users/Tik/Documents/GitHub/Tower-Battle/UnrealProject/TB/Content/Level/BattleMap.umap
[2017.07.28-13.10.22:791][923]Cmd: OBJ SAVEPACKAGE PACKAGE="/Game/Level/BattleMap_BuiltData" FILE="C:/Users/Tik/Documents/GitHub/Tower-Battle/UnrealProject/TB/Content/Level/BattleMap_BuiltData.uasset" SILENT=true
[2017.07.28-13.10.22:918][923]LogSavePackage: Save=115.54ms
[2017.07.28-13.10.22:918][923]LogSavePackage: Moving 'C:/Users/Tik/Documents/GitHub/Tower-Battle/UnrealProject/TB/Saved/BattleMap_BuiltData8C0B11A34FCF2FD497B142A433BFF500.tmp' to 'C:/Users/Tik/Documents/GitHub/Tower-Battle/UnrealProject/TB/Content/Level/BattleMap_BuiltData.uasset'
[2017.07.28-13.10.22:920][923]LogSavePackage:Display: Finished SavePackage C:/Users/Tik/Documents/GitHub/Tower-Battle/UnrealProject/TB/Content/Level/BattleMap_BuiltData.uasset
